<html>
<head>
<title>TestNG:  Command line test</title>
<link href="../testng.css" rel="stylesheet" type="text/css" />
<link href="../my-testng.css" rel="stylesheet" type="text/css" />

<style type="text/css">
.log { display: none;} 
.stack-trace { display: none;} 
</style>
<script type="text/javascript">
<!--
function flip(e) {
  current = e.style.display;
  if (current == 'block') {
    e.style.display = 'none';
    return 0;
  }
  else {
    e.style.display = 'block';
    return 1;
  }
}

function toggleBox(szDivId, elem, msg1, msg2)
{
  var res = -1;  if (document.getElementById) {
    res = flip(document.getElementById(szDivId));
  }
  else if (document.all) {
    // this is the way old msie versions work
    res = flip(document.all[szDivId]);
  }
  if(elem) {
    if(res == 0) elem.innerHTML = msg1; else elem.innerHTML = msg2;
  }

}

function toggleAllBoxes() {
  if (document.getElementsByTagName) {
    d = document.getElementsByTagName('div');
    for (i = 0; i < d.length; i++) {
      if (d[i].className == 'log') {
        flip(d[i]);
      }
    }
  }
}

// -->
</script>

</head>
<body>
<h2 align='center'>Command line test</h2><table border='1' align="center">
<tr>
<td>Tests passed/Failed/Skipped:</td><td>226/0/0</td>
</tr><tr>
<td>Started on:</td><td>Sun Jan 03 15:58:22 CST 2016</td>
</tr>
<tr><td>Total time:</td><td>1 seconds (1328 ms)</td>
</tr><tr>
<td>Included groups:</td><td></td>
</tr><tr>
<td>Excluded groups:</td><td></td>
</tr>
</table><p/>
<small><i>(Hover the method name to see the test class name)</i></small><p/>
<table width='100%' border='1' class='invocation-passed'>
<tr><td colspan='4' align='center'><b>PASSED TESTS</b></td></tr>
<tr><td><b>Test method</b></td>
<td width="30%"><b>Exception</b></td>
<td width="10%"><b>Time (seconds)</b></td>
<td><b>Instance</b></td>
</tr>
<tr>
<td title='storm.starter.tools.RankableObjectWithFieldsTest.constructorWithNegativeCountAndFieldsShouldThrowIAE()'><b>constructorWithNegativeCountAndFieldsShouldThrowIAE</b><br>Test class: storm.starter.tools.RankableObjectWithFieldsTest</td>
<td><div><pre>java.lang.IllegalArgumentException: The count must be &gt;= 0
	at storm.starter.tools.RankableObjectWithFields.&lt;init&gt;(RankableObjectWithFields.java:29)
	at storm.starter.tools.RankableObjectWithFieldsTest.constructorWithNegativeCountAndFieldsShouldThrowIAE(RankableObjectWithFieldsTest.java:44)
... Removed 34 stack frames</pre></div><a href='#' onClick='toggleBox("stack-trace306612792", this, "Click to show all stack frames", "Click to hide stack frames")'>Click to show all stack frames</a>
<div class='stack-trace' id='stack-trace306612792'><pre>java.lang.IllegalArgumentException: The count must be &gt;= 0
	at storm.starter.tools.RankableObjectWithFields.&lt;init&gt;(RankableObjectWithFields.java:29)
	at storm.starter.tools.RankableObjectWithFieldsTest.constructorWithNegativeCountAndFieldsShouldThrowIAE(RankableObjectWithFieldsTest.java:44)
	at sun.reflect.NativeMethodAccessorImpl.invoke0(Native Method)
	at sun.reflect.NativeMethodAccessorImpl.invoke(NativeMethodAccessorImpl.java:62)
	at sun.reflect.DelegatingMethodAccessorImpl.invoke(DelegatingMethodAccessorImpl.java:43)
	at java.lang.reflect.Method.invoke(Method.java:483)
	at org.testng.internal.MethodInvocationHelper.invokeMethod(MethodInvocationHelper.java:84)
	at org.testng.internal.Invoker.invokeMethod(Invoker.java:714)
	at org.testng.internal.Invoker.invokeTestMethod(Invoker.java:901)
	at org.testng.internal.Invoker.invokeTestMethods(Invoker.java:1231)
	at org.testng.internal.TestMethodWorker.invokeTestMethods(TestMethodWorker.java:127)
	at org.testng.internal.TestMethodWorker.run(TestMethodWorker.java:111)
	at org.testng.TestRunner.privateRun(TestRunner.java:767)
	at org.testng.TestRunner.run(TestRunner.java:617)
	at org.testng.SuiteRunner.runTest(SuiteRunner.java:334)
	at org.testng.SuiteRunner.runSequentially(SuiteRunner.java:329)
	at org.testng.SuiteRunner.privateRun(SuiteRunner.java:291)
	at org.testng.SuiteRunner.run(SuiteRunner.java:240)
	at org.testng.SuiteRunnerWorker.runSuite(SuiteRunnerWorker.java:52)
	at org.testng.SuiteRunnerWorker.run(SuiteRunnerWorker.java:86)
	at org.testng.TestNG.runSuitesSequentially(TestNG.java:1224)
	at org.testng.TestNG.runSuitesLocally(TestNG.java:1149)
	at org.testng.TestNG.run(TestNG.java:1057)
	at org.apache.maven.surefire.testng.TestNGExecutor.run(TestNGExecutor.java:77)
	at org.apache.maven.surefire.testng.TestNGDirectoryTestSuite.executeMulti(TestNGDirectoryTestSuite.java:159)
	at org.apache.maven.surefire.testng.TestNGDirectoryTestSuite.execute(TestNGDirectoryTestSuite.java:99)
	at org.apache.maven.surefire.testng.TestNGProvider.invoke(TestNGProvider.java:106)
	at sun.reflect.NativeMethodAccessorImpl.invoke0(Native Method)
	at sun.reflect.NativeMethodAccessorImpl.invoke(NativeMethodAccessorImpl.java:62)
	at sun.reflect.DelegatingMethodAccessorImpl.invoke(DelegatingMethodAccessorImpl.java:43)
	at java.lang.reflect.Method.invoke(Method.java:483)
	at org.apache.maven.surefire.util.ReflectionUtils.invokeMethodWithArray(ReflectionUtils.java:189)
	at org.apache.maven.surefire.booter.ProviderFactory$ProviderProxy.invoke(ProviderFactory.java:165)
	at org.apache.maven.surefire.booter.ProviderFactory.invokeProvider(ProviderFactory.java:85)
	at org.apache.maven.surefire.booter.ForkedBooter.runSuitesInProcess(ForkedBooter.java:115)
	at org.apache.maven.surefire.booter.ForkedBooter.main(ForkedBooter.java:75)
</pre></div></td>
<td>0</td>
<td>storm.starter.tools.RankableObjectWithFieldsTest@32d992b2</td></tr>
<tr>
<td title='storm.starter.tools.RankableObjectWithFieldsTest.constructorWithNegativeCountAndNoFieldsShouldThrowIAE()'><b>constructorWithNegativeCountAndNoFieldsShouldThrowIAE</b><br>Test class: storm.starter.tools.RankableObjectWithFieldsTest</td>
<td><div><pre>java.lang.IllegalArgumentException: The count must be &gt;= 0
	at storm.starter.tools.RankableObjectWithFields.&lt;init&gt;(RankableObjectWithFields.java:29)
	at storm.starter.tools.RankableObjectWithFieldsTest.constructorWithNegativeCountAndNoFieldsShouldThrowIAE(RankableObjectWithFieldsTest.java:38)
... Removed 34 stack frames</pre></div><a href='#' onClick='toggleBox("stack-trace447212746", this, "Click to show all stack frames", "Click to hide stack frames")'>Click to show all stack frames</a>
<div class='stack-trace' id='stack-trace447212746'><pre>java.lang.IllegalArgumentException: The count must be &gt;= 0
	at storm.starter.tools.RankableObjectWithFields.&lt;init&gt;(RankableObjectWithFields.java:29)
	at storm.starter.tools.RankableObjectWithFieldsTest.constructorWithNegativeCountAndNoFieldsShouldThrowIAE(RankableObjectWithFieldsTest.java:38)
	at sun.reflect.NativeMethodAccessorImpl.invoke0(Native Method)
	at sun.reflect.NativeMethodAccessorImpl.invoke(NativeMethodAccessorImpl.java:62)
	at sun.reflect.DelegatingMethodAccessorImpl.invoke(DelegatingMethodAccessorImpl.java:43)
	at java.lang.reflect.Method.invoke(Method.java:483)
	at org.testng.internal.MethodInvocationHelper.invokeMethod(MethodInvocationHelper.java:84)
	at org.testng.internal.Invoker.invokeMethod(Invoker.java:714)
	at org.testng.internal.Invoker.invokeTestMethod(Invoker.java:901)
	at org.testng.internal.Invoker.invokeTestMethods(Invoker.java:1231)
	at org.testng.internal.TestMethodWorker.invokeTestMethods(TestMethodWorker.java:127)
	at org.testng.internal.TestMethodWorker.run(TestMethodWorker.java:111)
	at org.testng.TestRunner.privateRun(TestRunner.java:767)
	at org.testng.TestRunner.run(TestRunner.java:617)
	at org.testng.SuiteRunner.runTest(SuiteRunner.java:334)
	at org.testng.SuiteRunner.runSequentially(SuiteRunner.java:329)
	at org.testng.SuiteRunner.privateRun(SuiteRunner.java:291)
	at org.testng.SuiteRunner.run(SuiteRunner.java:240)
	at org.testng.SuiteRunnerWorker.runSuite(SuiteRunnerWorker.java:52)
	at org.testng.SuiteRunnerWorker.run(SuiteRunnerWorker.java:86)
	at org.testng.TestNG.runSuitesSequentially(TestNG.java:1224)
	at org.testng.TestNG.runSuitesLocally(TestNG.java:1149)
	at org.testng.TestNG.run(TestNG.java:1057)
	at org.apache.maven.surefire.testng.TestNGExecutor.run(TestNGExecutor.java:77)
	at org.apache.maven.surefire.testng.TestNGDirectoryTestSuite.executeMulti(TestNGDirectoryTestSuite.java:159)
	at org.apache.maven.surefire.testng.TestNGDirectoryTestSuite.execute(TestNGDirectoryTestSuite.java:99)
	at org.apache.maven.surefire.testng.TestNGProvider.invoke(TestNGProvider.java:106)
	at sun.reflect.NativeMethodAccessorImpl.invoke0(Native Method)
	at sun.reflect.NativeMethodAccessorImpl.invoke(NativeMethodAccessorImpl.java:62)
	at sun.reflect.DelegatingMethodAccessorImpl.invoke(DelegatingMethodAccessorImpl.java:43)
	at java.lang.reflect.Method.invoke(Method.java:483)
	at org.apache.maven.surefire.util.ReflectionUtils.invokeMethodWithArray(ReflectionUtils.java:189)
	at org.apache.maven.surefire.booter.ProviderFactory$ProviderProxy.invoke(ProviderFactory.java:165)
	at org.apache.maven.surefire.booter.ProviderFactory.invokeProvider(ProviderFactory.java:85)
	at org.apache.maven.surefire.booter.ForkedBooter.runSuitesInProcess(ForkedBooter.java:115)
	at org.apache.maven.surefire.booter.ForkedBooter.main(ForkedBooter.java:75)
</pre></div></td>
<td>0</td>
<td>storm.starter.tools.RankableObjectWithFieldsTest@32d992b2</td></tr>
<tr>
<td title='storm.starter.tools.RankingsTest.constructorWithNegativeOrZeroTopNShouldThrowIAE()'><b>constructorWithNegativeOrZeroTopNShouldThrowIAE</b><br>Test class: storm.starter.tools.RankingsTest<br>Parameters: 0</td>
<td><div><pre>java.lang.IllegalArgumentException: topN must be &gt;= 1
	at storm.starter.tools.Rankings.&lt;init&gt;(Rankings.java:24)
	at storm.starter.tools.RankingsTest.constructorWithNegativeOrZeroTopNShouldThrowIAE(RankingsTest.java:35)
... Removed 34 stack frames</pre></div><a href='#' onClick='toggleBox("stack-trace1334042472", this, "Click to show all stack frames", "Click to hide stack frames")'>Click to show all stack frames</a>
<div class='stack-trace' id='stack-trace1334042472'><pre>java.lang.IllegalArgumentException: topN must be &gt;= 1
	at storm.starter.tools.Rankings.&lt;init&gt;(Rankings.java:24)
	at storm.starter.tools.RankingsTest.constructorWithNegativeOrZeroTopNShouldThrowIAE(RankingsTest.java:35)
	at sun.reflect.NativeMethodAccessorImpl.invoke0(Native Method)
	at sun.reflect.NativeMethodAccessorImpl.invoke(NativeMethodAccessorImpl.java:62)
	at sun.reflect.DelegatingMethodAccessorImpl.invoke(DelegatingMethodAccessorImpl.java:43)
	at java.lang.reflect.Method.invoke(Method.java:483)
	at org.testng.internal.MethodInvocationHelper.invokeMethod(MethodInvocationHelper.java:84)
	at org.testng.internal.Invoker.invokeMethod(Invoker.java:714)
	at org.testng.internal.Invoker.invokeTestMethod(Invoker.java:901)
	at org.testng.internal.Invoker.invokeTestMethods(Invoker.java:1231)
	at org.testng.internal.TestMethodWorker.invokeTestMethods(TestMethodWorker.java:127)
	at org.testng.internal.TestMethodWorker.run(TestMethodWorker.java:111)
	at org.testng.TestRunner.privateRun(TestRunner.java:767)
	at org.testng.TestRunner.run(TestRunner.java:617)
	at org.testng.SuiteRunner.runTest(SuiteRunner.java:334)
	at org.testng.SuiteRunner.runSequentially(SuiteRunner.java:329)
	at org.testng.SuiteRunner.privateRun(SuiteRunner.java:291)
	at org.testng.SuiteRunner.run(SuiteRunner.java:240)
	at org.testng.SuiteRunnerWorker.runSuite(SuiteRunnerWorker.java:52)
	at org.testng.SuiteRunnerWorker.run(SuiteRunnerWorker.java:86)
	at org.testng.TestNG.runSuitesSequentially(TestNG.java:1224)
	at org.testng.TestNG.runSuitesLocally(TestNG.java:1149)
	at org.testng.TestNG.run(TestNG.java:1057)
	at org.apache.maven.surefire.testng.TestNGExecutor.run(TestNGExecutor.java:77)
	at org.apache.maven.surefire.testng.TestNGDirectoryTestSuite.executeMulti(TestNGDirectoryTestSuite.java:159)
	at org.apache.maven.surefire.testng.TestNGDirectoryTestSuite.execute(TestNGDirectoryTestSuite.java:99)
	at org.apache.maven.surefire.testng.TestNGProvider.invoke(TestNGProvider.java:106)
	at sun.reflect.NativeMethodAccessorImpl.invoke0(Native Method)
	at sun.reflect.NativeMethodAccessorImpl.invoke(NativeMethodAccessorImpl.java:62)
	at sun.reflect.DelegatingMethodAccessorImpl.invoke(DelegatingMethodAccessorImpl.java:43)
	at java.lang.reflect.Method.invoke(Method.java:483)
	at org.apache.maven.surefire.util.ReflectionUtils.invokeMethodWithArray(ReflectionUtils.java:189)
	at org.apache.maven.surefire.booter.ProviderFactory$ProviderProxy.invoke(ProviderFactory.java:165)
	at org.apache.maven.surefire.booter.ProviderFactory.invokeProvider(ProviderFactory.java:85)
	at org.apache.maven.surefire.booter.ForkedBooter.runSuitesInProcess(ForkedBooter.java:115)
	at org.apache.maven.surefire.booter.ForkedBooter.main(ForkedBooter.java:75)
</pre></div></td>
<td>0</td>
<td>storm.starter.tools.RankingsTest@5d5eef3d</td></tr>
<tr>
<td title='storm.starter.tools.RankingsTest.constructorWithNegativeOrZeroTopNShouldThrowIAE()'><b>constructorWithNegativeOrZeroTopNShouldThrowIAE</b><br>Test class: storm.starter.tools.RankingsTest<br>Parameters: -1</td>
<td><div><pre>java.lang.IllegalArgumentException: topN must be &gt;= 1
	at storm.starter.tools.Rankings.&lt;init&gt;(Rankings.java:24)
	at storm.starter.tools.RankingsTest.constructorWithNegativeOrZeroTopNShouldThrowIAE(RankingsTest.java:35)
... Removed 34 stack frames</pre></div><a href='#' onClick='toggleBox("stack-trace1827725498", this, "Click to show all stack frames", "Click to hide stack frames")'>Click to show all stack frames</a>
<div class='stack-trace' id='stack-trace1827725498'><pre>java.lang.IllegalArgumentException: topN must be &gt;= 1
	at storm.starter.tools.Rankings.&lt;init&gt;(Rankings.java:24)
	at storm.starter.tools.RankingsTest.constructorWithNegativeOrZeroTopNShouldThrowIAE(RankingsTest.java:35)
	at sun.reflect.NativeMethodAccessorImpl.invoke0(Native Method)
	at sun.reflect.NativeMethodAccessorImpl.invoke(NativeMethodAccessorImpl.java:62)
	at sun.reflect.DelegatingMethodAccessorImpl.invoke(DelegatingMethodAccessorImpl.java:43)
	at java.lang.reflect.Method.invoke(Method.java:483)
	at org.testng.internal.MethodInvocationHelper.invokeMethod(MethodInvocationHelper.java:84)
	at org.testng.internal.Invoker.invokeMethod(Invoker.java:714)
	at org.testng.internal.Invoker.invokeTestMethod(Invoker.java:901)
	at org.testng.internal.Invoker.invokeTestMethods(Invoker.java:1231)
	at org.testng.internal.TestMethodWorker.invokeTestMethods(TestMethodWorker.java:127)
	at org.testng.internal.TestMethodWorker.run(TestMethodWorker.java:111)
	at org.testng.TestRunner.privateRun(TestRunner.java:767)
	at org.testng.TestRunner.run(TestRunner.java:617)
	at org.testng.SuiteRunner.runTest(SuiteRunner.java:334)
	at org.testng.SuiteRunner.runSequentially(SuiteRunner.java:329)
	at org.testng.SuiteRunner.privateRun(SuiteRunner.java:291)
	at org.testng.SuiteRunner.run(SuiteRunner.java:240)
	at org.testng.SuiteRunnerWorker.runSuite(SuiteRunnerWorker.java:52)
	at org.testng.SuiteRunnerWorker.run(SuiteRunnerWorker.java:86)
	at org.testng.TestNG.runSuitesSequentially(TestNG.java:1224)
	at org.testng.TestNG.runSuitesLocally(TestNG.java:1149)
	at org.testng.TestNG.run(TestNG.java:1057)
	at org.apache.maven.surefire.testng.TestNGExecutor.run(TestNGExecutor.java:77)
	at org.apache.maven.surefire.testng.TestNGDirectoryTestSuite.executeMulti(TestNGDirectoryTestSuite.java:159)
	at org.apache.maven.surefire.testng.TestNGDirectoryTestSuite.execute(TestNGDirectoryTestSuite.java:99)
	at org.apache.maven.surefire.testng.TestNGProvider.invoke(TestNGProvider.java:106)
	at sun.reflect.NativeMethodAccessorImpl.invoke0(Native Method)
	at sun.reflect.NativeMethodAccessorImpl.invoke(NativeMethodAccessorImpl.java:62)
	at sun.reflect.DelegatingMethodAccessorImpl.invoke(DelegatingMethodAccessorImpl.java:43)
	at java.lang.reflect.Method.invoke(Method.java:483)
	at org.apache.maven.surefire.util.ReflectionUtils.invokeMethodWithArray(ReflectionUtils.java:189)
	at org.apache.maven.surefire.booter.ProviderFactory$ProviderProxy.invoke(ProviderFactory.java:165)
	at org.apache.maven.surefire.booter.ProviderFactory.invokeProvider(ProviderFactory.java:85)
	at org.apache.maven.surefire.booter.ForkedBooter.runSuitesInProcess(ForkedBooter.java:115)
	at org.apache.maven.surefire.booter.ForkedBooter.main(ForkedBooter.java:75)
</pre></div></td>
<td>0</td>
<td>storm.starter.tools.RankingsTest@5d5eef3d</td></tr>
<tr>
<td title='storm.starter.tools.RankingsTest.constructorWithNegativeOrZeroTopNShouldThrowIAE()'><b>constructorWithNegativeOrZeroTopNShouldThrowIAE</b><br>Test class: storm.starter.tools.RankingsTest<br>Parameters: -2</td>
<td><div><pre>java.lang.IllegalArgumentException: topN must be &gt;= 1
	at storm.starter.tools.Rankings.&lt;init&gt;(Rankings.java:24)
	at storm.starter.tools.RankingsTest.constructorWithNegativeOrZeroTopNShouldThrowIAE(RankingsTest.java:35)
... Removed 34 stack frames</pre></div><a href='#' onClick='toggleBox("stack-trace131635550", this, "Click to show all stack frames", "Click to hide stack frames")'>Click to show all stack frames</a>
<div class='stack-trace' id='stack-trace131635550'><pre>java.lang.IllegalArgumentException: topN must be &gt;= 1
	at storm.starter.tools.Rankings.&lt;init&gt;(Rankings.java:24)
	at storm.starter.tools.RankingsTest.constructorWithNegativeOrZeroTopNShouldThrowIAE(RankingsTest.java:35)
	at sun.reflect.NativeMethodAccessorImpl.invoke0(Native Method)
	at sun.reflect.NativeMethodAccessorImpl.invoke(NativeMethodAccessorImpl.java:62)
	at sun.reflect.DelegatingMethodAccessorImpl.invoke(DelegatingMethodAccessorImpl.java:43)
	at java.lang.reflect.Method.invoke(Method.java:483)
	at org.testng.internal.MethodInvocationHelper.invokeMethod(MethodInvocationHelper.java:84)
	at org.testng.internal.Invoker.invokeMethod(Invoker.java:714)
	at org.testng.internal.Invoker.invokeTestMethod(Invoker.java:901)
	at org.testng.internal.Invoker.invokeTestMethods(Invoker.java:1231)
	at org.testng.internal.TestMethodWorker.invokeTestMethods(TestMethodWorker.java:127)
	at org.testng.internal.TestMethodWorker.run(TestMethodWorker.java:111)
	at org.testng.TestRunner.privateRun(TestRunner.java:767)
	at org.testng.TestRunner.run(TestRunner.java:617)
	at org.testng.SuiteRunner.runTest(SuiteRunner.java:334)
	at org.testng.SuiteRunner.runSequentially(SuiteRunner.java:329)
	at org.testng.SuiteRunner.privateRun(SuiteRunner.java:291)
	at org.testng.SuiteRunner.run(SuiteRunner.java:240)
	at org.testng.SuiteRunnerWorker.runSuite(SuiteRunnerWorker.java:52)
	at org.testng.SuiteRunnerWorker.run(SuiteRunnerWorker.java:86)
	at org.testng.TestNG.runSuitesSequentially(TestNG.java:1224)
	at org.testng.TestNG.runSuitesLocally(TestNG.java:1149)
	at org.testng.TestNG.run(TestNG.java:1057)
	at org.apache.maven.surefire.testng.TestNGExecutor.run(TestNGExecutor.java:77)
	at org.apache.maven.surefire.testng.TestNGDirectoryTestSuite.executeMulti(TestNGDirectoryTestSuite.java:159)
	at org.apache.maven.surefire.testng.TestNGDirectoryTestSuite.execute(TestNGDirectoryTestSuite.java:99)
	at org.apache.maven.surefire.testng.TestNGProvider.invoke(TestNGProvider.java:106)
	at sun.reflect.NativeMethodAccessorImpl.invoke0(Native Method)
	at sun.reflect.NativeMethodAccessorImpl.invoke(NativeMethodAccessorImpl.java:62)
	at sun.reflect.DelegatingMethodAccessorImpl.invoke(DelegatingMethodAccessorImpl.java:43)
	at java.lang.reflect.Method.invoke(Method.java:483)
	at org.apache.maven.surefire.util.ReflectionUtils.invokeMethodWithArray(ReflectionUtils.java:189)
	at org.apache.maven.surefire.booter.ProviderFactory$ProviderProxy.invoke(ProviderFactory.java:165)
	at org.apache.maven.surefire.booter.ProviderFactory.invokeProvider(ProviderFactory.java:85)
	at org.apache.maven.surefire.booter.ForkedBooter.runSuitesInProcess(ForkedBooter.java:115)
	at org.apache.maven.surefire.booter.ForkedBooter.main(ForkedBooter.java:75)
</pre></div></td>
<td>0</td>
<td>storm.starter.tools.RankingsTest@5d5eef3d</td></tr>
<tr>
<td title='storm.starter.tools.RankingsTest.constructorWithNegativeOrZeroTopNShouldThrowIAE()'><b>constructorWithNegativeOrZeroTopNShouldThrowIAE</b><br>Test class: storm.starter.tools.RankingsTest<br>Parameters: -10</td>
<td><div><pre>java.lang.IllegalArgumentException: topN must be &gt;= 1
	at storm.starter.tools.Rankings.&lt;init&gt;(Rankings.java:24)
	at storm.starter.tools.RankingsTest.constructorWithNegativeOrZeroTopNShouldThrowIAE(RankingsTest.java:35)
... Removed 34 stack frames</pre></div><a href='#' onClick='toggleBox("stack-trace319644606", this, "Click to show all stack frames", "Click to hide stack frames")'>Click to show all stack frames</a>
<div class='stack-trace' id='stack-trace319644606'><pre>java.lang.IllegalArgumentException: topN must be &gt;= 1
	at storm.starter.tools.Rankings.&lt;init&gt;(Rankings.java:24)
	at storm.starter.tools.RankingsTest.constructorWithNegativeOrZeroTopNShouldThrowIAE(RankingsTest.java:35)
	at sun.reflect.NativeMethodAccessorImpl.invoke0(Native Method)
	at sun.reflect.NativeMethodAccessorImpl.invoke(NativeMethodAccessorImpl.java:62)
	at sun.reflect.DelegatingMethodAccessorImpl.invoke(DelegatingMethodAccessorImpl.java:43)
	at java.lang.reflect.Method.invoke(Method.java:483)
	at org.testng.internal.MethodInvocationHelper.invokeMethod(MethodInvocationHelper.java:84)
	at org.testng.internal.Invoker.invokeMethod(Invoker.java:714)
	at org.testng.internal.Invoker.invokeTestMethod(Invoker.java:901)
	at org.testng.internal.Invoker.invokeTestMethods(Invoker.java:1231)
	at org.testng.internal.TestMethodWorker.invokeTestMethods(TestMethodWorker.java:127)
	at org.testng.internal.TestMethodWorker.run(TestMethodWorker.java:111)
	at org.testng.TestRunner.privateRun(TestRunner.java:767)
	at org.testng.TestRunner.run(TestRunner.java:617)
	at org.testng.SuiteRunner.runTest(SuiteRunner.java:334)
	at org.testng.SuiteRunner.runSequentially(SuiteRunner.java:329)
	at org.testng.SuiteRunner.privateRun(SuiteRunner.java:291)
	at org.testng.SuiteRunner.run(SuiteRunner.java:240)
	at org.testng.SuiteRunnerWorker.runSuite(SuiteRunnerWorker.java:52)
	at org.testng.SuiteRunnerWorker.run(SuiteRunnerWorker.java:86)
	at org.testng.TestNG.runSuitesSequentially(TestNG.java:1224)
	at org.testng.TestNG.runSuitesLocally(TestNG.java:1149)
	at org.testng.TestNG.run(TestNG.java:1057)
	at org.apache.maven.surefire.testng.TestNGExecutor.run(TestNGExecutor.java:77)
	at org.apache.maven.surefire.testng.TestNGDirectoryTestSuite.executeMulti(TestNGDirectoryTestSuite.java:159)
	at org.apache.maven.surefire.testng.TestNGDirectoryTestSuite.execute(TestNGDirectoryTestSuite.java:99)
	at org.apache.maven.surefire.testng.TestNGProvider.invoke(TestNGProvider.java:106)
	at sun.reflect.NativeMethodAccessorImpl.invoke0(Native Method)
	at sun.reflect.NativeMethodAccessorImpl.invoke(NativeMethodAccessorImpl.java:62)
	at sun.reflect.DelegatingMethodAccessorImpl.invoke(DelegatingMethodAccessorImpl.java:43)
	at java.lang.reflect.Method.invoke(Method.java:483)
	at org.apache.maven.surefire.util.ReflectionUtils.invokeMethodWithArray(ReflectionUtils.java:189)
	at org.apache.maven.surefire.booter.ProviderFactory$ProviderProxy.invoke(ProviderFactory.java:165)
	at org.apache.maven.surefire.booter.ProviderFactory.invokeProvider(ProviderFactory.java:85)
	at org.apache.maven.surefire.booter.ForkedBooter.runSuitesInProcess(ForkedBooter.java:115)
	at org.apache.maven.surefire.booter.ForkedBooter.main(ForkedBooter.java:75)
</pre></div></td>
<td>0</td>
<td>storm.starter.tools.RankingsTest@5d5eef3d</td></tr>
<tr>
<td title='storm.starter.tools.RankableObjectWithFieldsTest.constructorWithNullObjectAndFieldsShouldThrowIAE()'><b>constructorWithNullObjectAndFieldsShouldThrowIAE</b><br>Test class: storm.starter.tools.RankableObjectWithFieldsTest</td>
<td><div><pre>java.lang.IllegalArgumentException: The object must not be null
	at storm.starter.tools.RankableObjectWithFields.&lt;init&gt;(RankableObjectWithFields.java:26)
	at storm.starter.tools.RankableObjectWithFieldsTest.constructorWithNullObjectAndFieldsShouldThrowIAE(RankableObjectWithFieldsTest.java:33)
... Removed 34 stack frames</pre></div><a href='#' onClick='toggleBox("stack-trace1496355635", this, "Click to show all stack frames", "Click to hide stack frames")'>Click to show all stack frames</a>
<div class='stack-trace' id='stack-trace1496355635'><pre>java.lang.IllegalArgumentException: The object must not be null
	at storm.starter.tools.RankableObjectWithFields.&lt;init&gt;(RankableObjectWithFields.java:26)
	at storm.starter.tools.RankableObjectWithFieldsTest.constructorWithNullObjectAndFieldsShouldThrowIAE(RankableObjectWithFieldsTest.java:33)
	at sun.reflect.NativeMethodAccessorImpl.invoke0(Native Method)
	at sun.reflect.NativeMethodAccessorImpl.invoke(NativeMethodAccessorImpl.java:62)
	at sun.reflect.DelegatingMethodAccessorImpl.invoke(DelegatingMethodAccessorImpl.java:43)
	at java.lang.reflect.Method.invoke(Method.java:483)
	at org.testng.internal.MethodInvocationHelper.invokeMethod(MethodInvocationHelper.java:84)
	at org.testng.internal.Invoker.invokeMethod(Invoker.java:714)
	at org.testng.internal.Invoker.invokeTestMethod(Invoker.java:901)
	at org.testng.internal.Invoker.invokeTestMethods(Invoker.java:1231)
	at org.testng.internal.TestMethodWorker.invokeTestMethods(TestMethodWorker.java:127)
	at org.testng.internal.TestMethodWorker.run(TestMethodWorker.java:111)
	at org.testng.TestRunner.privateRun(TestRunner.java:767)
	at org.testng.TestRunner.run(TestRunner.java:617)
	at org.testng.SuiteRunner.runTest(SuiteRunner.java:334)
	at org.testng.SuiteRunner.runSequentially(SuiteRunner.java:329)
	at org.testng.SuiteRunner.privateRun(SuiteRunner.java:291)
	at org.testng.SuiteRunner.run(SuiteRunner.java:240)
	at org.testng.SuiteRunnerWorker.runSuite(SuiteRunnerWorker.java:52)
	at org.testng.SuiteRunnerWorker.run(SuiteRunnerWorker.java:86)
	at org.testng.TestNG.runSuitesSequentially(TestNG.java:1224)
	at org.testng.TestNG.runSuitesLocally(TestNG.java:1149)
	at org.testng.TestNG.run(TestNG.java:1057)
	at org.apache.maven.surefire.testng.TestNGExecutor.run(TestNGExecutor.java:77)
	at org.apache.maven.surefire.testng.TestNGDirectoryTestSuite.executeMulti(TestNGDirectoryTestSuite.java:159)
	at org.apache.maven.surefire.testng.TestNGDirectoryTestSuite.execute(TestNGDirectoryTestSuite.java:99)
	at org.apache.maven.surefire.testng.TestNGProvider.invoke(TestNGProvider.java:106)
	at sun.reflect.NativeMethodAccessorImpl.invoke0(Native Method)
	at sun.reflect.NativeMethodAccessorImpl.invoke(NativeMethodAccessorImpl.java:62)
	at sun.reflect.DelegatingMethodAccessorImpl.invoke(DelegatingMethodAccessorImpl.java:43)
	at java.lang.reflect.Method.invoke(Method.java:483)
	at org.apache.maven.surefire.util.ReflectionUtils.invokeMethodWithArray(ReflectionUtils.java:189)
	at org.apache.maven.surefire.booter.ProviderFactory$ProviderProxy.invoke(ProviderFactory.java:165)
	at org.apache.maven.surefire.booter.ProviderFactory.invokeProvider(ProviderFactory.java:85)
	at org.apache.maven.surefire.booter.ForkedBooter.runSuitesInProcess(ForkedBooter.java:115)
	at org.apache.maven.surefire.booter.ForkedBooter.main(ForkedBooter.java:75)
</pre></div></td>
<td>0</td>
<td>storm.starter.tools.RankableObjectWithFieldsTest@32d992b2</td></tr>
<tr>
<td title='storm.starter.tools.RankableObjectWithFieldsTest.constructorWithNullObjectAndNoFieldsShouldThrowIAE()'><b>constructorWithNullObjectAndNoFieldsShouldThrowIAE</b><br>Test class: storm.starter.tools.RankableObjectWithFieldsTest</td>
<td><div><pre>java.lang.IllegalArgumentException: The object must not be null
	at storm.starter.tools.RankableObjectWithFields.&lt;init&gt;(RankableObjectWithFields.java:26)
	at storm.starter.tools.RankableObjectWithFieldsTest.constructorWithNullObjectAndNoFieldsShouldThrowIAE(RankableObjectWithFieldsTest.java:27)
... Removed 34 stack frames</pre></div><a href='#' onClick='toggleBox("stack-trace1484171695", this, "Click to show all stack frames", "Click to hide stack frames")'>Click to show all stack frames</a>
<div class='stack-trace' id='stack-trace1484171695'><pre>java.lang.IllegalArgumentException: The object must not be null
	at storm.starter.tools.RankableObjectWithFields.&lt;init&gt;(RankableObjectWithFields.java:26)
	at storm.starter.tools.RankableObjectWithFieldsTest.constructorWithNullObjectAndNoFieldsShouldThrowIAE(RankableObjectWithFieldsTest.java:27)
	at sun.reflect.NativeMethodAccessorImpl.invoke0(Native Method)
	at sun.reflect.NativeMethodAccessorImpl.invoke(NativeMethodAccessorImpl.java:62)
	at sun.reflect.DelegatingMethodAccessorImpl.invoke(DelegatingMethodAccessorImpl.java:43)
	at java.lang.reflect.Method.invoke(Method.java:483)
	at org.testng.internal.MethodInvocationHelper.invokeMethod(MethodInvocationHelper.java:84)
	at org.testng.internal.Invoker.invokeMethod(Invoker.java:714)
	at org.testng.internal.Invoker.invokeTestMethod(Invoker.java:901)
	at org.testng.internal.Invoker.invokeTestMethods(Invoker.java:1231)
	at org.testng.internal.TestMethodWorker.invokeTestMethods(TestMethodWorker.java:127)
	at org.testng.internal.TestMethodWorker.run(TestMethodWorker.java:111)
	at org.testng.TestRunner.privateRun(TestRunner.java:767)
	at org.testng.TestRunner.run(TestRunner.java:617)
	at org.testng.SuiteRunner.runTest(SuiteRunner.java:334)
	at org.testng.SuiteRunner.runSequentially(SuiteRunner.java:329)
	at org.testng.SuiteRunner.privateRun(SuiteRunner.java:291)
	at org.testng.SuiteRunner.run(SuiteRunner.java:240)
	at org.testng.SuiteRunnerWorker.runSuite(SuiteRunnerWorker.java:52)
	at org.testng.SuiteRunnerWorker.run(SuiteRunnerWorker.java:86)
	at org.testng.TestNG.runSuitesSequentially(TestNG.java:1224)
	at org.testng.TestNG.runSuitesLocally(TestNG.java:1149)
	at org.testng.TestNG.run(TestNG.java:1057)
	at org.apache.maven.surefire.testng.TestNGExecutor.run(TestNGExecutor.java:77)
	at org.apache.maven.surefire.testng.TestNGDirectoryTestSuite.executeMulti(TestNGDirectoryTestSuite.java:159)
	at org.apache.maven.surefire.testng.TestNGDirectoryTestSuite.execute(TestNGDirectoryTestSuite.java:99)
	at org.apache.maven.surefire.testng.TestNGProvider.invoke(TestNGProvider.java:106)
	at sun.reflect.NativeMethodAccessorImpl.invoke0(Native Method)
	at sun.reflect.NativeMethodAccessorImpl.invoke(NativeMethodAccessorImpl.java:62)
	at sun.reflect.DelegatingMethodAccessorImpl.invoke(DelegatingMethodAccessorImpl.java:43)
	at java.lang.reflect.Method.invoke(Method.java:483)
	at org.apache.maven.surefire.util.ReflectionUtils.invokeMethodWithArray(ReflectionUtils.java:189)
	at org.apache.maven.surefire.booter.ProviderFactory$ProviderProxy.invoke(ProviderFactory.java:165)
	at org.apache.maven.surefire.booter.ProviderFactory.invokeProvider(ProviderFactory.java:85)
	at org.apache.maven.surefire.booter.ForkedBooter.runSuitesInProcess(ForkedBooter.java:115)
	at org.apache.maven.surefire.booter.ForkedBooter.main(ForkedBooter.java:75)
</pre></div></td>
<td>0</td>
<td>storm.starter.tools.RankableObjectWithFieldsTest@32d992b2</td></tr>
<tr>
<td title='storm.starter.tools.RankingsTest.constructorWithPositiveTopNShouldBeOk()'><b>constructorWithPositiveTopNShouldBeOk</b><br>Test class: storm.starter.tools.RankingsTest<br>Parameters: 1</td>
<td></td>
<td>0</td>
<td>storm.starter.tools.RankingsTest@5d5eef3d</td></tr>
<tr>
<td title='storm.starter.tools.RankingsTest.constructorWithPositiveTopNShouldBeOk()'><b>constructorWithPositiveTopNShouldBeOk</b><br>Test class: storm.starter.tools.RankingsTest<br>Parameters: 2</td>
<td></td>
<td>0</td>
<td>storm.starter.tools.RankingsTest@5d5eef3d</td></tr>
<tr>
<td title='storm.starter.tools.RankingsTest.constructorWithPositiveTopNShouldBeOk()'><b>constructorWithPositiveTopNShouldBeOk</b><br>Test class: storm.starter.tools.RankingsTest<br>Parameters: 1000</td>
<td></td>
<td>0</td>
<td>storm.starter.tools.RankingsTest@5d5eef3d</td></tr>
<tr>
<td title='storm.starter.tools.RankingsTest.constructorWithPositiveTopNShouldBeOk()'><b>constructorWithPositiveTopNShouldBeOk</b><br>Test class: storm.starter.tools.RankingsTest<br>Parameters: 1000000</td>
<td></td>
<td>0</td>
<td>storm.starter.tools.RankingsTest@5d5eef3d</td></tr>
<tr>
<td title='storm.starter.tools.RankingsTest.copyConstructorShouldReturnCopy()'><b>copyConstructorShouldReturnCopy</b><br>Test class: storm.starter.tools.RankingsTest<br>Parameters: 5, [[A|1], [B|2], [C|3]]</td>
<td></td>
<td>0</td>
<td>storm.starter.tools.RankingsTest@5d5eef3d</td></tr>
<tr>
<td title='storm.starter.tools.RankingsTest.copyConstructorShouldReturnCopy()'><b>copyConstructorShouldReturnCopy</b><br>Test class: storm.starter.tools.RankingsTest<br>Parameters: 2, [[A|1], [B|2], [C|3], [D|4]]</td>
<td></td>
<td>0</td>
<td>storm.starter.tools.RankingsTest@5d5eef3d</td></tr>
<tr>
<td title='storm.starter.tools.RankingsTest.copyConstructorShouldReturnCopy()'><b>copyConstructorShouldReturnCopy</b><br>Test class: storm.starter.tools.RankingsTest<br>Parameters: 1, []</td>
<td></td>
<td>0</td>
<td>storm.starter.tools.RankingsTest@5d5eef3d</td></tr>
<tr>
<td title='storm.starter.tools.RankingsTest.copyConstructorShouldReturnCopy()'><b>copyConstructorShouldReturnCopy</b><br>Test class: storm.starter.tools.RankingsTest<br>Parameters: 1, [[A|1]]</td>
<td></td>
<td>0</td>
<td>storm.starter.tools.RankingsTest@5d5eef3d</td></tr>
<tr>
<td title='storm.starter.tools.RankingsTest.copyConstructorShouldReturnCopy()'><b>copyConstructorShouldReturnCopy</b><br>Test class: storm.starter.tools.RankingsTest<br>Parameters: 1, [[A|1], [B|2]]</td>
<td></td>
<td>0</td>
<td>storm.starter.tools.RankingsTest@5d5eef3d</td></tr>
<tr>
<td title='storm.starter.tools.RankingsTest.copyConstructorShouldReturnDefensiveCopy()'><b>copyConstructorShouldReturnDefensiveCopy</b><br>Test class: storm.starter.tools.RankingsTest<br>Parameters: 5, [[A|1], [B|2], [C|3]], [[D|4]]</td>
<td></td>
<td>0</td>
<td>storm.starter.tools.RankingsTest@5d5eef3d</td></tr>
<tr>
<td title='storm.starter.tools.RankingsTest.copyConstructorShouldReturnDefensiveCopy()'><b>copyConstructorShouldReturnDefensiveCopy</b><br>Test class: storm.starter.tools.RankingsTest<br>Parameters: 2, [[A|1], [B|2], [C|3], [D|4]], [[E|5], [F|6]]</td>
<td></td>
<td>0</td>
<td>storm.starter.tools.RankingsTest@5d5eef3d</td></tr>
<tr>
<td title='storm.starter.tools.RankingsTest.copyConstructorShouldReturnDefensiveCopy()'><b>copyConstructorShouldReturnDefensiveCopy</b><br>Test class: storm.starter.tools.RankingsTest<br>Parameters: 1, [], [[A|1]]</td>
<td></td>
<td>0</td>
<td>storm.starter.tools.RankingsTest@5d5eef3d</td></tr>
<tr>
<td title='storm.starter.tools.RankingsTest.copyConstructorShouldReturnDefensiveCopy()'><b>copyConstructorShouldReturnDefensiveCopy</b><br>Test class: storm.starter.tools.RankingsTest<br>Parameters: 1, [[A|1]], [[B|2]]</td>
<td></td>
<td>0</td>
<td>storm.starter.tools.RankingsTest@5d5eef3d</td></tr>
<tr>
<td title='storm.starter.tools.RankingsTest.copyConstructorShouldReturnDefensiveCopy()'><b>copyConstructorShouldReturnDefensiveCopy</b><br>Test class: storm.starter.tools.RankingsTest<br>Parameters: 1, [[ZERO_COUNT|0]], [[B|2]]</td>
<td></td>
<td>0</td>
<td>storm.starter.tools.RankingsTest@5d5eef3d</td></tr>
<tr>
<td title='storm.starter.tools.RankingsTest.copyConstructorShouldReturnDefensiveCopy()'><b>copyConstructorShouldReturnDefensiveCopy</b><br>Test class: storm.starter.tools.RankingsTest<br>Parameters: 1, [[ZERO_COUNT|0]], []</td>
<td></td>
<td>0</td>
<td>storm.starter.tools.RankingsTest@5d5eef3d</td></tr>
<tr>
<td title='storm.starter.tools.RankableObjectWithFieldsTest.copyShouldReturnCopy()'><b>copyShouldReturnCopy</b><br>Test class: storm.starter.tools.RankableObjectWithFieldsTest<br>Parameters: [foo|0]</td>
<td></td>
<td>0</td>
<td>storm.starter.tools.RankableObjectWithFieldsTest@32d992b2</td></tr>
<tr>
<td title='storm.starter.tools.RankableObjectWithFieldsTest.copyShouldReturnCopy()'><b>copyShouldReturnCopy</b><br>Test class: storm.starter.tools.RankableObjectWithFieldsTest<br>Parameters: [foo|3|someOtherField]</td>
<td></td>
<td>0</td>
<td>storm.starter.tools.RankableObjectWithFieldsTest@32d992b2</td></tr>
<tr>
<td title='storm.starter.tools.RankableObjectWithFieldsTest.copyShouldReturnCopy()'><b>copyShouldReturnCopy</b><br>Test class: storm.starter.tools.RankableObjectWithFieldsTest<br>Parameters: [foo|0|someField]</td>
<td></td>
<td>0</td>
<td>storm.starter.tools.RankableObjectWithFieldsTest@32d992b2</td></tr>
<tr>
<td title='storm.starter.tools.RankingsTest.copyShouldReturnCopy()'><b>copyShouldReturnCopy</b><br>Test class: storm.starter.tools.RankingsTest<br>Parameters: 5, [[A|1], [B|2], [C|3]]</td>
<td></td>
<td>0</td>
<td>storm.starter.tools.RankingsTest@5d5eef3d</td></tr>
<tr>
<td title='storm.starter.tools.RankingsTest.copyShouldReturnCopy()'><b>copyShouldReturnCopy</b><br>Test class: storm.starter.tools.RankingsTest<br>Parameters: 2, [[A|1], [B|2], [C|3], [D|4]]</td>
<td></td>
<td>0</td>
<td>storm.starter.tools.RankingsTest@5d5eef3d</td></tr>
<tr>
<td title='storm.starter.tools.RankingsTest.copyShouldReturnCopy()'><b>copyShouldReturnCopy</b><br>Test class: storm.starter.tools.RankingsTest<br>Parameters: 1, []</td>
<td></td>
<td>0</td>
<td>storm.starter.tools.RankingsTest@5d5eef3d</td></tr>
<tr>
<td title='storm.starter.tools.RankingsTest.copyShouldReturnCopy()'><b>copyShouldReturnCopy</b><br>Test class: storm.starter.tools.RankingsTest<br>Parameters: 1, [[A|1]]</td>
<td></td>
<td>0</td>
<td>storm.starter.tools.RankingsTest@5d5eef3d</td></tr>
<tr>
<td title='storm.starter.tools.RankingsTest.copyShouldReturnCopy()'><b>copyShouldReturnCopy</b><br>Test class: storm.starter.tools.RankingsTest<br>Parameters: 1, [[A|1], [B|2]]</td>
<td></td>
<td>0</td>
<td>storm.starter.tools.RankingsTest@5d5eef3d</td></tr>
<tr>
<td title='storm.starter.tools.RankingsTest.copyShouldReturnDefensiveCopy()'><b>copyShouldReturnDefensiveCopy</b><br>Test class: storm.starter.tools.RankingsTest<br>Parameters: 5, [[A|1], [B|2], [C|3]], [[D|4]]</td>
<td></td>
<td>0</td>
<td>storm.starter.tools.RankingsTest@5d5eef3d</td></tr>
<tr>
<td title='storm.starter.tools.RankingsTest.copyShouldReturnDefensiveCopy()'><b>copyShouldReturnDefensiveCopy</b><br>Test class: storm.starter.tools.RankingsTest<br>Parameters: 2, [[A|1], [B|2], [C|3], [D|4]], [[E|5], [F|6]]</td>
<td></td>
<td>0</td>
<td>storm.starter.tools.RankingsTest@5d5eef3d</td></tr>
<tr>
<td title='storm.starter.tools.RankingsTest.copyShouldReturnDefensiveCopy()'><b>copyShouldReturnDefensiveCopy</b><br>Test class: storm.starter.tools.RankingsTest<br>Parameters: 1, [], [[A|1]]</td>
<td></td>
<td>0</td>
<td>storm.starter.tools.RankingsTest@5d5eef3d</td></tr>
<tr>
<td title='storm.starter.tools.RankingsTest.copyShouldReturnDefensiveCopy()'><b>copyShouldReturnDefensiveCopy</b><br>Test class: storm.starter.tools.RankingsTest<br>Parameters: 1, [[A|1]], [[B|2]]</td>
<td></td>
<td>0</td>
<td>storm.starter.tools.RankingsTest@5d5eef3d</td></tr>
<tr>
<td title='storm.starter.tools.RankingsTest.copyShouldReturnDefensiveCopy()'><b>copyShouldReturnDefensiveCopy</b><br>Test class: storm.starter.tools.RankingsTest<br>Parameters: 1, [[ZERO_COUNT|0]], [[B|2]]</td>
<td></td>
<td>0</td>
<td>storm.starter.tools.RankingsTest@5d5eef3d</td></tr>
<tr>
<td title='storm.starter.tools.RankingsTest.copyShouldReturnDefensiveCopy()'><b>copyShouldReturnDefensiveCopy</b><br>Test class: storm.starter.tools.RankingsTest<br>Parameters: 1, [[ZERO_COUNT|0]], []</td>
<td></td>
<td>0</td>
<td>storm.starter.tools.RankingsTest@5d5eef3d</td></tr>
<tr>
<td title='storm.starter.tools.RankingsTest.defaultConstructorShouldSetPositiveTopN()'><b>defaultConstructorShouldSetPositiveTopN</b><br>Test class: storm.starter.tools.RankingsTest</td>
<td></td>
<td>0</td>
<td>storm.starter.tools.RankingsTest@5d5eef3d</td></tr>
<tr>
<td title='storm.starter.tools.RankableObjectWithFieldsTest.fieldsShouldBeImmutable()'><b>fieldsShouldBeImmutable</b><br>Test class: storm.starter.tools.RankableObjectWithFieldsTest</td>
<td><div><pre>java.lang.UnsupportedOperationException
	at com.google.common.collect.ImmutableList.remove(ImmutableList.java:479)
	at storm.starter.tools.RankableObjectWithFieldsTest.fieldsShouldBeImmutable(RankableObjectWithFieldsTest.java:191)
... Removed 34 stack frames</pre></div><a href='#' onClick='toggleBox("stack-trace232307208", this, "Click to show all stack frames", "Click to hide stack frames")'>Click to show all stack frames</a>
<div class='stack-trace' id='stack-trace232307208'><pre>java.lang.UnsupportedOperationException
	at com.google.common.collect.ImmutableList.remove(ImmutableList.java:479)
	at storm.starter.tools.RankableObjectWithFieldsTest.fieldsShouldBeImmutable(RankableObjectWithFieldsTest.java:191)
	at sun.reflect.NativeMethodAccessorImpl.invoke0(Native Method)
	at sun.reflect.NativeMethodAccessorImpl.invoke(NativeMethodAccessorImpl.java:62)
	at sun.reflect.DelegatingMethodAccessorImpl.invoke(DelegatingMethodAccessorImpl.java:43)
	at java.lang.reflect.Method.invoke(Method.java:483)
	at org.testng.internal.MethodInvocationHelper.invokeMethod(MethodInvocationHelper.java:84)
	at org.testng.internal.Invoker.invokeMethod(Invoker.java:714)
	at org.testng.internal.Invoker.invokeTestMethod(Invoker.java:901)
	at org.testng.internal.Invoker.invokeTestMethods(Invoker.java:1231)
	at org.testng.internal.TestMethodWorker.invokeTestMethods(TestMethodWorker.java:127)
	at org.testng.internal.TestMethodWorker.run(TestMethodWorker.java:111)
	at org.testng.TestRunner.privateRun(TestRunner.java:767)
	at org.testng.TestRunner.run(TestRunner.java:617)
	at org.testng.SuiteRunner.runTest(SuiteRunner.java:334)
	at org.testng.SuiteRunner.runSequentially(SuiteRunner.java:329)
	at org.testng.SuiteRunner.privateRun(SuiteRunner.java:291)
	at org.testng.SuiteRunner.run(SuiteRunner.java:240)
	at org.testng.SuiteRunnerWorker.runSuite(SuiteRunnerWorker.java:52)
	at org.testng.SuiteRunnerWorker.run(SuiteRunnerWorker.java:86)
	at org.testng.TestNG.runSuitesSequentially(TestNG.java:1224)
	at org.testng.TestNG.runSuitesLocally(TestNG.java:1149)
	at org.testng.TestNG.run(TestNG.java:1057)
	at org.apache.maven.surefire.testng.TestNGExecutor.run(TestNGExecutor.java:77)
	at org.apache.maven.surefire.testng.TestNGDirectoryTestSuite.executeMulti(TestNGDirectoryTestSuite.java:159)
	at org.apache.maven.surefire.testng.TestNGDirectoryTestSuite.execute(TestNGDirectoryTestSuite.java:99)
	at org.apache.maven.surefire.testng.TestNGProvider.invoke(TestNGProvider.java:106)
	at sun.reflect.NativeMethodAccessorImpl.invoke0(Native Method)
	at sun.reflect.NativeMethodAccessorImpl.invoke(NativeMethodAccessorImpl.java:62)
	at sun.reflect.DelegatingMethodAccessorImpl.invoke(DelegatingMethodAccessorImpl.java:43)
	at java.lang.reflect.Method.invoke(Method.java:483)
	at org.apache.maven.surefire.util.ReflectionUtils.invokeMethodWithArray(ReflectionUtils.java:189)
	at org.apache.maven.surefire.booter.ProviderFactory$ProviderProxy.invoke(ProviderFactory.java:165)
	at org.apache.maven.surefire.booter.ProviderFactory.invokeProvider(ProviderFactory.java:85)
	at org.apache.maven.surefire.booter.ForkedBooter.runSuitesInProcess(ForkedBooter.java:115)
	at org.apache.maven.surefire.booter.ForkedBooter.main(ForkedBooter.java:75)
</pre></div></td>
<td>0</td>
<td>storm.starter.tools.RankableObjectWithFieldsTest@32d992b2</td></tr>
<tr>
<td title='storm.starter.tools.SlidingWindowCounterTest.lessThanTwoSlotsShouldThrowIAE()'><b>lessThanTwoSlotsShouldThrowIAE</b><br>Test class: storm.starter.tools.SlidingWindowCounterTest<br>Parameters: -10</td>
<td><div><pre>java.lang.IllegalArgumentException: Window length in slots must be at least two (you requested -10)
	at storm.starter.tools.SlidingWindowCounter.&lt;init&gt;(SlidingWindowCounter.java:62)
	at storm.starter.tools.SlidingWindowCounterTest.lessThanTwoSlotsShouldThrowIAE(SlidingWindowCounterTest.java:22)
... Removed 34 stack frames</pre></div><a href='#' onClick='toggleBox("stack-trace2087258327", this, "Click to show all stack frames", "Click to hide stack frames")'>Click to show all stack frames</a>
<div class='stack-trace' id='stack-trace2087258327'><pre>java.lang.IllegalArgumentException: Window length in slots must be at least two (you requested -10)
	at storm.starter.tools.SlidingWindowCounter.&lt;init&gt;(SlidingWindowCounter.java:62)
	at storm.starter.tools.SlidingWindowCounterTest.lessThanTwoSlotsShouldThrowIAE(SlidingWindowCounterTest.java:22)
	at sun.reflect.NativeMethodAccessorImpl.invoke0(Native Method)
	at sun.reflect.NativeMethodAccessorImpl.invoke(NativeMethodAccessorImpl.java:62)
	at sun.reflect.DelegatingMethodAccessorImpl.invoke(DelegatingMethodAccessorImpl.java:43)
	at java.lang.reflect.Method.invoke(Method.java:483)
	at org.testng.internal.MethodInvocationHelper.invokeMethod(MethodInvocationHelper.java:84)
	at org.testng.internal.Invoker.invokeMethod(Invoker.java:714)
	at org.testng.internal.Invoker.invokeTestMethod(Invoker.java:901)
	at org.testng.internal.Invoker.invokeTestMethods(Invoker.java:1231)
	at org.testng.internal.TestMethodWorker.invokeTestMethods(TestMethodWorker.java:127)
	at org.testng.internal.TestMethodWorker.run(TestMethodWorker.java:111)
	at org.testng.TestRunner.privateRun(TestRunner.java:767)
	at org.testng.TestRunner.run(TestRunner.java:617)
	at org.testng.SuiteRunner.runTest(SuiteRunner.java:334)
	at org.testng.SuiteRunner.runSequentially(SuiteRunner.java:329)
	at org.testng.SuiteRunner.privateRun(SuiteRunner.java:291)
	at org.testng.SuiteRunner.run(SuiteRunner.java:240)
	at org.testng.SuiteRunnerWorker.runSuite(SuiteRunnerWorker.java:52)
	at org.testng.SuiteRunnerWorker.run(SuiteRunnerWorker.java:86)
	at org.testng.TestNG.runSuitesSequentially(TestNG.java:1224)
	at org.testng.TestNG.runSuitesLocally(TestNG.java:1149)
	at org.testng.TestNG.run(TestNG.java:1057)
	at org.apache.maven.surefire.testng.TestNGExecutor.run(TestNGExecutor.java:77)
	at org.apache.maven.surefire.testng.TestNGDirectoryTestSuite.executeMulti(TestNGDirectoryTestSuite.java:159)
	at org.apache.maven.surefire.testng.TestNGDirectoryTestSuite.execute(TestNGDirectoryTestSuite.java:99)
	at org.apache.maven.surefire.testng.TestNGProvider.invoke(TestNGProvider.java:106)
	at sun.reflect.NativeMethodAccessorImpl.invoke0(Native Method)
	at sun.reflect.NativeMethodAccessorImpl.invoke(NativeMethodAccessorImpl.java:62)
	at sun.reflect.DelegatingMethodAccessorImpl.invoke(DelegatingMethodAccessorImpl.java:43)
	at java.lang.reflect.Method.invoke(Method.java:483)
	at org.apache.maven.surefire.util.ReflectionUtils.invokeMethodWithArray(ReflectionUtils.java:189)
	at org.apache.maven.surefire.booter.ProviderFactory$ProviderProxy.invoke(ProviderFactory.java:165)
	at org.apache.maven.surefire.booter.ProviderFactory.invokeProvider(ProviderFactory.java:85)
	at org.apache.maven.surefire.booter.ForkedBooter.runSuitesInProcess(ForkedBooter.java:115)
	at org.apache.maven.surefire.booter.ForkedBooter.main(ForkedBooter.java:75)
</pre></div></td>
<td>0</td>
<td>storm.starter.tools.SlidingWindowCounterTest@174d20a</td></tr>
<tr>
<td title='storm.starter.tools.SlidingWindowCounterTest.lessThanTwoSlotsShouldThrowIAE()'><b>lessThanTwoSlotsShouldThrowIAE</b><br>Test class: storm.starter.tools.SlidingWindowCounterTest<br>Parameters: -3</td>
<td><div><pre>java.lang.IllegalArgumentException: Window length in slots must be at least two (you requested -3)
	at storm.starter.tools.SlidingWindowCounter.&lt;init&gt;(SlidingWindowCounter.java:62)
	at storm.starter.tools.SlidingWindowCounterTest.lessThanTwoSlotsShouldThrowIAE(SlidingWindowCounterTest.java:22)
... Removed 34 stack frames</pre></div><a href='#' onClick='toggleBox("stack-trace1016550616", this, "Click to show all stack frames", "Click to hide stack frames")'>Click to show all stack frames</a>
<div class='stack-trace' id='stack-trace1016550616'><pre>java.lang.IllegalArgumentException: Window length in slots must be at least two (you requested -3)
	at storm.starter.tools.SlidingWindowCounter.&lt;init&gt;(SlidingWindowCounter.java:62)
	at storm.starter.tools.SlidingWindowCounterTest.lessThanTwoSlotsShouldThrowIAE(SlidingWindowCounterTest.java:22)
	at sun.reflect.NativeMethodAccessorImpl.invoke0(Native Method)
	at sun.reflect.NativeMethodAccessorImpl.invoke(NativeMethodAccessorImpl.java:62)
	at sun.reflect.DelegatingMethodAccessorImpl.invoke(DelegatingMethodAccessorImpl.java:43)
	at java.lang.reflect.Method.invoke(Method.java:483)
	at org.testng.internal.MethodInvocationHelper.invokeMethod(MethodInvocationHelper.java:84)
	at org.testng.internal.Invoker.invokeMethod(Invoker.java:714)
	at org.testng.internal.Invoker.invokeTestMethod(Invoker.java:901)
	at org.testng.internal.Invoker.invokeTestMethods(Invoker.java:1231)
	at org.testng.internal.TestMethodWorker.invokeTestMethods(TestMethodWorker.java:127)
	at org.testng.internal.TestMethodWorker.run(TestMethodWorker.java:111)
	at org.testng.TestRunner.privateRun(TestRunner.java:767)
	at org.testng.TestRunner.run(TestRunner.java:617)
	at org.testng.SuiteRunner.runTest(SuiteRunner.java:334)
	at org.testng.SuiteRunner.runSequentially(SuiteRunner.java:329)
	at org.testng.SuiteRunner.privateRun(SuiteRunner.java:291)
	at org.testng.SuiteRunner.run(SuiteRunner.java:240)
	at org.testng.SuiteRunnerWorker.runSuite(SuiteRunnerWorker.java:52)
	at org.testng.SuiteRunnerWorker.run(SuiteRunnerWorker.java:86)
	at org.testng.TestNG.runSuitesSequentially(TestNG.java:1224)
	at org.testng.TestNG.runSuitesLocally(TestNG.java:1149)
	at org.testng.TestNG.run(TestNG.java:1057)
	at org.apache.maven.surefire.testng.TestNGExecutor.run(TestNGExecutor.java:77)
	at org.apache.maven.surefire.testng.TestNGDirectoryTestSuite.executeMulti(TestNGDirectoryTestSuite.java:159)
	at org.apache.maven.surefire.testng.TestNGDirectoryTestSuite.execute(TestNGDirectoryTestSuite.java:99)
	at org.apache.maven.surefire.testng.TestNGProvider.invoke(TestNGProvider.java:106)
	at sun.reflect.NativeMethodAccessorImpl.invoke0(Native Method)
	at sun.reflect.NativeMethodAccessorImpl.invoke(NativeMethodAccessorImpl.java:62)
	at sun.reflect.DelegatingMethodAccessorImpl.invoke(DelegatingMethodAccessorImpl.java:43)
	at java.lang.reflect.Method.invoke(Method.java:483)
	at org.apache.maven.surefire.util.ReflectionUtils.invokeMethodWithArray(ReflectionUtils.java:189)
	at org.apache.maven.surefire.booter.ProviderFactory$ProviderProxy.invoke(ProviderFactory.java:165)
	at org.apache.maven.surefire.booter.ProviderFactory.invokeProvider(ProviderFactory.java:85)
	at org.apache.maven.surefire.booter.ForkedBooter.runSuitesInProcess(ForkedBooter.java:115)
	at org.apache.maven.surefire.booter.ForkedBooter.main(ForkedBooter.java:75)
</pre></div></td>
<td>0</td>
<td>storm.starter.tools.SlidingWindowCounterTest@174d20a</td></tr>
<tr>
<td title='storm.starter.tools.SlidingWindowCounterTest.lessThanTwoSlotsShouldThrowIAE()'><b>lessThanTwoSlotsShouldThrowIAE</b><br>Test class: storm.starter.tools.SlidingWindowCounterTest<br>Parameters: -2</td>
<td><div><pre>java.lang.IllegalArgumentException: Window length in slots must be at least two (you requested -2)
	at storm.starter.tools.SlidingWindowCounter.&lt;init&gt;(SlidingWindowCounter.java:62)
	at storm.starter.tools.SlidingWindowCounterTest.lessThanTwoSlotsShouldThrowIAE(SlidingWindowCounterTest.java:22)
... Removed 34 stack frames</pre></div><a href='#' onClick='toggleBox("stack-trace1006094903", this, "Click to show all stack frames", "Click to hide stack frames")'>Click to show all stack frames</a>
<div class='stack-trace' id='stack-trace1006094903'><pre>java.lang.IllegalArgumentException: Window length in slots must be at least two (you requested -2)
	at storm.starter.tools.SlidingWindowCounter.&lt;init&gt;(SlidingWindowCounter.java:62)
	at storm.starter.tools.SlidingWindowCounterTest.lessThanTwoSlotsShouldThrowIAE(SlidingWindowCounterTest.java:22)
	at sun.reflect.NativeMethodAccessorImpl.invoke0(Native Method)
	at sun.reflect.NativeMethodAccessorImpl.invoke(NativeMethodAccessorImpl.java:62)
	at sun.reflect.DelegatingMethodAccessorImpl.invoke(DelegatingMethodAccessorImpl.java:43)
	at java.lang.reflect.Method.invoke(Method.java:483)
	at org.testng.internal.MethodInvocationHelper.invokeMethod(MethodInvocationHelper.java:84)
	at org.testng.internal.Invoker.invokeMethod(Invoker.java:714)
	at org.testng.internal.Invoker.invokeTestMethod(Invoker.java:901)
	at org.testng.internal.Invoker.invokeTestMethods(Invoker.java:1231)
	at org.testng.internal.TestMethodWorker.invokeTestMethods(TestMethodWorker.java:127)
	at org.testng.internal.TestMethodWorker.run(TestMethodWorker.java:111)
	at org.testng.TestRunner.privateRun(TestRunner.java:767)
	at org.testng.TestRunner.run(TestRunner.java:617)
	at org.testng.SuiteRunner.runTest(SuiteRunner.java:334)
	at org.testng.SuiteRunner.runSequentially(SuiteRunner.java:329)
	at org.testng.SuiteRunner.privateRun(SuiteRunner.java:291)
	at org.testng.SuiteRunner.run(SuiteRunner.java:240)
	at org.testng.SuiteRunnerWorker.runSuite(SuiteRunnerWorker.java:52)
	at org.testng.SuiteRunnerWorker.run(SuiteRunnerWorker.java:86)
	at org.testng.TestNG.runSuitesSequentially(TestNG.java:1224)
	at org.testng.TestNG.runSuitesLocally(TestNG.java:1149)
	at org.testng.TestNG.run(TestNG.java:1057)
	at org.apache.maven.surefire.testng.TestNGExecutor.run(TestNGExecutor.java:77)
	at org.apache.maven.surefire.testng.TestNGDirectoryTestSuite.executeMulti(TestNGDirectoryTestSuite.java:159)
	at org.apache.maven.surefire.testng.TestNGDirectoryTestSuite.execute(TestNGDirectoryTestSuite.java:99)
	at org.apache.maven.surefire.testng.TestNGProvider.invoke(TestNGProvider.java:106)
	at sun.reflect.NativeMethodAccessorImpl.invoke0(Native Method)
	at sun.reflect.NativeMethodAccessorImpl.invoke(NativeMethodAccessorImpl.java:62)
	at sun.reflect.DelegatingMethodAccessorImpl.invoke(DelegatingMethodAccessorImpl.java:43)
	at java.lang.reflect.Method.invoke(Method.java:483)
	at org.apache.maven.surefire.util.ReflectionUtils.invokeMethodWithArray(ReflectionUtils.java:189)
	at org.apache.maven.surefire.booter.ProviderFactory$ProviderProxy.invoke(ProviderFactory.java:165)
	at org.apache.maven.surefire.booter.ProviderFactory.invokeProvider(ProviderFactory.java:85)
	at org.apache.maven.surefire.booter.ForkedBooter.runSuitesInProcess(ForkedBooter.java:115)
	at org.apache.maven.surefire.booter.ForkedBooter.main(ForkedBooter.java:75)
</pre></div></td>
<td>0</td>
<td>storm.starter.tools.SlidingWindowCounterTest@174d20a</td></tr>
<tr>
<td title='storm.starter.tools.SlidingWindowCounterTest.lessThanTwoSlotsShouldThrowIAE()'><b>lessThanTwoSlotsShouldThrowIAE</b><br>Test class: storm.starter.tools.SlidingWindowCounterTest<br>Parameters: -1</td>
<td><div><pre>java.lang.IllegalArgumentException: Window length in slots must be at least two (you requested -1)
	at storm.starter.tools.SlidingWindowCounter.&lt;init&gt;(SlidingWindowCounter.java:62)
	at storm.starter.tools.SlidingWindowCounterTest.lessThanTwoSlotsShouldThrowIAE(SlidingWindowCounterTest.java:22)
... Removed 34 stack frames</pre></div><a href='#' onClick='toggleBox("stack-trace2030538903", this, "Click to show all stack frames", "Click to hide stack frames")'>Click to show all stack frames</a>
<div class='stack-trace' id='stack-trace2030538903'><pre>java.lang.IllegalArgumentException: Window length in slots must be at least two (you requested -1)
	at storm.starter.tools.SlidingWindowCounter.&lt;init&gt;(SlidingWindowCounter.java:62)
	at storm.starter.tools.SlidingWindowCounterTest.lessThanTwoSlotsShouldThrowIAE(SlidingWindowCounterTest.java:22)
	at sun.reflect.NativeMethodAccessorImpl.invoke0(Native Method)
	at sun.reflect.NativeMethodAccessorImpl.invoke(NativeMethodAccessorImpl.java:62)
	at sun.reflect.DelegatingMethodAccessorImpl.invoke(DelegatingMethodAccessorImpl.java:43)
	at java.lang.reflect.Method.invoke(Method.java:483)
	at org.testng.internal.MethodInvocationHelper.invokeMethod(MethodInvocationHelper.java:84)
	at org.testng.internal.Invoker.invokeMethod(Invoker.java:714)
	at org.testng.internal.Invoker.invokeTestMethod(Invoker.java:901)
	at org.testng.internal.Invoker.invokeTestMethods(Invoker.java:1231)
	at org.testng.internal.TestMethodWorker.invokeTestMethods(TestMethodWorker.java:127)
	at org.testng.internal.TestMethodWorker.run(TestMethodWorker.java:111)
	at org.testng.TestRunner.privateRun(TestRunner.java:767)
	at org.testng.TestRunner.run(TestRunner.java:617)
	at org.testng.SuiteRunner.runTest(SuiteRunner.java:334)
	at org.testng.SuiteRunner.runSequentially(SuiteRunner.java:329)
	at org.testng.SuiteRunner.privateRun(SuiteRunner.java:291)
	at org.testng.SuiteRunner.run(SuiteRunner.java:240)
	at org.testng.SuiteRunnerWorker.runSuite(SuiteRunnerWorker.java:52)
	at org.testng.SuiteRunnerWorker.run(SuiteRunnerWorker.java:86)
	at org.testng.TestNG.runSuitesSequentially(TestNG.java:1224)
	at org.testng.TestNG.runSuitesLocally(TestNG.java:1149)
	at org.testng.TestNG.run(TestNG.java:1057)
	at org.apache.maven.surefire.testng.TestNGExecutor.run(TestNGExecutor.java:77)
	at org.apache.maven.surefire.testng.TestNGDirectoryTestSuite.executeMulti(TestNGDirectoryTestSuite.java:159)
	at org.apache.maven.surefire.testng.TestNGDirectoryTestSuite.execute(TestNGDirectoryTestSuite.java:99)
	at org.apache.maven.surefire.testng.TestNGProvider.invoke(TestNGProvider.java:106)
	at sun.reflect.NativeMethodAccessorImpl.invoke0(Native Method)
	at sun.reflect.NativeMethodAccessorImpl.invoke(NativeMethodAccessorImpl.java:62)
	at sun.reflect.DelegatingMethodAccessorImpl.invoke(DelegatingMethodAccessorImpl.java:43)
	at java.lang.reflect.Method.invoke(Method.java:483)
	at org.apache.maven.surefire.util.ReflectionUtils.invokeMethodWithArray(ReflectionUtils.java:189)
	at org.apache.maven.surefire.booter.ProviderFactory$ProviderProxy.invoke(ProviderFactory.java:165)
	at org.apache.maven.surefire.booter.ProviderFactory.invokeProvider(ProviderFactory.java:85)
	at org.apache.maven.surefire.booter.ForkedBooter.runSuitesInProcess(ForkedBooter.java:115)
	at org.apache.maven.surefire.booter.ForkedBooter.main(ForkedBooter.java:75)
</pre></div></td>
<td>0</td>
<td>storm.starter.tools.SlidingWindowCounterTest@174d20a</td></tr>
<tr>
<td title='storm.starter.tools.SlidingWindowCounterTest.lessThanTwoSlotsShouldThrowIAE()'><b>lessThanTwoSlotsShouldThrowIAE</b><br>Test class: storm.starter.tools.SlidingWindowCounterTest<br>Parameters: 0</td>
<td><div><pre>java.lang.IllegalArgumentException: Window length in slots must be at least two (you requested 0)
	at storm.starter.tools.SlidingWindowCounter.&lt;init&gt;(SlidingWindowCounter.java:62)
	at storm.starter.tools.SlidingWindowCounterTest.lessThanTwoSlotsShouldThrowIAE(SlidingWindowCounterTest.java:22)
... Removed 34 stack frames</pre></div><a href='#' onClick='toggleBox("stack-trace1293680848", this, "Click to show all stack frames", "Click to hide stack frames")'>Click to show all stack frames</a>
<div class='stack-trace' id='stack-trace1293680848'><pre>java.lang.IllegalArgumentException: Window length in slots must be at least two (you requested 0)
	at storm.starter.tools.SlidingWindowCounter.&lt;init&gt;(SlidingWindowCounter.java:62)
	at storm.starter.tools.SlidingWindowCounterTest.lessThanTwoSlotsShouldThrowIAE(SlidingWindowCounterTest.java:22)
	at sun.reflect.NativeMethodAccessorImpl.invoke0(Native Method)
	at sun.reflect.NativeMethodAccessorImpl.invoke(NativeMethodAccessorImpl.java:62)
	at sun.reflect.DelegatingMethodAccessorImpl.invoke(DelegatingMethodAccessorImpl.java:43)
	at java.lang.reflect.Method.invoke(Method.java:483)
	at org.testng.internal.MethodInvocationHelper.invokeMethod(MethodInvocationHelper.java:84)
	at org.testng.internal.Invoker.invokeMethod(Invoker.java:714)
	at org.testng.internal.Invoker.invokeTestMethod(Invoker.java:901)
	at org.testng.internal.Invoker.invokeTestMethods(Invoker.java:1231)
	at org.testng.internal.TestMethodWorker.invokeTestMethods(TestMethodWorker.java:127)
	at org.testng.internal.TestMethodWorker.run(TestMethodWorker.java:111)
	at org.testng.TestRunner.privateRun(TestRunner.java:767)
	at org.testng.TestRunner.run(TestRunner.java:617)
	at org.testng.SuiteRunner.runTest(SuiteRunner.java:334)
	at org.testng.SuiteRunner.runSequentially(SuiteRunner.java:329)
	at org.testng.SuiteRunner.privateRun(SuiteRunner.java:291)
	at org.testng.SuiteRunner.run(SuiteRunner.java:240)
	at org.testng.SuiteRunnerWorker.runSuite(SuiteRunnerWorker.java:52)
	at org.testng.SuiteRunnerWorker.run(SuiteRunnerWorker.java:86)
	at org.testng.TestNG.runSuitesSequentially(TestNG.java:1224)
	at org.testng.TestNG.runSuitesLocally(TestNG.java:1149)
	at org.testng.TestNG.run(TestNG.java:1057)
	at org.apache.maven.surefire.testng.TestNGExecutor.run(TestNGExecutor.java:77)
	at org.apache.maven.surefire.testng.TestNGDirectoryTestSuite.executeMulti(TestNGDirectoryTestSuite.java:159)
	at org.apache.maven.surefire.testng.TestNGDirectoryTestSuite.execute(TestNGDirectoryTestSuite.java:99)
	at org.apache.maven.surefire.testng.TestNGProvider.invoke(TestNGProvider.java:106)
	at sun.reflect.NativeMethodAccessorImpl.invoke0(Native Method)
	at sun.reflect.NativeMethodAccessorImpl.invoke(NativeMethodAccessorImpl.java:62)
	at sun.reflect.DelegatingMethodAccessorImpl.invoke(DelegatingMethodAccessorImpl.java:43)
	at java.lang.reflect.Method.invoke(Method.java:483)
	at org.apache.maven.surefire.util.ReflectionUtils.invokeMethodWithArray(ReflectionUtils.java:189)
	at org.apache.maven.surefire.booter.ProviderFactory$ProviderProxy.invoke(ProviderFactory.java:165)
	at org.apache.maven.surefire.booter.ProviderFactory.invokeProvider(ProviderFactory.java:85)
	at org.apache.maven.surefire.booter.ForkedBooter.runSuitesInProcess(ForkedBooter.java:115)
	at org.apache.maven.surefire.booter.ForkedBooter.main(ForkedBooter.java:75)
</pre></div></td>
<td>0</td>
<td>storm.starter.tools.SlidingWindowCounterTest@174d20a</td></tr>
<tr>
<td title='storm.starter.tools.SlidingWindowCounterTest.lessThanTwoSlotsShouldThrowIAE()'><b>lessThanTwoSlotsShouldThrowIAE</b><br>Test class: storm.starter.tools.SlidingWindowCounterTest<br>Parameters: 1</td>
<td><div><pre>java.lang.IllegalArgumentException: Window length in slots must be at least two (you requested 1)
	at storm.starter.tools.SlidingWindowCounter.&lt;init&gt;(SlidingWindowCounter.java:62)
	at storm.starter.tools.SlidingWindowCounterTest.lessThanTwoSlotsShouldThrowIAE(SlidingWindowCounterTest.java:22)
... Removed 34 stack frames</pre></div><a href='#' onClick='toggleBox("stack-trace1261153343", this, "Click to show all stack frames", "Click to hide stack frames")'>Click to show all stack frames</a>
<div class='stack-trace' id='stack-trace1261153343'><pre>java.lang.IllegalArgumentException: Window length in slots must be at least two (you requested 1)
	at storm.starter.tools.SlidingWindowCounter.&lt;init&gt;(SlidingWindowCounter.java:62)
	at storm.starter.tools.SlidingWindowCounterTest.lessThanTwoSlotsShouldThrowIAE(SlidingWindowCounterTest.java:22)
	at sun.reflect.NativeMethodAccessorImpl.invoke0(Native Method)
	at sun.reflect.NativeMethodAccessorImpl.invoke(NativeMethodAccessorImpl.java:62)
	at sun.reflect.DelegatingMethodAccessorImpl.invoke(DelegatingMethodAccessorImpl.java:43)
	at java.lang.reflect.Method.invoke(Method.java:483)
	at org.testng.internal.MethodInvocationHelper.invokeMethod(MethodInvocationHelper.java:84)
	at org.testng.internal.Invoker.invokeMethod(Invoker.java:714)
	at org.testng.internal.Invoker.invokeTestMethod(Invoker.java:901)
	at org.testng.internal.Invoker.invokeTestMethods(Invoker.java:1231)
	at org.testng.internal.TestMethodWorker.invokeTestMethods(TestMethodWorker.java:127)
	at org.testng.internal.TestMethodWorker.run(TestMethodWorker.java:111)
	at org.testng.TestRunner.privateRun(TestRunner.java:767)
	at org.testng.TestRunner.run(TestRunner.java:617)
	at org.testng.SuiteRunner.runTest(SuiteRunner.java:334)
	at org.testng.SuiteRunner.runSequentially(SuiteRunner.java:329)
	at org.testng.SuiteRunner.privateRun(SuiteRunner.java:291)
	at org.testng.SuiteRunner.run(SuiteRunner.java:240)
	at org.testng.SuiteRunnerWorker.runSuite(SuiteRunnerWorker.java:52)
	at org.testng.SuiteRunnerWorker.run(SuiteRunnerWorker.java:86)
	at org.testng.TestNG.runSuitesSequentially(TestNG.java:1224)
	at org.testng.TestNG.runSuitesLocally(TestNG.java:1149)
	at org.testng.TestNG.run(TestNG.java:1057)
	at org.apache.maven.surefire.testng.TestNGExecutor.run(TestNGExecutor.java:77)
	at org.apache.maven.surefire.testng.TestNGDirectoryTestSuite.executeMulti(TestNGDirectoryTestSuite.java:159)
	at org.apache.maven.surefire.testng.TestNGDirectoryTestSuite.execute(TestNGDirectoryTestSuite.java:99)
	at org.apache.maven.surefire.testng.TestNGProvider.invoke(TestNGProvider.java:106)
	at sun.reflect.NativeMethodAccessorImpl.invoke0(Native Method)
	at sun.reflect.NativeMethodAccessorImpl.invoke(NativeMethodAccessorImpl.java:62)
	at sun.reflect.DelegatingMethodAccessorImpl.invoke(DelegatingMethodAccessorImpl.java:43)
	at java.lang.reflect.Method.invoke(Method.java:483)
	at org.apache.maven.surefire.util.ReflectionUtils.invokeMethodWithArray(ReflectionUtils.java:189)
	at org.apache.maven.surefire.booter.ProviderFactory$ProviderProxy.invoke(ProviderFactory.java:165)
	at org.apache.maven.surefire.booter.ProviderFactory.invokeProvider(ProviderFactory.java:85)
	at org.apache.maven.surefire.booter.ForkedBooter.runSuitesInProcess(ForkedBooter.java:115)
	at org.apache.maven.surefire.booter.ForkedBooter.main(ForkedBooter.java:75)
</pre></div></td>
<td>0</td>
<td>storm.starter.tools.SlidingWindowCounterTest@174d20a</td></tr>
<tr>
<td title='storm.starter.bolt.IntermediateRankingsBoltTest.negativeOrZeroEmitFrequencyShouldThrowIAE()'><b>negativeOrZeroEmitFrequencyShouldThrowIAE</b><br>Test class: storm.starter.bolt.IntermediateRankingsBoltTest<br>Parameters: -10</td>
<td><div><pre>java.lang.IllegalArgumentException: The emit frequency must be &gt;= 1 seconds (you requested -10 seconds)
	at storm.starter.bolt.AbstractRankerBolt.&lt;init&gt;(AbstractRankerBolt.java:47)
	at storm.starter.bolt.IntermediateRankingsBolt.&lt;init&gt;(IntermediateRankingsBolt.java:28)
	at storm.starter.bolt.IntermediateRankingsBoltTest.negativeOrZeroEmitFrequencyShouldThrowIAE(IntermediateRankingsBoltTest.java:51)
... Removed 34 stack frames</pre></div><a href='#' onClick='toggleBox("stack-trace183284570", this, "Click to show all stack frames", "Click to hide stack frames")'>Click to show all stack frames</a>
<div class='stack-trace' id='stack-trace183284570'><pre>java.lang.IllegalArgumentException: The emit frequency must be &gt;= 1 seconds (you requested -10 seconds)
	at storm.starter.bolt.AbstractRankerBolt.&lt;init&gt;(AbstractRankerBolt.java:47)
	at storm.starter.bolt.IntermediateRankingsBolt.&lt;init&gt;(IntermediateRankingsBolt.java:28)
	at storm.starter.bolt.IntermediateRankingsBoltTest.negativeOrZeroEmitFrequencyShouldThrowIAE(IntermediateRankingsBoltTest.java:51)
	at sun.reflect.NativeMethodAccessorImpl.invoke0(Native Method)
	at sun.reflect.NativeMethodAccessorImpl.invoke(NativeMethodAccessorImpl.java:62)
	at sun.reflect.DelegatingMethodAccessorImpl.invoke(DelegatingMethodAccessorImpl.java:43)
	at java.lang.reflect.Method.invoke(Method.java:483)
	at org.testng.internal.MethodInvocationHelper.invokeMethod(MethodInvocationHelper.java:84)
	at org.testng.internal.Invoker.invokeMethod(Invoker.java:714)
	at org.testng.internal.Invoker.invokeTestMethod(Invoker.java:901)
	at org.testng.internal.Invoker.invokeTestMethods(Invoker.java:1231)
	at org.testng.internal.TestMethodWorker.invokeTestMethods(TestMethodWorker.java:127)
	at org.testng.internal.TestMethodWorker.run(TestMethodWorker.java:111)
	at org.testng.TestRunner.privateRun(TestRunner.java:767)
	at org.testng.TestRunner.run(TestRunner.java:617)
	at org.testng.SuiteRunner.runTest(SuiteRunner.java:334)
	at org.testng.SuiteRunner.runSequentially(SuiteRunner.java:329)
	at org.testng.SuiteRunner.privateRun(SuiteRunner.java:291)
	at org.testng.SuiteRunner.run(SuiteRunner.java:240)
	at org.testng.SuiteRunnerWorker.runSuite(SuiteRunnerWorker.java:52)
	at org.testng.SuiteRunnerWorker.run(SuiteRunnerWorker.java:86)
	at org.testng.TestNG.runSuitesSequentially(TestNG.java:1224)
	at org.testng.TestNG.runSuitesLocally(TestNG.java:1149)
	at org.testng.TestNG.run(TestNG.java:1057)
	at org.apache.maven.surefire.testng.TestNGExecutor.run(TestNGExecutor.java:77)
	at org.apache.maven.surefire.testng.TestNGDirectoryTestSuite.executeMulti(TestNGDirectoryTestSuite.java:159)
	at org.apache.maven.surefire.testng.TestNGDirectoryTestSuite.execute(TestNGDirectoryTestSuite.java:99)
	at org.apache.maven.surefire.testng.TestNGProvider.invoke(TestNGProvider.java:106)
	at sun.reflect.NativeMethodAccessorImpl.invoke0(Native Method)
	at sun.reflect.NativeMethodAccessorImpl.invoke(NativeMethodAccessorImpl.java:62)
	at sun.reflect.DelegatingMethodAccessorImpl.invoke(DelegatingMethodAccessorImpl.java:43)
	at java.lang.reflect.Method.invoke(Method.java:483)
	at org.apache.maven.surefire.util.ReflectionUtils.invokeMethodWithArray(ReflectionUtils.java:189)
	at org.apache.maven.surefire.booter.ProviderFactory$ProviderProxy.invoke(ProviderFactory.java:165)
	at org.apache.maven.surefire.booter.ProviderFactory.invokeProvider(ProviderFactory.java:85)
	at org.apache.maven.surefire.booter.ForkedBooter.runSuitesInProcess(ForkedBooter.java:115)
	at org.apache.maven.surefire.booter.ForkedBooter.main(ForkedBooter.java:75)
</pre></div></td>
<td>0</td>
<td>storm.starter.bolt.IntermediateRankingsBoltTest@215be6bb</td></tr>
<tr>
<td title='storm.starter.bolt.IntermediateRankingsBoltTest.negativeOrZeroEmitFrequencyShouldThrowIAE()'><b>negativeOrZeroEmitFrequencyShouldThrowIAE</b><br>Test class: storm.starter.bolt.IntermediateRankingsBoltTest<br>Parameters: -3</td>
<td><div><pre>java.lang.IllegalArgumentException: The emit frequency must be &gt;= 1 seconds (you requested -3 seconds)
	at storm.starter.bolt.AbstractRankerBolt.&lt;init&gt;(AbstractRankerBolt.java:47)
	at storm.starter.bolt.IntermediateRankingsBolt.&lt;init&gt;(IntermediateRankingsBolt.java:28)
	at storm.starter.bolt.IntermediateRankingsBoltTest.negativeOrZeroEmitFrequencyShouldThrowIAE(IntermediateRankingsBoltTest.java:51)
... Removed 34 stack frames</pre></div><a href='#' onClick='toggleBox("stack-trace1607305514", this, "Click to show all stack frames", "Click to hide stack frames")'>Click to show all stack frames</a>
<div class='stack-trace' id='stack-trace1607305514'><pre>java.lang.IllegalArgumentException: The emit frequency must be &gt;= 1 seconds (you requested -3 seconds)
	at storm.starter.bolt.AbstractRankerBolt.&lt;init&gt;(AbstractRankerBolt.java:47)
	at storm.starter.bolt.IntermediateRankingsBolt.&lt;init&gt;(IntermediateRankingsBolt.java:28)
	at storm.starter.bolt.IntermediateRankingsBoltTest.negativeOrZeroEmitFrequencyShouldThrowIAE(IntermediateRankingsBoltTest.java:51)
	at sun.reflect.NativeMethodAccessorImpl.invoke0(Native Method)
	at sun.reflect.NativeMethodAccessorImpl.invoke(NativeMethodAccessorImpl.java:62)
	at sun.reflect.DelegatingMethodAccessorImpl.invoke(DelegatingMethodAccessorImpl.java:43)
	at java.lang.reflect.Method.invoke(Method.java:483)
	at org.testng.internal.MethodInvocationHelper.invokeMethod(MethodInvocationHelper.java:84)
	at org.testng.internal.Invoker.invokeMethod(Invoker.java:714)
	at org.testng.internal.Invoker.invokeTestMethod(Invoker.java:901)
	at org.testng.internal.Invoker.invokeTestMethods(Invoker.java:1231)
	at org.testng.internal.TestMethodWorker.invokeTestMethods(TestMethodWorker.java:127)
	at org.testng.internal.TestMethodWorker.run(TestMethodWorker.java:111)
	at org.testng.TestRunner.privateRun(TestRunner.java:767)
	at org.testng.TestRunner.run(TestRunner.java:617)
	at org.testng.SuiteRunner.runTest(SuiteRunner.java:334)
	at org.testng.SuiteRunner.runSequentially(SuiteRunner.java:329)
	at org.testng.SuiteRunner.privateRun(SuiteRunner.java:291)
	at org.testng.SuiteRunner.run(SuiteRunner.java:240)
	at org.testng.SuiteRunnerWorker.runSuite(SuiteRunnerWorker.java:52)
	at org.testng.SuiteRunnerWorker.run(SuiteRunnerWorker.java:86)
	at org.testng.TestNG.runSuitesSequentially(TestNG.java:1224)
	at org.testng.TestNG.runSuitesLocally(TestNG.java:1149)
	at org.testng.TestNG.run(TestNG.java:1057)
	at org.apache.maven.surefire.testng.TestNGExecutor.run(TestNGExecutor.java:77)
	at org.apache.maven.surefire.testng.TestNGDirectoryTestSuite.executeMulti(TestNGDirectoryTestSuite.java:159)
	at org.apache.maven.surefire.testng.TestNGDirectoryTestSuite.execute(TestNGDirectoryTestSuite.java:99)
	at org.apache.maven.surefire.testng.TestNGProvider.invoke(TestNGProvider.java:106)
	at sun.reflect.NativeMethodAccessorImpl.invoke0(Native Method)
	at sun.reflect.NativeMethodAccessorImpl.invoke(NativeMethodAccessorImpl.java:62)
	at sun.reflect.DelegatingMethodAccessorImpl.invoke(DelegatingMethodAccessorImpl.java:43)
	at java.lang.reflect.Method.invoke(Method.java:483)
	at org.apache.maven.surefire.util.ReflectionUtils.invokeMethodWithArray(ReflectionUtils.java:189)
	at org.apache.maven.surefire.booter.ProviderFactory$ProviderProxy.invoke(ProviderFactory.java:165)
	at org.apache.maven.surefire.booter.ProviderFactory.invokeProvider(ProviderFactory.java:85)
	at org.apache.maven.surefire.booter.ForkedBooter.runSuitesInProcess(ForkedBooter.java:115)
	at org.apache.maven.surefire.booter.ForkedBooter.main(ForkedBooter.java:75)
</pre></div></td>
<td>0</td>
<td>storm.starter.bolt.IntermediateRankingsBoltTest@215be6bb</td></tr>
<tr>
<td title='storm.starter.bolt.IntermediateRankingsBoltTest.negativeOrZeroEmitFrequencyShouldThrowIAE()'><b>negativeOrZeroEmitFrequencyShouldThrowIAE</b><br>Test class: storm.starter.bolt.IntermediateRankingsBoltTest<br>Parameters: -2</td>
<td><div><pre>java.lang.IllegalArgumentException: The emit frequency must be &gt;= 1 seconds (you requested -2 seconds)
	at storm.starter.bolt.AbstractRankerBolt.&lt;init&gt;(AbstractRankerBolt.java:47)
	at storm.starter.bolt.IntermediateRankingsBolt.&lt;init&gt;(IntermediateRankingsBolt.java:28)
	at storm.starter.bolt.IntermediateRankingsBoltTest.negativeOrZeroEmitFrequencyShouldThrowIAE(IntermediateRankingsBoltTest.java:51)
... Removed 34 stack frames</pre></div><a href='#' onClick='toggleBox("stack-trace146305349", this, "Click to show all stack frames", "Click to hide stack frames")'>Click to show all stack frames</a>
<div class='stack-trace' id='stack-trace146305349'><pre>java.lang.IllegalArgumentException: The emit frequency must be &gt;= 1 seconds (you requested -2 seconds)
	at storm.starter.bolt.AbstractRankerBolt.&lt;init&gt;(AbstractRankerBolt.java:47)
	at storm.starter.bolt.IntermediateRankingsBolt.&lt;init&gt;(IntermediateRankingsBolt.java:28)
	at storm.starter.bolt.IntermediateRankingsBoltTest.negativeOrZeroEmitFrequencyShouldThrowIAE(IntermediateRankingsBoltTest.java:51)
	at sun.reflect.NativeMethodAccessorImpl.invoke0(Native Method)
	at sun.reflect.NativeMethodAccessorImpl.invoke(NativeMethodAccessorImpl.java:62)
	at sun.reflect.DelegatingMethodAccessorImpl.invoke(DelegatingMethodAccessorImpl.java:43)
	at java.lang.reflect.Method.invoke(Method.java:483)
	at org.testng.internal.MethodInvocationHelper.invokeMethod(MethodInvocationHelper.java:84)
	at org.testng.internal.Invoker.invokeMethod(Invoker.java:714)
	at org.testng.internal.Invoker.invokeTestMethod(Invoker.java:901)
	at org.testng.internal.Invoker.invokeTestMethods(Invoker.java:1231)
	at org.testng.internal.TestMethodWorker.invokeTestMethods(TestMethodWorker.java:127)
	at org.testng.internal.TestMethodWorker.run(TestMethodWorker.java:111)
	at org.testng.TestRunner.privateRun(TestRunner.java:767)
	at org.testng.TestRunner.run(TestRunner.java:617)
	at org.testng.SuiteRunner.runTest(SuiteRunner.java:334)
	at org.testng.SuiteRunner.runSequentially(SuiteRunner.java:329)
	at org.testng.SuiteRunner.privateRun(SuiteRunner.java:291)
	at org.testng.SuiteRunner.run(SuiteRunner.java:240)
	at org.testng.SuiteRunnerWorker.runSuite(SuiteRunnerWorker.java:52)
	at org.testng.SuiteRunnerWorker.run(SuiteRunnerWorker.java:86)
	at org.testng.TestNG.runSuitesSequentially(TestNG.java:1224)
	at org.testng.TestNG.runSuitesLocally(TestNG.java:1149)
	at org.testng.TestNG.run(TestNG.java:1057)
	at org.apache.maven.surefire.testng.TestNGExecutor.run(TestNGExecutor.java:77)
	at org.apache.maven.surefire.testng.TestNGDirectoryTestSuite.executeMulti(TestNGDirectoryTestSuite.java:159)
	at org.apache.maven.surefire.testng.TestNGDirectoryTestSuite.execute(TestNGDirectoryTestSuite.java:99)
	at org.apache.maven.surefire.testng.TestNGProvider.invoke(TestNGProvider.java:106)
	at sun.reflect.NativeMethodAccessorImpl.invoke0(Native Method)
	at sun.reflect.NativeMethodAccessorImpl.invoke(NativeMethodAccessorImpl.java:62)
	at sun.reflect.DelegatingMethodAccessorImpl.invoke(DelegatingMethodAccessorImpl.java:43)
	at java.lang.reflect.Method.invoke(Method.java:483)
	at org.apache.maven.surefire.util.ReflectionUtils.invokeMethodWithArray(ReflectionUtils.java:189)
	at org.apache.maven.surefire.booter.ProviderFactory$ProviderProxy.invoke(ProviderFactory.java:165)
	at org.apache.maven.surefire.booter.ProviderFactory.invokeProvider(ProviderFactory.java:85)
	at org.apache.maven.surefire.booter.ForkedBooter.runSuitesInProcess(ForkedBooter.java:115)
	at org.apache.maven.surefire.booter.ForkedBooter.main(ForkedBooter.java:75)
</pre></div></td>
<td>0</td>
<td>storm.starter.bolt.IntermediateRankingsBoltTest@215be6bb</td></tr>
<tr>
<td title='storm.starter.bolt.IntermediateRankingsBoltTest.negativeOrZeroEmitFrequencyShouldThrowIAE()'><b>negativeOrZeroEmitFrequencyShouldThrowIAE</b><br>Test class: storm.starter.bolt.IntermediateRankingsBoltTest<br>Parameters: -1</td>
<td><div><pre>java.lang.IllegalArgumentException: The emit frequency must be &gt;= 1 seconds (you requested -1 seconds)
	at storm.starter.bolt.AbstractRankerBolt.&lt;init&gt;(AbstractRankerBolt.java:47)
	at storm.starter.bolt.IntermediateRankingsBolt.&lt;init&gt;(IntermediateRankingsBolt.java:28)
	at storm.starter.bolt.IntermediateRankingsBoltTest.negativeOrZeroEmitFrequencyShouldThrowIAE(IntermediateRankingsBoltTest.java:51)
... Removed 34 stack frames</pre></div><a href='#' onClick='toggleBox("stack-trace1686369710", this, "Click to show all stack frames", "Click to hide stack frames")'>Click to show all stack frames</a>
<div class='stack-trace' id='stack-trace1686369710'><pre>java.lang.IllegalArgumentException: The emit frequency must be &gt;= 1 seconds (you requested -1 seconds)
	at storm.starter.bolt.AbstractRankerBolt.&lt;init&gt;(AbstractRankerBolt.java:47)
	at storm.starter.bolt.IntermediateRankingsBolt.&lt;init&gt;(IntermediateRankingsBolt.java:28)
	at storm.starter.bolt.IntermediateRankingsBoltTest.negativeOrZeroEmitFrequencyShouldThrowIAE(IntermediateRankingsBoltTest.java:51)
	at sun.reflect.NativeMethodAccessorImpl.invoke0(Native Method)
	at sun.reflect.NativeMethodAccessorImpl.invoke(NativeMethodAccessorImpl.java:62)
	at sun.reflect.DelegatingMethodAccessorImpl.invoke(DelegatingMethodAccessorImpl.java:43)
	at java.lang.reflect.Method.invoke(Method.java:483)
	at org.testng.internal.MethodInvocationHelper.invokeMethod(MethodInvocationHelper.java:84)
	at org.testng.internal.Invoker.invokeMethod(Invoker.java:714)
	at org.testng.internal.Invoker.invokeTestMethod(Invoker.java:901)
	at org.testng.internal.Invoker.invokeTestMethods(Invoker.java:1231)
	at org.testng.internal.TestMethodWorker.invokeTestMethods(TestMethodWorker.java:127)
	at org.testng.internal.TestMethodWorker.run(TestMethodWorker.java:111)
	at org.testng.TestRunner.privateRun(TestRunner.java:767)
	at org.testng.TestRunner.run(TestRunner.java:617)
	at org.testng.SuiteRunner.runTest(SuiteRunner.java:334)
	at org.testng.SuiteRunner.runSequentially(SuiteRunner.java:329)
	at org.testng.SuiteRunner.privateRun(SuiteRunner.java:291)
	at org.testng.SuiteRunner.run(SuiteRunner.java:240)
	at org.testng.SuiteRunnerWorker.runSuite(SuiteRunnerWorker.java:52)
	at org.testng.SuiteRunnerWorker.run(SuiteRunnerWorker.java:86)
	at org.testng.TestNG.runSuitesSequentially(TestNG.java:1224)
	at org.testng.TestNG.runSuitesLocally(TestNG.java:1149)
	at org.testng.TestNG.run(TestNG.java:1057)
	at org.apache.maven.surefire.testng.TestNGExecutor.run(TestNGExecutor.java:77)
	at org.apache.maven.surefire.testng.TestNGDirectoryTestSuite.executeMulti(TestNGDirectoryTestSuite.java:159)
	at org.apache.maven.surefire.testng.TestNGDirectoryTestSuite.execute(TestNGDirectoryTestSuite.java:99)
	at org.apache.maven.surefire.testng.TestNGProvider.invoke(TestNGProvider.java:106)
	at sun.reflect.NativeMethodAccessorImpl.invoke0(Native Method)
	at sun.reflect.NativeMethodAccessorImpl.invoke(NativeMethodAccessorImpl.java:62)
	at sun.reflect.DelegatingMethodAccessorImpl.invoke(DelegatingMethodAccessorImpl.java:43)
	at java.lang.reflect.Method.invoke(Method.java:483)
	at org.apache.maven.surefire.util.ReflectionUtils.invokeMethodWithArray(ReflectionUtils.java:189)
	at org.apache.maven.surefire.booter.ProviderFactory$ProviderProxy.invoke(ProviderFactory.java:165)
	at org.apache.maven.surefire.booter.ProviderFactory.invokeProvider(ProviderFactory.java:85)
	at org.apache.maven.surefire.booter.ForkedBooter.runSuitesInProcess(ForkedBooter.java:115)
	at org.apache.maven.surefire.booter.ForkedBooter.main(ForkedBooter.java:75)
</pre></div></td>
<td>0</td>
<td>storm.starter.bolt.IntermediateRankingsBoltTest@215be6bb</td></tr>
<tr>
<td title='storm.starter.bolt.IntermediateRankingsBoltTest.negativeOrZeroEmitFrequencyShouldThrowIAE()'><b>negativeOrZeroEmitFrequencyShouldThrowIAE</b><br>Test class: storm.starter.bolt.IntermediateRankingsBoltTest<br>Parameters: 0</td>
<td><div><pre>java.lang.IllegalArgumentException: The emit frequency must be &gt;= 1 seconds (you requested 0 seconds)
	at storm.starter.bolt.AbstractRankerBolt.&lt;init&gt;(AbstractRankerBolt.java:47)
	at storm.starter.bolt.IntermediateRankingsBolt.&lt;init&gt;(IntermediateRankingsBolt.java:28)
	at storm.starter.bolt.IntermediateRankingsBoltTest.negativeOrZeroEmitFrequencyShouldThrowIAE(IntermediateRankingsBoltTest.java:51)
... Removed 34 stack frames</pre></div><a href='#' onClick='toggleBox("stack-trace194706439", this, "Click to show all stack frames", "Click to hide stack frames")'>Click to show all stack frames</a>
<div class='stack-trace' id='stack-trace194706439'><pre>java.lang.IllegalArgumentException: The emit frequency must be &gt;= 1 seconds (you requested 0 seconds)
	at storm.starter.bolt.AbstractRankerBolt.&lt;init&gt;(AbstractRankerBolt.java:47)
	at storm.starter.bolt.IntermediateRankingsBolt.&lt;init&gt;(IntermediateRankingsBolt.java:28)
	at storm.starter.bolt.IntermediateRankingsBoltTest.negativeOrZeroEmitFrequencyShouldThrowIAE(IntermediateRankingsBoltTest.java:51)
	at sun.reflect.NativeMethodAccessorImpl.invoke0(Native Method)
	at sun.reflect.NativeMethodAccessorImpl.invoke(NativeMethodAccessorImpl.java:62)
	at sun.reflect.DelegatingMethodAccessorImpl.invoke(DelegatingMethodAccessorImpl.java:43)
	at java.lang.reflect.Method.invoke(Method.java:483)
	at org.testng.internal.MethodInvocationHelper.invokeMethod(MethodInvocationHelper.java:84)
	at org.testng.internal.Invoker.invokeMethod(Invoker.java:714)
	at org.testng.internal.Invoker.invokeTestMethod(Invoker.java:901)
	at org.testng.internal.Invoker.invokeTestMethods(Invoker.java:1231)
	at org.testng.internal.TestMethodWorker.invokeTestMethods(TestMethodWorker.java:127)
	at org.testng.internal.TestMethodWorker.run(TestMethodWorker.java:111)
	at org.testng.TestRunner.privateRun(TestRunner.java:767)
	at org.testng.TestRunner.run(TestRunner.java:617)
	at org.testng.SuiteRunner.runTest(SuiteRunner.java:334)
	at org.testng.SuiteRunner.runSequentially(SuiteRunner.java:329)
	at org.testng.SuiteRunner.privateRun(SuiteRunner.java:291)
	at org.testng.SuiteRunner.run(SuiteRunner.java:240)
	at org.testng.SuiteRunnerWorker.runSuite(SuiteRunnerWorker.java:52)
	at org.testng.SuiteRunnerWorker.run(SuiteRunnerWorker.java:86)
	at org.testng.TestNG.runSuitesSequentially(TestNG.java:1224)
	at org.testng.TestNG.runSuitesLocally(TestNG.java:1149)
	at org.testng.TestNG.run(TestNG.java:1057)
	at org.apache.maven.surefire.testng.TestNGExecutor.run(TestNGExecutor.java:77)
	at org.apache.maven.surefire.testng.TestNGDirectoryTestSuite.executeMulti(TestNGDirectoryTestSuite.java:159)
	at org.apache.maven.surefire.testng.TestNGDirectoryTestSuite.execute(TestNGDirectoryTestSuite.java:99)
	at org.apache.maven.surefire.testng.TestNGProvider.invoke(TestNGProvider.java:106)
	at sun.reflect.NativeMethodAccessorImpl.invoke0(Native Method)
	at sun.reflect.NativeMethodAccessorImpl.invoke(NativeMethodAccessorImpl.java:62)
	at sun.reflect.DelegatingMethodAccessorImpl.invoke(DelegatingMethodAccessorImpl.java:43)
	at java.lang.reflect.Method.invoke(Method.java:483)
	at org.apache.maven.surefire.util.ReflectionUtils.invokeMethodWithArray(ReflectionUtils.java:189)
	at org.apache.maven.surefire.booter.ProviderFactory$ProviderProxy.invoke(ProviderFactory.java:165)
	at org.apache.maven.surefire.booter.ProviderFactory.invokeProvider(ProviderFactory.java:85)
	at org.apache.maven.surefire.booter.ForkedBooter.runSuitesInProcess(ForkedBooter.java:115)
	at org.apache.maven.surefire.booter.ForkedBooter.main(ForkedBooter.java:75)
</pre></div></td>
<td>0</td>
<td>storm.starter.bolt.IntermediateRankingsBoltTest@215be6bb</td></tr>
<tr>
<td title='storm.starter.bolt.TotalRankingsBoltTest.negativeOrZeroEmitFrequencyShouldThrowIAE()'><b>negativeOrZeroEmitFrequencyShouldThrowIAE</b><br>Test class: storm.starter.bolt.TotalRankingsBoltTest<br>Parameters: -10</td>
<td><div><pre>java.lang.IllegalArgumentException: The emit frequency must be &gt;= 1 seconds (you requested -10 seconds)
	at storm.starter.bolt.AbstractRankerBolt.&lt;init&gt;(AbstractRankerBolt.java:47)
	at storm.starter.bolt.TotalRankingsBolt.&lt;init&gt;(TotalRankingsBolt.java:27)
	at storm.starter.bolt.TotalRankingsBoltTest.negativeOrZeroEmitFrequencyShouldThrowIAE(TotalRankingsBoltTest.java:52)
... Removed 34 stack frames</pre></div><a href='#' onClick='toggleBox("stack-trace690339675", this, "Click to show all stack frames", "Click to hide stack frames")'>Click to show all stack frames</a>
<div class='stack-trace' id='stack-trace690339675'><pre>java.lang.IllegalArgumentException: The emit frequency must be &gt;= 1 seconds (you requested -10 seconds)
	at storm.starter.bolt.AbstractRankerBolt.&lt;init&gt;(AbstractRankerBolt.java:47)
	at storm.starter.bolt.TotalRankingsBolt.&lt;init&gt;(TotalRankingsBolt.java:27)
	at storm.starter.bolt.TotalRankingsBoltTest.negativeOrZeroEmitFrequencyShouldThrowIAE(TotalRankingsBoltTest.java:52)
	at sun.reflect.NativeMethodAccessorImpl.invoke0(Native Method)
	at sun.reflect.NativeMethodAccessorImpl.invoke(NativeMethodAccessorImpl.java:62)
	at sun.reflect.DelegatingMethodAccessorImpl.invoke(DelegatingMethodAccessorImpl.java:43)
	at java.lang.reflect.Method.invoke(Method.java:483)
	at org.testng.internal.MethodInvocationHelper.invokeMethod(MethodInvocationHelper.java:84)
	at org.testng.internal.Invoker.invokeMethod(Invoker.java:714)
	at org.testng.internal.Invoker.invokeTestMethod(Invoker.java:901)
	at org.testng.internal.Invoker.invokeTestMethods(Invoker.java:1231)
	at org.testng.internal.TestMethodWorker.invokeTestMethods(TestMethodWorker.java:127)
	at org.testng.internal.TestMethodWorker.run(TestMethodWorker.java:111)
	at org.testng.TestRunner.privateRun(TestRunner.java:767)
	at org.testng.TestRunner.run(TestRunner.java:617)
	at org.testng.SuiteRunner.runTest(SuiteRunner.java:334)
	at org.testng.SuiteRunner.runSequentially(SuiteRunner.java:329)
	at org.testng.SuiteRunner.privateRun(SuiteRunner.java:291)
	at org.testng.SuiteRunner.run(SuiteRunner.java:240)
	at org.testng.SuiteRunnerWorker.runSuite(SuiteRunnerWorker.java:52)
	at org.testng.SuiteRunnerWorker.run(SuiteRunnerWorker.java:86)
	at org.testng.TestNG.runSuitesSequentially(TestNG.java:1224)
	at org.testng.TestNG.runSuitesLocally(TestNG.java:1149)
	at org.testng.TestNG.run(TestNG.java:1057)
	at org.apache.maven.surefire.testng.TestNGExecutor.run(TestNGExecutor.java:77)
	at org.apache.maven.surefire.testng.TestNGDirectoryTestSuite.executeMulti(TestNGDirectoryTestSuite.java:159)
	at org.apache.maven.surefire.testng.TestNGDirectoryTestSuite.execute(TestNGDirectoryTestSuite.java:99)
	at org.apache.maven.surefire.testng.TestNGProvider.invoke(TestNGProvider.java:106)
	at sun.reflect.NativeMethodAccessorImpl.invoke0(Native Method)
	at sun.reflect.NativeMethodAccessorImpl.invoke(NativeMethodAccessorImpl.java:62)
	at sun.reflect.DelegatingMethodAccessorImpl.invoke(DelegatingMethodAccessorImpl.java:43)
	at java.lang.reflect.Method.invoke(Method.java:483)
	at org.apache.maven.surefire.util.ReflectionUtils.invokeMethodWithArray(ReflectionUtils.java:189)
	at org.apache.maven.surefire.booter.ProviderFactory$ProviderProxy.invoke(ProviderFactory.java:165)
	at org.apache.maven.surefire.booter.ProviderFactory.invokeProvider(ProviderFactory.java:85)
	at org.apache.maven.surefire.booter.ForkedBooter.runSuitesInProcess(ForkedBooter.java:115)
	at org.apache.maven.surefire.booter.ForkedBooter.main(ForkedBooter.java:75)
</pre></div></td>
<td>0</td>
<td>storm.starter.bolt.TotalRankingsBoltTest@4439f31e</td></tr>
<tr>
<td title='storm.starter.bolt.TotalRankingsBoltTest.negativeOrZeroEmitFrequencyShouldThrowIAE()'><b>negativeOrZeroEmitFrequencyShouldThrowIAE</b><br>Test class: storm.starter.bolt.TotalRankingsBoltTest<br>Parameters: -3</td>
<td><div><pre>java.lang.IllegalArgumentException: The emit frequency must be &gt;= 1 seconds (you requested -3 seconds)
	at storm.starter.bolt.AbstractRankerBolt.&lt;init&gt;(AbstractRankerBolt.java:47)
	at storm.starter.bolt.TotalRankingsBolt.&lt;init&gt;(TotalRankingsBolt.java:27)
	at storm.starter.bolt.TotalRankingsBoltTest.negativeOrZeroEmitFrequencyShouldThrowIAE(TotalRankingsBoltTest.java:52)
... Removed 34 stack frames</pre></div><a href='#' onClick='toggleBox("stack-trace1896828359", this, "Click to show all stack frames", "Click to hide stack frames")'>Click to show all stack frames</a>
<div class='stack-trace' id='stack-trace1896828359'><pre>java.lang.IllegalArgumentException: The emit frequency must be &gt;= 1 seconds (you requested -3 seconds)
	at storm.starter.bolt.AbstractRankerBolt.&lt;init&gt;(AbstractRankerBolt.java:47)
	at storm.starter.bolt.TotalRankingsBolt.&lt;init&gt;(TotalRankingsBolt.java:27)
	at storm.starter.bolt.TotalRankingsBoltTest.negativeOrZeroEmitFrequencyShouldThrowIAE(TotalRankingsBoltTest.java:52)
	at sun.reflect.NativeMethodAccessorImpl.invoke0(Native Method)
	at sun.reflect.NativeMethodAccessorImpl.invoke(NativeMethodAccessorImpl.java:62)
	at sun.reflect.DelegatingMethodAccessorImpl.invoke(DelegatingMethodAccessorImpl.java:43)
	at java.lang.reflect.Method.invoke(Method.java:483)
	at org.testng.internal.MethodInvocationHelper.invokeMethod(MethodInvocationHelper.java:84)
	at org.testng.internal.Invoker.invokeMethod(Invoker.java:714)
	at org.testng.internal.Invoker.invokeTestMethod(Invoker.java:901)
	at org.testng.internal.Invoker.invokeTestMethods(Invoker.java:1231)
	at org.testng.internal.TestMethodWorker.invokeTestMethods(TestMethodWorker.java:127)
	at org.testng.internal.TestMethodWorker.run(TestMethodWorker.java:111)
	at org.testng.TestRunner.privateRun(TestRunner.java:767)
	at org.testng.TestRunner.run(TestRunner.java:617)
	at org.testng.SuiteRunner.runTest(SuiteRunner.java:334)
	at org.testng.SuiteRunner.runSequentially(SuiteRunner.java:329)
	at org.testng.SuiteRunner.privateRun(SuiteRunner.java:291)
	at org.testng.SuiteRunner.run(SuiteRunner.java:240)
	at org.testng.SuiteRunnerWorker.runSuite(SuiteRunnerWorker.java:52)
	at org.testng.SuiteRunnerWorker.run(SuiteRunnerWorker.java:86)
	at org.testng.TestNG.runSuitesSequentially(TestNG.java:1224)
	at org.testng.TestNG.runSuitesLocally(TestNG.java:1149)
	at org.testng.TestNG.run(TestNG.java:1057)
	at org.apache.maven.surefire.testng.TestNGExecutor.run(TestNGExecutor.java:77)
	at org.apache.maven.surefire.testng.TestNGDirectoryTestSuite.executeMulti(TestNGDirectoryTestSuite.java:159)
	at org.apache.maven.surefire.testng.TestNGDirectoryTestSuite.execute(TestNGDirectoryTestSuite.java:99)
	at org.apache.maven.surefire.testng.TestNGProvider.invoke(TestNGProvider.java:106)
	at sun.reflect.NativeMethodAccessorImpl.invoke0(Native Method)
	at sun.reflect.NativeMethodAccessorImpl.invoke(NativeMethodAccessorImpl.java:62)
	at sun.reflect.DelegatingMethodAccessorImpl.invoke(DelegatingMethodAccessorImpl.java:43)
	at java.lang.reflect.Method.invoke(Method.java:483)
	at org.apache.maven.surefire.util.ReflectionUtils.invokeMethodWithArray(ReflectionUtils.java:189)
	at org.apache.maven.surefire.booter.ProviderFactory$ProviderProxy.invoke(ProviderFactory.java:165)
	at org.apache.maven.surefire.booter.ProviderFactory.invokeProvider(ProviderFactory.java:85)
	at org.apache.maven.surefire.booter.ForkedBooter.runSuitesInProcess(ForkedBooter.java:115)
	at org.apache.maven.surefire.booter.ForkedBooter.main(ForkedBooter.java:75)
</pre></div></td>
<td>0</td>
<td>storm.starter.bolt.TotalRankingsBoltTest@4439f31e</td></tr>
<tr>
<td title='storm.starter.bolt.TotalRankingsBoltTest.negativeOrZeroEmitFrequencyShouldThrowIAE()'><b>negativeOrZeroEmitFrequencyShouldThrowIAE</b><br>Test class: storm.starter.bolt.TotalRankingsBoltTest<br>Parameters: -2</td>
<td><div><pre>java.lang.IllegalArgumentException: The emit frequency must be &gt;= 1 seconds (you requested -2 seconds)
	at storm.starter.bolt.AbstractRankerBolt.&lt;init&gt;(AbstractRankerBolt.java:47)
	at storm.starter.bolt.TotalRankingsBolt.&lt;init&gt;(TotalRankingsBolt.java:27)
	at storm.starter.bolt.TotalRankingsBoltTest.negativeOrZeroEmitFrequencyShouldThrowIAE(TotalRankingsBoltTest.java:52)
... Removed 34 stack frames</pre></div><a href='#' onClick='toggleBox("stack-trace536122141", this, "Click to show all stack frames", "Click to hide stack frames")'>Click to show all stack frames</a>
<div class='stack-trace' id='stack-trace536122141'><pre>java.lang.IllegalArgumentException: The emit frequency must be &gt;= 1 seconds (you requested -2 seconds)
	at storm.starter.bolt.AbstractRankerBolt.&lt;init&gt;(AbstractRankerBolt.java:47)
	at storm.starter.bolt.TotalRankingsBolt.&lt;init&gt;(TotalRankingsBolt.java:27)
	at storm.starter.bolt.TotalRankingsBoltTest.negativeOrZeroEmitFrequencyShouldThrowIAE(TotalRankingsBoltTest.java:52)
	at sun.reflect.NativeMethodAccessorImpl.invoke0(Native Method)
	at sun.reflect.NativeMethodAccessorImpl.invoke(NativeMethodAccessorImpl.java:62)
	at sun.reflect.DelegatingMethodAccessorImpl.invoke(DelegatingMethodAccessorImpl.java:43)
	at java.lang.reflect.Method.invoke(Method.java:483)
	at org.testng.internal.MethodInvocationHelper.invokeMethod(MethodInvocationHelper.java:84)
	at org.testng.internal.Invoker.invokeMethod(Invoker.java:714)
	at org.testng.internal.Invoker.invokeTestMethod(Invoker.java:901)
	at org.testng.internal.Invoker.invokeTestMethods(Invoker.java:1231)
	at org.testng.internal.TestMethodWorker.invokeTestMethods(TestMethodWorker.java:127)
	at org.testng.internal.TestMethodWorker.run(TestMethodWorker.java:111)
	at org.testng.TestRunner.privateRun(TestRunner.java:767)
	at org.testng.TestRunner.run(TestRunner.java:617)
	at org.testng.SuiteRunner.runTest(SuiteRunner.java:334)
	at org.testng.SuiteRunner.runSequentially(SuiteRunner.java:329)
	at org.testng.SuiteRunner.privateRun(SuiteRunner.java:291)
	at org.testng.SuiteRunner.run(SuiteRunner.java:240)
	at org.testng.SuiteRunnerWorker.runSuite(SuiteRunnerWorker.java:52)
	at org.testng.SuiteRunnerWorker.run(SuiteRunnerWorker.java:86)
	at org.testng.TestNG.runSuitesSequentially(TestNG.java:1224)
	at org.testng.TestNG.runSuitesLocally(TestNG.java:1149)
	at org.testng.TestNG.run(TestNG.java:1057)
	at org.apache.maven.surefire.testng.TestNGExecutor.run(TestNGExecutor.java:77)
	at org.apache.maven.surefire.testng.TestNGDirectoryTestSuite.executeMulti(TestNGDirectoryTestSuite.java:159)
	at org.apache.maven.surefire.testng.TestNGDirectoryTestSuite.execute(TestNGDirectoryTestSuite.java:99)
	at org.apache.maven.surefire.testng.TestNGProvider.invoke(TestNGProvider.java:106)
	at sun.reflect.NativeMethodAccessorImpl.invoke0(Native Method)
	at sun.reflect.NativeMethodAccessorImpl.invoke(NativeMethodAccessorImpl.java:62)
	at sun.reflect.DelegatingMethodAccessorImpl.invoke(DelegatingMethodAccessorImpl.java:43)
	at java.lang.reflect.Method.invoke(Method.java:483)
	at org.apache.maven.surefire.util.ReflectionUtils.invokeMethodWithArray(ReflectionUtils.java:189)
	at org.apache.maven.surefire.booter.ProviderFactory$ProviderProxy.invoke(ProviderFactory.java:165)
	at org.apache.maven.surefire.booter.ProviderFactory.invokeProvider(ProviderFactory.java:85)
	at org.apache.maven.surefire.booter.ForkedBooter.runSuitesInProcess(ForkedBooter.java:115)
	at org.apache.maven.surefire.booter.ForkedBooter.main(ForkedBooter.java:75)
</pre></div></td>
<td>0</td>
<td>storm.starter.bolt.TotalRankingsBoltTest@4439f31e</td></tr>
<tr>
<td title='storm.starter.bolt.TotalRankingsBoltTest.negativeOrZeroEmitFrequencyShouldThrowIAE()'><b>negativeOrZeroEmitFrequencyShouldThrowIAE</b><br>Test class: storm.starter.bolt.TotalRankingsBoltTest<br>Parameters: -1</td>
<td><div><pre>java.lang.IllegalArgumentException: The emit frequency must be &gt;= 1 seconds (you requested -1 seconds)
	at storm.starter.bolt.AbstractRankerBolt.&lt;init&gt;(AbstractRankerBolt.java:47)
	at storm.starter.bolt.TotalRankingsBolt.&lt;init&gt;(TotalRankingsBolt.java:27)
	at storm.starter.bolt.TotalRankingsBoltTest.negativeOrZeroEmitFrequencyShouldThrowIAE(TotalRankingsBoltTest.java:52)
... Removed 34 stack frames</pre></div><a href='#' onClick='toggleBox("stack-trace1709804316", this, "Click to show all stack frames", "Click to hide stack frames")'>Click to show all stack frames</a>
<div class='stack-trace' id='stack-trace1709804316'><pre>java.lang.IllegalArgumentException: The emit frequency must be &gt;= 1 seconds (you requested -1 seconds)
	at storm.starter.bolt.AbstractRankerBolt.&lt;init&gt;(AbstractRankerBolt.java:47)
	at storm.starter.bolt.TotalRankingsBolt.&lt;init&gt;(TotalRankingsBolt.java:27)
	at storm.starter.bolt.TotalRankingsBoltTest.negativeOrZeroEmitFrequencyShouldThrowIAE(TotalRankingsBoltTest.java:52)
	at sun.reflect.NativeMethodAccessorImpl.invoke0(Native Method)
	at sun.reflect.NativeMethodAccessorImpl.invoke(NativeMethodAccessorImpl.java:62)
	at sun.reflect.DelegatingMethodAccessorImpl.invoke(DelegatingMethodAccessorImpl.java:43)
	at java.lang.reflect.Method.invoke(Method.java:483)
	at org.testng.internal.MethodInvocationHelper.invokeMethod(MethodInvocationHelper.java:84)
	at org.testng.internal.Invoker.invokeMethod(Invoker.java:714)
	at org.testng.internal.Invoker.invokeTestMethod(Invoker.java:901)
	at org.testng.internal.Invoker.invokeTestMethods(Invoker.java:1231)
	at org.testng.internal.TestMethodWorker.invokeTestMethods(TestMethodWorker.java:127)
	at org.testng.internal.TestMethodWorker.run(TestMethodWorker.java:111)
	at org.testng.TestRunner.privateRun(TestRunner.java:767)
	at org.testng.TestRunner.run(TestRunner.java:617)
	at org.testng.SuiteRunner.runTest(SuiteRunner.java:334)
	at org.testng.SuiteRunner.runSequentially(SuiteRunner.java:329)
	at org.testng.SuiteRunner.privateRun(SuiteRunner.java:291)
	at org.testng.SuiteRunner.run(SuiteRunner.java:240)
	at org.testng.SuiteRunnerWorker.runSuite(SuiteRunnerWorker.java:52)
	at org.testng.SuiteRunnerWorker.run(SuiteRunnerWorker.java:86)
	at org.testng.TestNG.runSuitesSequentially(TestNG.java:1224)
	at org.testng.TestNG.runSuitesLocally(TestNG.java:1149)
	at org.testng.TestNG.run(TestNG.java:1057)
	at org.apache.maven.surefire.testng.TestNGExecutor.run(TestNGExecutor.java:77)
	at org.apache.maven.surefire.testng.TestNGDirectoryTestSuite.executeMulti(TestNGDirectoryTestSuite.java:159)
	at org.apache.maven.surefire.testng.TestNGDirectoryTestSuite.execute(TestNGDirectoryTestSuite.java:99)
	at org.apache.maven.surefire.testng.TestNGProvider.invoke(TestNGProvider.java:106)
	at sun.reflect.NativeMethodAccessorImpl.invoke0(Native Method)
	at sun.reflect.NativeMethodAccessorImpl.invoke(NativeMethodAccessorImpl.java:62)
	at sun.reflect.DelegatingMethodAccessorImpl.invoke(DelegatingMethodAccessorImpl.java:43)
	at java.lang.reflect.Method.invoke(Method.java:483)
	at org.apache.maven.surefire.util.ReflectionUtils.invokeMethodWithArray(ReflectionUtils.java:189)
	at org.apache.maven.surefire.booter.ProviderFactory$ProviderProxy.invoke(ProviderFactory.java:165)
	at org.apache.maven.surefire.booter.ProviderFactory.invokeProvider(ProviderFactory.java:85)
	at org.apache.maven.surefire.booter.ForkedBooter.runSuitesInProcess(ForkedBooter.java:115)
	at org.apache.maven.surefire.booter.ForkedBooter.main(ForkedBooter.java:75)
</pre></div></td>
<td>0</td>
<td>storm.starter.bolt.TotalRankingsBoltTest@4439f31e</td></tr>
<tr>
<td title='storm.starter.bolt.TotalRankingsBoltTest.negativeOrZeroEmitFrequencyShouldThrowIAE()'><b>negativeOrZeroEmitFrequencyShouldThrowIAE</b><br>Test class: storm.starter.bolt.TotalRankingsBoltTest<br>Parameters: 0</td>
<td><div><pre>java.lang.IllegalArgumentException: The emit frequency must be &gt;= 1 seconds (you requested 0 seconds)
	at storm.starter.bolt.AbstractRankerBolt.&lt;init&gt;(AbstractRankerBolt.java:47)
	at storm.starter.bolt.TotalRankingsBolt.&lt;init&gt;(TotalRankingsBolt.java:27)
	at storm.starter.bolt.TotalRankingsBoltTest.negativeOrZeroEmitFrequencyShouldThrowIAE(TotalRankingsBoltTest.java:52)
... Removed 34 stack frames</pre></div><a href='#' onClick='toggleBox("stack-trace1630678941", this, "Click to show all stack frames", "Click to hide stack frames")'>Click to show all stack frames</a>
<div class='stack-trace' id='stack-trace1630678941'><pre>java.lang.IllegalArgumentException: The emit frequency must be &gt;= 1 seconds (you requested 0 seconds)
	at storm.starter.bolt.AbstractRankerBolt.&lt;init&gt;(AbstractRankerBolt.java:47)
	at storm.starter.bolt.TotalRankingsBolt.&lt;init&gt;(TotalRankingsBolt.java:27)
	at storm.starter.bolt.TotalRankingsBoltTest.negativeOrZeroEmitFrequencyShouldThrowIAE(TotalRankingsBoltTest.java:52)
	at sun.reflect.NativeMethodAccessorImpl.invoke0(Native Method)
	at sun.reflect.NativeMethodAccessorImpl.invoke(NativeMethodAccessorImpl.java:62)
	at sun.reflect.DelegatingMethodAccessorImpl.invoke(DelegatingMethodAccessorImpl.java:43)
	at java.lang.reflect.Method.invoke(Method.java:483)
	at org.testng.internal.MethodInvocationHelper.invokeMethod(MethodInvocationHelper.java:84)
	at org.testng.internal.Invoker.invokeMethod(Invoker.java:714)
	at org.testng.internal.Invoker.invokeTestMethod(Invoker.java:901)
	at org.testng.internal.Invoker.invokeTestMethods(Invoker.java:1231)
	at org.testng.internal.TestMethodWorker.invokeTestMethods(TestMethodWorker.java:127)
	at org.testng.internal.TestMethodWorker.run(TestMethodWorker.java:111)
	at org.testng.TestRunner.privateRun(TestRunner.java:767)
	at org.testng.TestRunner.run(TestRunner.java:617)
	at org.testng.SuiteRunner.runTest(SuiteRunner.java:334)
	at org.testng.SuiteRunner.runSequentially(SuiteRunner.java:329)
	at org.testng.SuiteRunner.privateRun(SuiteRunner.java:291)
	at org.testng.SuiteRunner.run(SuiteRunner.java:240)
	at org.testng.SuiteRunnerWorker.runSuite(SuiteRunnerWorker.java:52)
	at org.testng.SuiteRunnerWorker.run(SuiteRunnerWorker.java:86)
	at org.testng.TestNG.runSuitesSequentially(TestNG.java:1224)
	at org.testng.TestNG.runSuitesLocally(TestNG.java:1149)
	at org.testng.TestNG.run(TestNG.java:1057)
	at org.apache.maven.surefire.testng.TestNGExecutor.run(TestNGExecutor.java:77)
	at org.apache.maven.surefire.testng.TestNGDirectoryTestSuite.executeMulti(TestNGDirectoryTestSuite.java:159)
	at org.apache.maven.surefire.testng.TestNGDirectoryTestSuite.execute(TestNGDirectoryTestSuite.java:99)
	at org.apache.maven.surefire.testng.TestNGProvider.invoke(TestNGProvider.java:106)
	at sun.reflect.NativeMethodAccessorImpl.invoke0(Native Method)
	at sun.reflect.NativeMethodAccessorImpl.invoke(NativeMethodAccessorImpl.java:62)
	at sun.reflect.DelegatingMethodAccessorImpl.invoke(DelegatingMethodAccessorImpl.java:43)
	at java.lang.reflect.Method.invoke(Method.java:483)
	at org.apache.maven.surefire.util.ReflectionUtils.invokeMethodWithArray(ReflectionUtils.java:189)
	at org.apache.maven.surefire.booter.ProviderFactory$ProviderProxy.invoke(ProviderFactory.java:165)
	at org.apache.maven.surefire.booter.ProviderFactory.invokeProvider(ProviderFactory.java:85)
	at org.apache.maven.surefire.booter.ForkedBooter.runSuitesInProcess(ForkedBooter.java:115)
	at org.apache.maven.surefire.booter.ForkedBooter.main(ForkedBooter.java:75)
</pre></div></td>
<td>0</td>
<td>storm.starter.bolt.TotalRankingsBoltTest@4439f31e</td></tr>
<tr>
<td title='storm.starter.tools.SlotBasedCounterTest.negativeOrZeroNumSlotsShouldThrowIAE()'><b>negativeOrZeroNumSlotsShouldThrowIAE</b><br>Test class: storm.starter.tools.SlotBasedCounterTest<br>Parameters: -10</td>
<td><div><pre>java.lang.IllegalArgumentException: Number of slots must be greater than zero (you requested -10)
	at storm.starter.tools.SlotBasedCounter.&lt;init&gt;(SlotBasedCounter.java:25)
	at storm.starter.tools.SlotBasedCounterTest.negativeOrZeroNumSlotsShouldThrowIAE(SlotBasedCounterTest.java:23)
... Removed 34 stack frames</pre></div><a href='#' onClick='toggleBox("stack-trace195228908", this, "Click to show all stack frames", "Click to hide stack frames")'>Click to show all stack frames</a>
<div class='stack-trace' id='stack-trace195228908'><pre>java.lang.IllegalArgumentException: Number of slots must be greater than zero (you requested -10)
	at storm.starter.tools.SlotBasedCounter.&lt;init&gt;(SlotBasedCounter.java:25)
	at storm.starter.tools.SlotBasedCounterTest.negativeOrZeroNumSlotsShouldThrowIAE(SlotBasedCounterTest.java:23)
	at sun.reflect.NativeMethodAccessorImpl.invoke0(Native Method)
	at sun.reflect.NativeMethodAccessorImpl.invoke(NativeMethodAccessorImpl.java:62)
	at sun.reflect.DelegatingMethodAccessorImpl.invoke(DelegatingMethodAccessorImpl.java:43)
	at java.lang.reflect.Method.invoke(Method.java:483)
	at org.testng.internal.MethodInvocationHelper.invokeMethod(MethodInvocationHelper.java:84)
	at org.testng.internal.Invoker.invokeMethod(Invoker.java:714)
	at org.testng.internal.Invoker.invokeTestMethod(Invoker.java:901)
	at org.testng.internal.Invoker.invokeTestMethods(Invoker.java:1231)
	at org.testng.internal.TestMethodWorker.invokeTestMethods(TestMethodWorker.java:127)
	at org.testng.internal.TestMethodWorker.run(TestMethodWorker.java:111)
	at org.testng.TestRunner.privateRun(TestRunner.java:767)
	at org.testng.TestRunner.run(TestRunner.java:617)
	at org.testng.SuiteRunner.runTest(SuiteRunner.java:334)
	at org.testng.SuiteRunner.runSequentially(SuiteRunner.java:329)
	at org.testng.SuiteRunner.privateRun(SuiteRunner.java:291)
	at org.testng.SuiteRunner.run(SuiteRunner.java:240)
	at org.testng.SuiteRunnerWorker.runSuite(SuiteRunnerWorker.java:52)
	at org.testng.SuiteRunnerWorker.run(SuiteRunnerWorker.java:86)
	at org.testng.TestNG.runSuitesSequentially(TestNG.java:1224)
	at org.testng.TestNG.runSuitesLocally(TestNG.java:1149)
	at org.testng.TestNG.run(TestNG.java:1057)
	at org.apache.maven.surefire.testng.TestNGExecutor.run(TestNGExecutor.java:77)
	at org.apache.maven.surefire.testng.TestNGDirectoryTestSuite.executeMulti(TestNGDirectoryTestSuite.java:159)
	at org.apache.maven.surefire.testng.TestNGDirectoryTestSuite.execute(TestNGDirectoryTestSuite.java:99)
	at org.apache.maven.surefire.testng.TestNGProvider.invoke(TestNGProvider.java:106)
	at sun.reflect.NativeMethodAccessorImpl.invoke0(Native Method)
	at sun.reflect.NativeMethodAccessorImpl.invoke(NativeMethodAccessorImpl.java:62)
	at sun.reflect.DelegatingMethodAccessorImpl.invoke(DelegatingMethodAccessorImpl.java:43)
	at java.lang.reflect.Method.invoke(Method.java:483)
	at org.apache.maven.surefire.util.ReflectionUtils.invokeMethodWithArray(ReflectionUtils.java:189)
	at org.apache.maven.surefire.booter.ProviderFactory$ProviderProxy.invoke(ProviderFactory.java:165)
	at org.apache.maven.surefire.booter.ProviderFactory.invokeProvider(ProviderFactory.java:85)
	at org.apache.maven.surefire.booter.ForkedBooter.runSuitesInProcess(ForkedBooter.java:115)
	at org.apache.maven.surefire.booter.ForkedBooter.main(ForkedBooter.java:75)
</pre></div></td>
<td>0</td>
<td>storm.starter.tools.SlotBasedCounterTest@23ceabc1</td></tr>
<tr>
<td title='storm.starter.tools.SlotBasedCounterTest.negativeOrZeroNumSlotsShouldThrowIAE()'><b>negativeOrZeroNumSlotsShouldThrowIAE</b><br>Test class: storm.starter.tools.SlotBasedCounterTest<br>Parameters: -3</td>
<td><div><pre>java.lang.IllegalArgumentException: Number of slots must be greater than zero (you requested -3)
	at storm.starter.tools.SlotBasedCounter.&lt;init&gt;(SlotBasedCounter.java:25)
	at storm.starter.tools.SlotBasedCounterTest.negativeOrZeroNumSlotsShouldThrowIAE(SlotBasedCounterTest.java:23)
... Removed 34 stack frames</pre></div><a href='#' onClick='toggleBox("stack-trace471579726", this, "Click to show all stack frames", "Click to hide stack frames")'>Click to show all stack frames</a>
<div class='stack-trace' id='stack-trace471579726'><pre>java.lang.IllegalArgumentException: Number of slots must be greater than zero (you requested -3)
	at storm.starter.tools.SlotBasedCounter.&lt;init&gt;(SlotBasedCounter.java:25)
	at storm.starter.tools.SlotBasedCounterTest.negativeOrZeroNumSlotsShouldThrowIAE(SlotBasedCounterTest.java:23)
	at sun.reflect.NativeMethodAccessorImpl.invoke0(Native Method)
	at sun.reflect.NativeMethodAccessorImpl.invoke(NativeMethodAccessorImpl.java:62)
	at sun.reflect.DelegatingMethodAccessorImpl.invoke(DelegatingMethodAccessorImpl.java:43)
	at java.lang.reflect.Method.invoke(Method.java:483)
	at org.testng.internal.MethodInvocationHelper.invokeMethod(MethodInvocationHelper.java:84)
	at org.testng.internal.Invoker.invokeMethod(Invoker.java:714)
	at org.testng.internal.Invoker.invokeTestMethod(Invoker.java:901)
	at org.testng.internal.Invoker.invokeTestMethods(Invoker.java:1231)
	at org.testng.internal.TestMethodWorker.invokeTestMethods(TestMethodWorker.java:127)
	at org.testng.internal.TestMethodWorker.run(TestMethodWorker.java:111)
	at org.testng.TestRunner.privateRun(TestRunner.java:767)
	at org.testng.TestRunner.run(TestRunner.java:617)
	at org.testng.SuiteRunner.runTest(SuiteRunner.java:334)
	at org.testng.SuiteRunner.runSequentially(SuiteRunner.java:329)
	at org.testng.SuiteRunner.privateRun(SuiteRunner.java:291)
	at org.testng.SuiteRunner.run(SuiteRunner.java:240)
	at org.testng.SuiteRunnerWorker.runSuite(SuiteRunnerWorker.java:52)
	at org.testng.SuiteRunnerWorker.run(SuiteRunnerWorker.java:86)
	at org.testng.TestNG.runSuitesSequentially(TestNG.java:1224)
	at org.testng.TestNG.runSuitesLocally(TestNG.java:1149)
	at org.testng.TestNG.run(TestNG.java:1057)
	at org.apache.maven.surefire.testng.TestNGExecutor.run(TestNGExecutor.java:77)
	at org.apache.maven.surefire.testng.TestNGDirectoryTestSuite.executeMulti(TestNGDirectoryTestSuite.java:159)
	at org.apache.maven.surefire.testng.TestNGDirectoryTestSuite.execute(TestNGDirectoryTestSuite.java:99)
	at org.apache.maven.surefire.testng.TestNGProvider.invoke(TestNGProvider.java:106)
	at sun.reflect.NativeMethodAccessorImpl.invoke0(Native Method)
	at sun.reflect.NativeMethodAccessorImpl.invoke(NativeMethodAccessorImpl.java:62)
	at sun.reflect.DelegatingMethodAccessorImpl.invoke(DelegatingMethodAccessorImpl.java:43)
	at java.lang.reflect.Method.invoke(Method.java:483)
	at org.apache.maven.surefire.util.ReflectionUtils.invokeMethodWithArray(ReflectionUtils.java:189)
	at org.apache.maven.surefire.booter.ProviderFactory$ProviderProxy.invoke(ProviderFactory.java:165)
	at org.apache.maven.surefire.booter.ProviderFactory.invokeProvider(ProviderFactory.java:85)
	at org.apache.maven.surefire.booter.ForkedBooter.runSuitesInProcess(ForkedBooter.java:115)
	at org.apache.maven.surefire.booter.ForkedBooter.main(ForkedBooter.java:75)
</pre></div></td>
<td>0</td>
<td>storm.starter.tools.SlotBasedCounterTest@23ceabc1</td></tr>
<tr>
<td title='storm.starter.tools.SlotBasedCounterTest.negativeOrZeroNumSlotsShouldThrowIAE()'><b>negativeOrZeroNumSlotsShouldThrowIAE</b><br>Test class: storm.starter.tools.SlotBasedCounterTest<br>Parameters: -2</td>
<td><div><pre>java.lang.IllegalArgumentException: Number of slots must be greater than zero (you requested -2)
	at storm.starter.tools.SlotBasedCounter.&lt;init&gt;(SlotBasedCounter.java:25)
	at storm.starter.tools.SlotBasedCounterTest.negativeOrZeroNumSlotsShouldThrowIAE(SlotBasedCounterTest.java:23)
... Removed 34 stack frames</pre></div><a href='#' onClick='toggleBox("stack-trace1442726378", this, "Click to show all stack frames", "Click to hide stack frames")'>Click to show all stack frames</a>
<div class='stack-trace' id='stack-trace1442726378'><pre>java.lang.IllegalArgumentException: Number of slots must be greater than zero (you requested -2)
	at storm.starter.tools.SlotBasedCounter.&lt;init&gt;(SlotBasedCounter.java:25)
	at storm.starter.tools.SlotBasedCounterTest.negativeOrZeroNumSlotsShouldThrowIAE(SlotBasedCounterTest.java:23)
	at sun.reflect.NativeMethodAccessorImpl.invoke0(Native Method)
	at sun.reflect.NativeMethodAccessorImpl.invoke(NativeMethodAccessorImpl.java:62)
	at sun.reflect.DelegatingMethodAccessorImpl.invoke(DelegatingMethodAccessorImpl.java:43)
	at java.lang.reflect.Method.invoke(Method.java:483)
	at org.testng.internal.MethodInvocationHelper.invokeMethod(MethodInvocationHelper.java:84)
	at org.testng.internal.Invoker.invokeMethod(Invoker.java:714)
	at org.testng.internal.Invoker.invokeTestMethod(Invoker.java:901)
	at org.testng.internal.Invoker.invokeTestMethods(Invoker.java:1231)
	at org.testng.internal.TestMethodWorker.invokeTestMethods(TestMethodWorker.java:127)
	at org.testng.internal.TestMethodWorker.run(TestMethodWorker.java:111)
	at org.testng.TestRunner.privateRun(TestRunner.java:767)
	at org.testng.TestRunner.run(TestRunner.java:617)
	at org.testng.SuiteRunner.runTest(SuiteRunner.java:334)
	at org.testng.SuiteRunner.runSequentially(SuiteRunner.java:329)
	at org.testng.SuiteRunner.privateRun(SuiteRunner.java:291)
	at org.testng.SuiteRunner.run(SuiteRunner.java:240)
	at org.testng.SuiteRunnerWorker.runSuite(SuiteRunnerWorker.java:52)
	at org.testng.SuiteRunnerWorker.run(SuiteRunnerWorker.java:86)
	at org.testng.TestNG.runSuitesSequentially(TestNG.java:1224)
	at org.testng.TestNG.runSuitesLocally(TestNG.java:1149)
	at org.testng.TestNG.run(TestNG.java:1057)
	at org.apache.maven.surefire.testng.TestNGExecutor.run(TestNGExecutor.java:77)
	at org.apache.maven.surefire.testng.TestNGDirectoryTestSuite.executeMulti(TestNGDirectoryTestSuite.java:159)
	at org.apache.maven.surefire.testng.TestNGDirectoryTestSuite.execute(TestNGDirectoryTestSuite.java:99)
	at org.apache.maven.surefire.testng.TestNGProvider.invoke(TestNGProvider.java:106)
	at sun.reflect.NativeMethodAccessorImpl.invoke0(Native Method)
	at sun.reflect.NativeMethodAccessorImpl.invoke(NativeMethodAccessorImpl.java:62)
	at sun.reflect.DelegatingMethodAccessorImpl.invoke(DelegatingMethodAccessorImpl.java:43)
	at java.lang.reflect.Method.invoke(Method.java:483)
	at org.apache.maven.surefire.util.ReflectionUtils.invokeMethodWithArray(ReflectionUtils.java:189)
	at org.apache.maven.surefire.booter.ProviderFactory$ProviderProxy.invoke(ProviderFactory.java:165)
	at org.apache.maven.surefire.booter.ProviderFactory.invokeProvider(ProviderFactory.java:85)
	at org.apache.maven.surefire.booter.ForkedBooter.runSuitesInProcess(ForkedBooter.java:115)
	at org.apache.maven.surefire.booter.ForkedBooter.main(ForkedBooter.java:75)
</pre></div></td>
<td>0</td>
<td>storm.starter.tools.SlotBasedCounterTest@23ceabc1</td></tr>
<tr>
<td title='storm.starter.tools.SlotBasedCounterTest.negativeOrZeroNumSlotsShouldThrowIAE()'><b>negativeOrZeroNumSlotsShouldThrowIAE</b><br>Test class: storm.starter.tools.SlotBasedCounterTest<br>Parameters: -1</td>
<td><div><pre>java.lang.IllegalArgumentException: Number of slots must be greater than zero (you requested -1)
	at storm.starter.tools.SlotBasedCounter.&lt;init&gt;(SlotBasedCounter.java:25)
	at storm.starter.tools.SlotBasedCounterTest.negativeOrZeroNumSlotsShouldThrowIAE(SlotBasedCounterTest.java:23)
... Removed 34 stack frames</pre></div><a href='#' onClick='toggleBox("stack-trace16503286", this, "Click to show all stack frames", "Click to hide stack frames")'>Click to show all stack frames</a>
<div class='stack-trace' id='stack-trace16503286'><pre>java.lang.IllegalArgumentException: Number of slots must be greater than zero (you requested -1)
	at storm.starter.tools.SlotBasedCounter.&lt;init&gt;(SlotBasedCounter.java:25)
	at storm.starter.tools.SlotBasedCounterTest.negativeOrZeroNumSlotsShouldThrowIAE(SlotBasedCounterTest.java:23)
	at sun.reflect.NativeMethodAccessorImpl.invoke0(Native Method)
	at sun.reflect.NativeMethodAccessorImpl.invoke(NativeMethodAccessorImpl.java:62)
	at sun.reflect.DelegatingMethodAccessorImpl.invoke(DelegatingMethodAccessorImpl.java:43)
	at java.lang.reflect.Method.invoke(Method.java:483)
	at org.testng.internal.MethodInvocationHelper.invokeMethod(MethodInvocationHelper.java:84)
	at org.testng.internal.Invoker.invokeMethod(Invoker.java:714)
	at org.testng.internal.Invoker.invokeTestMethod(Invoker.java:901)
	at org.testng.internal.Invoker.invokeTestMethods(Invoker.java:1231)
	at org.testng.internal.TestMethodWorker.invokeTestMethods(TestMethodWorker.java:127)
	at org.testng.internal.TestMethodWorker.run(TestMethodWorker.java:111)
	at org.testng.TestRunner.privateRun(TestRunner.java:767)
	at org.testng.TestRunner.run(TestRunner.java:617)
	at org.testng.SuiteRunner.runTest(SuiteRunner.java:334)
	at org.testng.SuiteRunner.runSequentially(SuiteRunner.java:329)
	at org.testng.SuiteRunner.privateRun(SuiteRunner.java:291)
	at org.testng.SuiteRunner.run(SuiteRunner.java:240)
	at org.testng.SuiteRunnerWorker.runSuite(SuiteRunnerWorker.java:52)
	at org.testng.SuiteRunnerWorker.run(SuiteRunnerWorker.java:86)
	at org.testng.TestNG.runSuitesSequentially(TestNG.java:1224)
	at org.testng.TestNG.runSuitesLocally(TestNG.java:1149)
	at org.testng.TestNG.run(TestNG.java:1057)
	at org.apache.maven.surefire.testng.TestNGExecutor.run(TestNGExecutor.java:77)
	at org.apache.maven.surefire.testng.TestNGDirectoryTestSuite.executeMulti(TestNGDirectoryTestSuite.java:159)
	at org.apache.maven.surefire.testng.TestNGDirectoryTestSuite.execute(TestNGDirectoryTestSuite.java:99)
	at org.apache.maven.surefire.testng.TestNGProvider.invoke(TestNGProvider.java:106)
	at sun.reflect.NativeMethodAccessorImpl.invoke0(Native Method)
	at sun.reflect.NativeMethodAccessorImpl.invoke(NativeMethodAccessorImpl.java:62)
	at sun.reflect.DelegatingMethodAccessorImpl.invoke(DelegatingMethodAccessorImpl.java:43)
	at java.lang.reflect.Method.invoke(Method.java:483)
	at org.apache.maven.surefire.util.ReflectionUtils.invokeMethodWithArray(ReflectionUtils.java:189)
	at org.apache.maven.surefire.booter.ProviderFactory$ProviderProxy.invoke(ProviderFactory.java:165)
	at org.apache.maven.surefire.booter.ProviderFactory.invokeProvider(ProviderFactory.java:85)
	at org.apache.maven.surefire.booter.ForkedBooter.runSuitesInProcess(ForkedBooter.java:115)
	at org.apache.maven.surefire.booter.ForkedBooter.main(ForkedBooter.java:75)
</pre></div></td>
<td>0</td>
<td>storm.starter.tools.SlotBasedCounterTest@23ceabc1</td></tr>
<tr>
<td title='storm.starter.tools.SlotBasedCounterTest.negativeOrZeroNumSlotsShouldThrowIAE()'><b>negativeOrZeroNumSlotsShouldThrowIAE</b><br>Test class: storm.starter.tools.SlotBasedCounterTest<br>Parameters: 0</td>
<td><div><pre>java.lang.IllegalArgumentException: Number of slots must be greater than zero (you requested 0)
	at storm.starter.tools.SlotBasedCounter.&lt;init&gt;(SlotBasedCounter.java:25)
	at storm.starter.tools.SlotBasedCounterTest.negativeOrZeroNumSlotsShouldThrowIAE(SlotBasedCounterTest.java:23)
... Removed 34 stack frames</pre></div><a href='#' onClick='toggleBox("stack-trace484589713", this, "Click to show all stack frames", "Click to hide stack frames")'>Click to show all stack frames</a>
<div class='stack-trace' id='stack-trace484589713'><pre>java.lang.IllegalArgumentException: Number of slots must be greater than zero (you requested 0)
	at storm.starter.tools.SlotBasedCounter.&lt;init&gt;(SlotBasedCounter.java:25)
	at storm.starter.tools.SlotBasedCounterTest.negativeOrZeroNumSlotsShouldThrowIAE(SlotBasedCounterTest.java:23)
	at sun.reflect.NativeMethodAccessorImpl.invoke0(Native Method)
	at sun.reflect.NativeMethodAccessorImpl.invoke(NativeMethodAccessorImpl.java:62)
	at sun.reflect.DelegatingMethodAccessorImpl.invoke(DelegatingMethodAccessorImpl.java:43)
	at java.lang.reflect.Method.invoke(Method.java:483)
	at org.testng.internal.MethodInvocationHelper.invokeMethod(MethodInvocationHelper.java:84)
	at org.testng.internal.Invoker.invokeMethod(Invoker.java:714)
	at org.testng.internal.Invoker.invokeTestMethod(Invoker.java:901)
	at org.testng.internal.Invoker.invokeTestMethods(Invoker.java:1231)
	at org.testng.internal.TestMethodWorker.invokeTestMethods(TestMethodWorker.java:127)
	at org.testng.internal.TestMethodWorker.run(TestMethodWorker.java:111)
	at org.testng.TestRunner.privateRun(TestRunner.java:767)
	at org.testng.TestRunner.run(TestRunner.java:617)
	at org.testng.SuiteRunner.runTest(SuiteRunner.java:334)
	at org.testng.SuiteRunner.runSequentially(SuiteRunner.java:329)
	at org.testng.SuiteRunner.privateRun(SuiteRunner.java:291)
	at org.testng.SuiteRunner.run(SuiteRunner.java:240)
	at org.testng.SuiteRunnerWorker.runSuite(SuiteRunnerWorker.java:52)
	at org.testng.SuiteRunnerWorker.run(SuiteRunnerWorker.java:86)
	at org.testng.TestNG.runSuitesSequentially(TestNG.java:1224)
	at org.testng.TestNG.runSuitesLocally(TestNG.java:1149)
	at org.testng.TestNG.run(TestNG.java:1057)
	at org.apache.maven.surefire.testng.TestNGExecutor.run(TestNGExecutor.java:77)
	at org.apache.maven.surefire.testng.TestNGDirectoryTestSuite.executeMulti(TestNGDirectoryTestSuite.java:159)
	at org.apache.maven.surefire.testng.TestNGDirectoryTestSuite.execute(TestNGDirectoryTestSuite.java:99)
	at org.apache.maven.surefire.testng.TestNGProvider.invoke(TestNGProvider.java:106)
	at sun.reflect.NativeMethodAccessorImpl.invoke0(Native Method)
	at sun.reflect.NativeMethodAccessorImpl.invoke(NativeMethodAccessorImpl.java:62)
	at sun.reflect.DelegatingMethodAccessorImpl.invoke(DelegatingMethodAccessorImpl.java:43)
	at java.lang.reflect.Method.invoke(Method.java:483)
	at org.apache.maven.surefire.util.ReflectionUtils.invokeMethodWithArray(ReflectionUtils.java:189)
	at org.apache.maven.surefire.booter.ProviderFactory$ProviderProxy.invoke(ProviderFactory.java:165)
	at org.apache.maven.surefire.booter.ProviderFactory.invokeProvider(ProviderFactory.java:85)
	at org.apache.maven.surefire.booter.ForkedBooter.runSuitesInProcess(ForkedBooter.java:115)
	at org.apache.maven.surefire.booter.ForkedBooter.main(ForkedBooter.java:75)
</pre></div></td>
<td>0</td>
<td>storm.starter.tools.SlotBasedCounterTest@23ceabc1</td></tr>
<tr>
<td title='storm.starter.tools.NthLastModifiedTimeTrackerTest.negativeOrZeroNumTimesToTrackShouldThrowIAE()'><b>negativeOrZeroNumTimesToTrackShouldThrowIAE</b><br>Test class: storm.starter.tools.NthLastModifiedTimeTrackerTest<br>Parameters: -10</td>
<td><div><pre>java.lang.IllegalArgumentException: numTimesToTrack must be greater than zero (you requested -10)
	at storm.starter.tools.NthLastModifiedTimeTracker.&lt;init&gt;(NthLastModifiedTimeTracker.java:22)
	at storm.starter.tools.NthLastModifiedTimeTrackerTest.negativeOrZeroNumTimesToTrackShouldThrowIAE(NthLastModifiedTimeTrackerTest.java:21)
... Removed 34 stack frames</pre></div><a href='#' onClick='toggleBox("stack-trace1438098656", this, "Click to show all stack frames", "Click to hide stack frames")'>Click to show all stack frames</a>
<div class='stack-trace' id='stack-trace1438098656'><pre>java.lang.IllegalArgumentException: numTimesToTrack must be greater than zero (you requested -10)
	at storm.starter.tools.NthLastModifiedTimeTracker.&lt;init&gt;(NthLastModifiedTimeTracker.java:22)
	at storm.starter.tools.NthLastModifiedTimeTrackerTest.negativeOrZeroNumTimesToTrackShouldThrowIAE(NthLastModifiedTimeTrackerTest.java:21)
	at sun.reflect.NativeMethodAccessorImpl.invoke0(Native Method)
	at sun.reflect.NativeMethodAccessorImpl.invoke(NativeMethodAccessorImpl.java:62)
	at sun.reflect.DelegatingMethodAccessorImpl.invoke(DelegatingMethodAccessorImpl.java:43)
	at java.lang.reflect.Method.invoke(Method.java:483)
	at org.testng.internal.MethodInvocationHelper.invokeMethod(MethodInvocationHelper.java:84)
	at org.testng.internal.Invoker.invokeMethod(Invoker.java:714)
	at org.testng.internal.Invoker.invokeTestMethod(Invoker.java:901)
	at org.testng.internal.Invoker.invokeTestMethods(Invoker.java:1231)
	at org.testng.internal.TestMethodWorker.invokeTestMethods(TestMethodWorker.java:127)
	at org.testng.internal.TestMethodWorker.run(TestMethodWorker.java:111)
	at org.testng.TestRunner.privateRun(TestRunner.java:767)
	at org.testng.TestRunner.run(TestRunner.java:617)
	at org.testng.SuiteRunner.runTest(SuiteRunner.java:334)
	at org.testng.SuiteRunner.runSequentially(SuiteRunner.java:329)
	at org.testng.SuiteRunner.privateRun(SuiteRunner.java:291)
	at org.testng.SuiteRunner.run(SuiteRunner.java:240)
	at org.testng.SuiteRunnerWorker.runSuite(SuiteRunnerWorker.java:52)
	at org.testng.SuiteRunnerWorker.run(SuiteRunnerWorker.java:86)
	at org.testng.TestNG.runSuitesSequentially(TestNG.java:1224)
	at org.testng.TestNG.runSuitesLocally(TestNG.java:1149)
	at org.testng.TestNG.run(TestNG.java:1057)
	at org.apache.maven.surefire.testng.TestNGExecutor.run(TestNGExecutor.java:77)
	at org.apache.maven.surefire.testng.TestNGDirectoryTestSuite.executeMulti(TestNGDirectoryTestSuite.java:159)
	at org.apache.maven.surefire.testng.TestNGDirectoryTestSuite.execute(TestNGDirectoryTestSuite.java:99)
	at org.apache.maven.surefire.testng.TestNGProvider.invoke(TestNGProvider.java:106)
	at sun.reflect.NativeMethodAccessorImpl.invoke0(Native Method)
	at sun.reflect.NativeMethodAccessorImpl.invoke(NativeMethodAccessorImpl.java:62)
	at sun.reflect.DelegatingMethodAccessorImpl.invoke(DelegatingMethodAccessorImpl.java:43)
	at java.lang.reflect.Method.invoke(Method.java:483)
	at org.apache.maven.surefire.util.ReflectionUtils.invokeMethodWithArray(ReflectionUtils.java:189)
	at org.apache.maven.surefire.booter.ProviderFactory$ProviderProxy.invoke(ProviderFactory.java:165)
	at org.apache.maven.surefire.booter.ProviderFactory.invokeProvider(ProviderFactory.java:85)
	at org.apache.maven.surefire.booter.ForkedBooter.runSuitesInProcess(ForkedBooter.java:115)
	at org.apache.maven.surefire.booter.ForkedBooter.main(ForkedBooter.java:75)
</pre></div></td>
<td>0</td>
<td>storm.starter.tools.NthLastModifiedTimeTrackerTest@5dfcfece</td></tr>
<tr>
<td title='storm.starter.tools.NthLastModifiedTimeTrackerTest.negativeOrZeroNumTimesToTrackShouldThrowIAE()'><b>negativeOrZeroNumTimesToTrackShouldThrowIAE</b><br>Test class: storm.starter.tools.NthLastModifiedTimeTrackerTest<br>Parameters: -3</td>
<td><div><pre>java.lang.IllegalArgumentException: numTimesToTrack must be greater than zero (you requested -3)
	at storm.starter.tools.NthLastModifiedTimeTracker.&lt;init&gt;(NthLastModifiedTimeTracker.java:22)
	at storm.starter.tools.NthLastModifiedTimeTrackerTest.negativeOrZeroNumTimesToTrackShouldThrowIAE(NthLastModifiedTimeTrackerTest.java:21)
... Removed 34 stack frames</pre></div><a href='#' onClick='toggleBox("stack-trace1594199808", this, "Click to show all stack frames", "Click to hide stack frames")'>Click to show all stack frames</a>
<div class='stack-trace' id='stack-trace1594199808'><pre>java.lang.IllegalArgumentException: numTimesToTrack must be greater than zero (you requested -3)
	at storm.starter.tools.NthLastModifiedTimeTracker.&lt;init&gt;(NthLastModifiedTimeTracker.java:22)
	at storm.starter.tools.NthLastModifiedTimeTrackerTest.negativeOrZeroNumTimesToTrackShouldThrowIAE(NthLastModifiedTimeTrackerTest.java:21)
	at sun.reflect.NativeMethodAccessorImpl.invoke0(Native Method)
	at sun.reflect.NativeMethodAccessorImpl.invoke(NativeMethodAccessorImpl.java:62)
	at sun.reflect.DelegatingMethodAccessorImpl.invoke(DelegatingMethodAccessorImpl.java:43)
	at java.lang.reflect.Method.invoke(Method.java:483)
	at org.testng.internal.MethodInvocationHelper.invokeMethod(MethodInvocationHelper.java:84)
	at org.testng.internal.Invoker.invokeMethod(Invoker.java:714)
	at org.testng.internal.Invoker.invokeTestMethod(Invoker.java:901)
	at org.testng.internal.Invoker.invokeTestMethods(Invoker.java:1231)
	at org.testng.internal.TestMethodWorker.invokeTestMethods(TestMethodWorker.java:127)
	at org.testng.internal.TestMethodWorker.run(TestMethodWorker.java:111)
	at org.testng.TestRunner.privateRun(TestRunner.java:767)
	at org.testng.TestRunner.run(TestRunner.java:617)
	at org.testng.SuiteRunner.runTest(SuiteRunner.java:334)
	at org.testng.SuiteRunner.runSequentially(SuiteRunner.java:329)
	at org.testng.SuiteRunner.privateRun(SuiteRunner.java:291)
	at org.testng.SuiteRunner.run(SuiteRunner.java:240)
	at org.testng.SuiteRunnerWorker.runSuite(SuiteRunnerWorker.java:52)
	at org.testng.SuiteRunnerWorker.run(SuiteRunnerWorker.java:86)
	at org.testng.TestNG.runSuitesSequentially(TestNG.java:1224)
	at org.testng.TestNG.runSuitesLocally(TestNG.java:1149)
	at org.testng.TestNG.run(TestNG.java:1057)
	at org.apache.maven.surefire.testng.TestNGExecutor.run(TestNGExecutor.java:77)
	at org.apache.maven.surefire.testng.TestNGDirectoryTestSuite.executeMulti(TestNGDirectoryTestSuite.java:159)
	at org.apache.maven.surefire.testng.TestNGDirectoryTestSuite.execute(TestNGDirectoryTestSuite.java:99)
	at org.apache.maven.surefire.testng.TestNGProvider.invoke(TestNGProvider.java:106)
	at sun.reflect.NativeMethodAccessorImpl.invoke0(Native Method)
	at sun.reflect.NativeMethodAccessorImpl.invoke(NativeMethodAccessorImpl.java:62)
	at sun.reflect.DelegatingMethodAccessorImpl.invoke(DelegatingMethodAccessorImpl.java:43)
	at java.lang.reflect.Method.invoke(Method.java:483)
	at org.apache.maven.surefire.util.ReflectionUtils.invokeMethodWithArray(ReflectionUtils.java:189)
	at org.apache.maven.surefire.booter.ProviderFactory$ProviderProxy.invoke(ProviderFactory.java:165)
	at org.apache.maven.surefire.booter.ProviderFactory.invokeProvider(ProviderFactory.java:85)
	at org.apache.maven.surefire.booter.ForkedBooter.runSuitesInProcess(ForkedBooter.java:115)
	at org.apache.maven.surefire.booter.ForkedBooter.main(ForkedBooter.java:75)
</pre></div></td>
<td>0</td>
<td>storm.starter.tools.NthLastModifiedTimeTrackerTest@5dfcfece</td></tr>
<tr>
<td title='storm.starter.tools.NthLastModifiedTimeTrackerTest.negativeOrZeroNumTimesToTrackShouldThrowIAE()'><b>negativeOrZeroNumTimesToTrackShouldThrowIAE</b><br>Test class: storm.starter.tools.NthLastModifiedTimeTrackerTest<br>Parameters: -2</td>
<td><div><pre>java.lang.IllegalArgumentException: numTimesToTrack must be greater than zero (you requested -2)
	at storm.starter.tools.NthLastModifiedTimeTracker.&lt;init&gt;(NthLastModifiedTimeTracker.java:22)
	at storm.starter.tools.NthLastModifiedTimeTrackerTest.negativeOrZeroNumTimesToTrackShouldThrowIAE(NthLastModifiedTimeTrackerTest.java:21)
... Removed 34 stack frames</pre></div><a href='#' onClick='toggleBox("stack-trace422396878", this, "Click to show all stack frames", "Click to hide stack frames")'>Click to show all stack frames</a>
<div class='stack-trace' id='stack-trace422396878'><pre>java.lang.IllegalArgumentException: numTimesToTrack must be greater than zero (you requested -2)
	at storm.starter.tools.NthLastModifiedTimeTracker.&lt;init&gt;(NthLastModifiedTimeTracker.java:22)
	at storm.starter.tools.NthLastModifiedTimeTrackerTest.negativeOrZeroNumTimesToTrackShouldThrowIAE(NthLastModifiedTimeTrackerTest.java:21)
	at sun.reflect.NativeMethodAccessorImpl.invoke0(Native Method)
	at sun.reflect.NativeMethodAccessorImpl.invoke(NativeMethodAccessorImpl.java:62)
	at sun.reflect.DelegatingMethodAccessorImpl.invoke(DelegatingMethodAccessorImpl.java:43)
	at java.lang.reflect.Method.invoke(Method.java:483)
	at org.testng.internal.MethodInvocationHelper.invokeMethod(MethodInvocationHelper.java:84)
	at org.testng.internal.Invoker.invokeMethod(Invoker.java:714)
	at org.testng.internal.Invoker.invokeTestMethod(Invoker.java:901)
	at org.testng.internal.Invoker.invokeTestMethods(Invoker.java:1231)
	at org.testng.internal.TestMethodWorker.invokeTestMethods(TestMethodWorker.java:127)
	at org.testng.internal.TestMethodWorker.run(TestMethodWorker.java:111)
	at org.testng.TestRunner.privateRun(TestRunner.java:767)
	at org.testng.TestRunner.run(TestRunner.java:617)
	at org.testng.SuiteRunner.runTest(SuiteRunner.java:334)
	at org.testng.SuiteRunner.runSequentially(SuiteRunner.java:329)
	at org.testng.SuiteRunner.privateRun(SuiteRunner.java:291)
	at org.testng.SuiteRunner.run(SuiteRunner.java:240)
	at org.testng.SuiteRunnerWorker.runSuite(SuiteRunnerWorker.java:52)
	at org.testng.SuiteRunnerWorker.run(SuiteRunnerWorker.java:86)
	at org.testng.TestNG.runSuitesSequentially(TestNG.java:1224)
	at org.testng.TestNG.runSuitesLocally(TestNG.java:1149)
	at org.testng.TestNG.run(TestNG.java:1057)
	at org.apache.maven.surefire.testng.TestNGExecutor.run(TestNGExecutor.java:77)
	at org.apache.maven.surefire.testng.TestNGDirectoryTestSuite.executeMulti(TestNGDirectoryTestSuite.java:159)
	at org.apache.maven.surefire.testng.TestNGDirectoryTestSuite.execute(TestNGDirectoryTestSuite.java:99)
	at org.apache.maven.surefire.testng.TestNGProvider.invoke(TestNGProvider.java:106)
	at sun.reflect.NativeMethodAccessorImpl.invoke0(Native Method)
	at sun.reflect.NativeMethodAccessorImpl.invoke(NativeMethodAccessorImpl.java:62)
	at sun.reflect.DelegatingMethodAccessorImpl.invoke(DelegatingMethodAccessorImpl.java:43)
	at java.lang.reflect.Method.invoke(Method.java:483)
	at org.apache.maven.surefire.util.ReflectionUtils.invokeMethodWithArray(ReflectionUtils.java:189)
	at org.apache.maven.surefire.booter.ProviderFactory$ProviderProxy.invoke(ProviderFactory.java:165)
	at org.apache.maven.surefire.booter.ProviderFactory.invokeProvider(ProviderFactory.java:85)
	at org.apache.maven.surefire.booter.ForkedBooter.runSuitesInProcess(ForkedBooter.java:115)
	at org.apache.maven.surefire.booter.ForkedBooter.main(ForkedBooter.java:75)
</pre></div></td>
<td>0</td>
<td>storm.starter.tools.NthLastModifiedTimeTrackerTest@5dfcfece</td></tr>
<tr>
<td title='storm.starter.tools.NthLastModifiedTimeTrackerTest.negativeOrZeroNumTimesToTrackShouldThrowIAE()'><b>negativeOrZeroNumTimesToTrackShouldThrowIAE</b><br>Test class: storm.starter.tools.NthLastModifiedTimeTrackerTest<br>Parameters: -1</td>
<td><div><pre>java.lang.IllegalArgumentException: numTimesToTrack must be greater than zero (you requested -1)
	at storm.starter.tools.NthLastModifiedTimeTracker.&lt;init&gt;(NthLastModifiedTimeTracker.java:22)
	at storm.starter.tools.NthLastModifiedTimeTrackerTest.negativeOrZeroNumTimesToTrackShouldThrowIAE(NthLastModifiedTimeTrackerTest.java:21)
... Removed 34 stack frames</pre></div><a href='#' onClick='toggleBox("stack-trace1912962767", this, "Click to show all stack frames", "Click to hide stack frames")'>Click to show all stack frames</a>
<div class='stack-trace' id='stack-trace1912962767'><pre>java.lang.IllegalArgumentException: numTimesToTrack must be greater than zero (you requested -1)
	at storm.starter.tools.NthLastModifiedTimeTracker.&lt;init&gt;(NthLastModifiedTimeTracker.java:22)
	at storm.starter.tools.NthLastModifiedTimeTrackerTest.negativeOrZeroNumTimesToTrackShouldThrowIAE(NthLastModifiedTimeTrackerTest.java:21)
	at sun.reflect.NativeMethodAccessorImpl.invoke0(Native Method)
	at sun.reflect.NativeMethodAccessorImpl.invoke(NativeMethodAccessorImpl.java:62)
	at sun.reflect.DelegatingMethodAccessorImpl.invoke(DelegatingMethodAccessorImpl.java:43)
	at java.lang.reflect.Method.invoke(Method.java:483)
	at org.testng.internal.MethodInvocationHelper.invokeMethod(MethodInvocationHelper.java:84)
	at org.testng.internal.Invoker.invokeMethod(Invoker.java:714)
	at org.testng.internal.Invoker.invokeTestMethod(Invoker.java:901)
	at org.testng.internal.Invoker.invokeTestMethods(Invoker.java:1231)
	at org.testng.internal.TestMethodWorker.invokeTestMethods(TestMethodWorker.java:127)
	at org.testng.internal.TestMethodWorker.run(TestMethodWorker.java:111)
	at org.testng.TestRunner.privateRun(TestRunner.java:767)
	at org.testng.TestRunner.run(TestRunner.java:617)
	at org.testng.SuiteRunner.runTest(SuiteRunner.java:334)
	at org.testng.SuiteRunner.runSequentially(SuiteRunner.java:329)
	at org.testng.SuiteRunner.privateRun(SuiteRunner.java:291)
	at org.testng.SuiteRunner.run(SuiteRunner.java:240)
	at org.testng.SuiteRunnerWorker.runSuite(SuiteRunnerWorker.java:52)
	at org.testng.SuiteRunnerWorker.run(SuiteRunnerWorker.java:86)
	at org.testng.TestNG.runSuitesSequentially(TestNG.java:1224)
	at org.testng.TestNG.runSuitesLocally(TestNG.java:1149)
	at org.testng.TestNG.run(TestNG.java:1057)
	at org.apache.maven.surefire.testng.TestNGExecutor.run(TestNGExecutor.java:77)
	at org.apache.maven.surefire.testng.TestNGDirectoryTestSuite.executeMulti(TestNGDirectoryTestSuite.java:159)
	at org.apache.maven.surefire.testng.TestNGDirectoryTestSuite.execute(TestNGDirectoryTestSuite.java:99)
	at org.apache.maven.surefire.testng.TestNGProvider.invoke(TestNGProvider.java:106)
	at sun.reflect.NativeMethodAccessorImpl.invoke0(Native Method)
	at sun.reflect.NativeMethodAccessorImpl.invoke(NativeMethodAccessorImpl.java:62)
	at sun.reflect.DelegatingMethodAccessorImpl.invoke(DelegatingMethodAccessorImpl.java:43)
	at java.lang.reflect.Method.invoke(Method.java:483)
	at org.apache.maven.surefire.util.ReflectionUtils.invokeMethodWithArray(ReflectionUtils.java:189)
	at org.apache.maven.surefire.booter.ProviderFactory$ProviderProxy.invoke(ProviderFactory.java:165)
	at org.apache.maven.surefire.booter.ProviderFactory.invokeProvider(ProviderFactory.java:85)
	at org.apache.maven.surefire.booter.ForkedBooter.runSuitesInProcess(ForkedBooter.java:115)
	at org.apache.maven.surefire.booter.ForkedBooter.main(ForkedBooter.java:75)
</pre></div></td>
<td>0</td>
<td>storm.starter.tools.NthLastModifiedTimeTrackerTest@5dfcfece</td></tr>
<tr>
<td title='storm.starter.tools.NthLastModifiedTimeTrackerTest.negativeOrZeroNumTimesToTrackShouldThrowIAE()'><b>negativeOrZeroNumTimesToTrackShouldThrowIAE</b><br>Test class: storm.starter.tools.NthLastModifiedTimeTrackerTest<br>Parameters: 0</td>
<td><div><pre>java.lang.IllegalArgumentException: numTimesToTrack must be greater than zero (you requested 0)
	at storm.starter.tools.NthLastModifiedTimeTracker.&lt;init&gt;(NthLastModifiedTimeTracker.java:22)
	at storm.starter.tools.NthLastModifiedTimeTrackerTest.negativeOrZeroNumTimesToTrackShouldThrowIAE(NthLastModifiedTimeTrackerTest.java:21)
... Removed 34 stack frames</pre></div><a href='#' onClick='toggleBox("stack-trace452805835", this, "Click to show all stack frames", "Click to hide stack frames")'>Click to show all stack frames</a>
<div class='stack-trace' id='stack-trace452805835'><pre>java.lang.IllegalArgumentException: numTimesToTrack must be greater than zero (you requested 0)
	at storm.starter.tools.NthLastModifiedTimeTracker.&lt;init&gt;(NthLastModifiedTimeTracker.java:22)
	at storm.starter.tools.NthLastModifiedTimeTrackerTest.negativeOrZeroNumTimesToTrackShouldThrowIAE(NthLastModifiedTimeTrackerTest.java:21)
	at sun.reflect.NativeMethodAccessorImpl.invoke0(Native Method)
	at sun.reflect.NativeMethodAccessorImpl.invoke(NativeMethodAccessorImpl.java:62)
	at sun.reflect.DelegatingMethodAccessorImpl.invoke(DelegatingMethodAccessorImpl.java:43)
	at java.lang.reflect.Method.invoke(Method.java:483)
	at org.testng.internal.MethodInvocationHelper.invokeMethod(MethodInvocationHelper.java:84)
	at org.testng.internal.Invoker.invokeMethod(Invoker.java:714)
	at org.testng.internal.Invoker.invokeTestMethod(Invoker.java:901)
	at org.testng.internal.Invoker.invokeTestMethods(Invoker.java:1231)
	at org.testng.internal.TestMethodWorker.invokeTestMethods(TestMethodWorker.java:127)
	at org.testng.internal.TestMethodWorker.run(TestMethodWorker.java:111)
	at org.testng.TestRunner.privateRun(TestRunner.java:767)
	at org.testng.TestRunner.run(TestRunner.java:617)
	at org.testng.SuiteRunner.runTest(SuiteRunner.java:334)
	at org.testng.SuiteRunner.runSequentially(SuiteRunner.java:329)
	at org.testng.SuiteRunner.privateRun(SuiteRunner.java:291)
	at org.testng.SuiteRunner.run(SuiteRunner.java:240)
	at org.testng.SuiteRunnerWorker.runSuite(SuiteRunnerWorker.java:52)
	at org.testng.SuiteRunnerWorker.run(SuiteRunnerWorker.java:86)
	at org.testng.TestNG.runSuitesSequentially(TestNG.java:1224)
	at org.testng.TestNG.runSuitesLocally(TestNG.java:1149)
	at org.testng.TestNG.run(TestNG.java:1057)
	at org.apache.maven.surefire.testng.TestNGExecutor.run(TestNGExecutor.java:77)
	at org.apache.maven.surefire.testng.TestNGDirectoryTestSuite.executeMulti(TestNGDirectoryTestSuite.java:159)
	at org.apache.maven.surefire.testng.TestNGDirectoryTestSuite.execute(TestNGDirectoryTestSuite.java:99)
	at org.apache.maven.surefire.testng.TestNGProvider.invoke(TestNGProvider.java:106)
	at sun.reflect.NativeMethodAccessorImpl.invoke0(Native Method)
	at sun.reflect.NativeMethodAccessorImpl.invoke(NativeMethodAccessorImpl.java:62)
	at sun.reflect.DelegatingMethodAccessorImpl.invoke(DelegatingMethodAccessorImpl.java:43)
	at java.lang.reflect.Method.invoke(Method.java:483)
	at org.apache.maven.surefire.util.ReflectionUtils.invokeMethodWithArray(ReflectionUtils.java:189)
	at org.apache.maven.surefire.booter.ProviderFactory$ProviderProxy.invoke(ProviderFactory.java:165)
	at org.apache.maven.surefire.booter.ProviderFactory.invokeProvider(ProviderFactory.java:85)
	at org.apache.maven.surefire.booter.ForkedBooter.runSuitesInProcess(ForkedBooter.java:115)
	at org.apache.maven.surefire.booter.ForkedBooter.main(ForkedBooter.java:75)
</pre></div></td>
<td>0</td>
<td>storm.starter.tools.NthLastModifiedTimeTrackerTest@5dfcfece</td></tr>
<tr>
<td title='storm.starter.bolt.IntermediateRankingsBoltTest.negativeOrZeroTopNShouldThrowIAE()'><b>negativeOrZeroTopNShouldThrowIAE</b><br>Test class: storm.starter.bolt.IntermediateRankingsBoltTest<br>Parameters: -10</td>
<td><div><pre>java.lang.IllegalArgumentException: topN must be &gt;= 1 (you requested -10)
	at storm.starter.bolt.AbstractRankerBolt.&lt;init&gt;(AbstractRankerBolt.java:44)
	at storm.starter.bolt.AbstractRankerBolt.&lt;init&gt;(AbstractRankerBolt.java:39)
	at storm.starter.bolt.IntermediateRankingsBolt.&lt;init&gt;(IntermediateRankingsBolt.java:24)
	at storm.starter.bolt.IntermediateRankingsBoltTest.negativeOrZeroTopNShouldThrowIAE(IntermediateRankingsBoltTest.java:41)
... Removed 34 stack frames</pre></div><a href='#' onClick='toggleBox("stack-trace942518407", this, "Click to show all stack frames", "Click to hide stack frames")'>Click to show all stack frames</a>
<div class='stack-trace' id='stack-trace942518407'><pre>java.lang.IllegalArgumentException: topN must be &gt;= 1 (you requested -10)
	at storm.starter.bolt.AbstractRankerBolt.&lt;init&gt;(AbstractRankerBolt.java:44)
	at storm.starter.bolt.AbstractRankerBolt.&lt;init&gt;(AbstractRankerBolt.java:39)
	at storm.starter.bolt.IntermediateRankingsBolt.&lt;init&gt;(IntermediateRankingsBolt.java:24)
	at storm.starter.bolt.IntermediateRankingsBoltTest.negativeOrZeroTopNShouldThrowIAE(IntermediateRankingsBoltTest.java:41)
	at sun.reflect.NativeMethodAccessorImpl.invoke0(Native Method)
	at sun.reflect.NativeMethodAccessorImpl.invoke(NativeMethodAccessorImpl.java:62)
	at sun.reflect.DelegatingMethodAccessorImpl.invoke(DelegatingMethodAccessorImpl.java:43)
	at java.lang.reflect.Method.invoke(Method.java:483)
	at org.testng.internal.MethodInvocationHelper.invokeMethod(MethodInvocationHelper.java:84)
	at org.testng.internal.Invoker.invokeMethod(Invoker.java:714)
	at org.testng.internal.Invoker.invokeTestMethod(Invoker.java:901)
	at org.testng.internal.Invoker.invokeTestMethods(Invoker.java:1231)
	at org.testng.internal.TestMethodWorker.invokeTestMethods(TestMethodWorker.java:127)
	at org.testng.internal.TestMethodWorker.run(TestMethodWorker.java:111)
	at org.testng.TestRunner.privateRun(TestRunner.java:767)
	at org.testng.TestRunner.run(TestRunner.java:617)
	at org.testng.SuiteRunner.runTest(SuiteRunner.java:334)
	at org.testng.SuiteRunner.runSequentially(SuiteRunner.java:329)
	at org.testng.SuiteRunner.privateRun(SuiteRunner.java:291)
	at org.testng.SuiteRunner.run(SuiteRunner.java:240)
	at org.testng.SuiteRunnerWorker.runSuite(SuiteRunnerWorker.java:52)
	at org.testng.SuiteRunnerWorker.run(SuiteRunnerWorker.java:86)
	at org.testng.TestNG.runSuitesSequentially(TestNG.java:1224)
	at org.testng.TestNG.runSuitesLocally(TestNG.java:1149)
	at org.testng.TestNG.run(TestNG.java:1057)
	at org.apache.maven.surefire.testng.TestNGExecutor.run(TestNGExecutor.java:77)
	at org.apache.maven.surefire.testng.TestNGDirectoryTestSuite.executeMulti(TestNGDirectoryTestSuite.java:159)
	at org.apache.maven.surefire.testng.TestNGDirectoryTestSuite.execute(TestNGDirectoryTestSuite.java:99)
	at org.apache.maven.surefire.testng.TestNGProvider.invoke(TestNGProvider.java:106)
	at sun.reflect.NativeMethodAccessorImpl.invoke0(Native Method)
	at sun.reflect.NativeMethodAccessorImpl.invoke(NativeMethodAccessorImpl.java:62)
	at sun.reflect.DelegatingMethodAccessorImpl.invoke(DelegatingMethodAccessorImpl.java:43)
	at java.lang.reflect.Method.invoke(Method.java:483)
	at org.apache.maven.surefire.util.ReflectionUtils.invokeMethodWithArray(ReflectionUtils.java:189)
	at org.apache.maven.surefire.booter.ProviderFactory$ProviderProxy.invoke(ProviderFactory.java:165)
	at org.apache.maven.surefire.booter.ProviderFactory.invokeProvider(ProviderFactory.java:85)
	at org.apache.maven.surefire.booter.ForkedBooter.runSuitesInProcess(ForkedBooter.java:115)
	at org.apache.maven.surefire.booter.ForkedBooter.main(ForkedBooter.java:75)
</pre></div></td>
<td>0</td>
<td>storm.starter.bolt.IntermediateRankingsBoltTest@215be6bb</td></tr>
<tr>
<td title='storm.starter.bolt.IntermediateRankingsBoltTest.negativeOrZeroTopNShouldThrowIAE()'><b>negativeOrZeroTopNShouldThrowIAE</b><br>Test class: storm.starter.bolt.IntermediateRankingsBoltTest<br>Parameters: -3</td>
<td><div><pre>java.lang.IllegalArgumentException: topN must be &gt;= 1 (you requested -3)
	at storm.starter.bolt.AbstractRankerBolt.&lt;init&gt;(AbstractRankerBolt.java:44)
	at storm.starter.bolt.AbstractRankerBolt.&lt;init&gt;(AbstractRankerBolt.java:39)
	at storm.starter.bolt.IntermediateRankingsBolt.&lt;init&gt;(IntermediateRankingsBolt.java:24)
	at storm.starter.bolt.IntermediateRankingsBoltTest.negativeOrZeroTopNShouldThrowIAE(IntermediateRankingsBoltTest.java:41)
... Removed 34 stack frames</pre></div><a href='#' onClick='toggleBox("stack-trace1943325854", this, "Click to show all stack frames", "Click to hide stack frames")'>Click to show all stack frames</a>
<div class='stack-trace' id='stack-trace1943325854'><pre>java.lang.IllegalArgumentException: topN must be &gt;= 1 (you requested -3)
	at storm.starter.bolt.AbstractRankerBolt.&lt;init&gt;(AbstractRankerBolt.java:44)
	at storm.starter.bolt.AbstractRankerBolt.&lt;init&gt;(AbstractRankerBolt.java:39)
	at storm.starter.bolt.IntermediateRankingsBolt.&lt;init&gt;(IntermediateRankingsBolt.java:24)
	at storm.starter.bolt.IntermediateRankingsBoltTest.negativeOrZeroTopNShouldThrowIAE(IntermediateRankingsBoltTest.java:41)
	at sun.reflect.NativeMethodAccessorImpl.invoke0(Native Method)
	at sun.reflect.NativeMethodAccessorImpl.invoke(NativeMethodAccessorImpl.java:62)
	at sun.reflect.DelegatingMethodAccessorImpl.invoke(DelegatingMethodAccessorImpl.java:43)
	at java.lang.reflect.Method.invoke(Method.java:483)
	at org.testng.internal.MethodInvocationHelper.invokeMethod(MethodInvocationHelper.java:84)
	at org.testng.internal.Invoker.invokeMethod(Invoker.java:714)
	at org.testng.internal.Invoker.invokeTestMethod(Invoker.java:901)
	at org.testng.internal.Invoker.invokeTestMethods(Invoker.java:1231)
	at org.testng.internal.TestMethodWorker.invokeTestMethods(TestMethodWorker.java:127)
	at org.testng.internal.TestMethodWorker.run(TestMethodWorker.java:111)
	at org.testng.TestRunner.privateRun(TestRunner.java:767)
	at org.testng.TestRunner.run(TestRunner.java:617)
	at org.testng.SuiteRunner.runTest(SuiteRunner.java:334)
	at org.testng.SuiteRunner.runSequentially(SuiteRunner.java:329)
	at org.testng.SuiteRunner.privateRun(SuiteRunner.java:291)
	at org.testng.SuiteRunner.run(SuiteRunner.java:240)
	at org.testng.SuiteRunnerWorker.runSuite(SuiteRunnerWorker.java:52)
	at org.testng.SuiteRunnerWorker.run(SuiteRunnerWorker.java:86)
	at org.testng.TestNG.runSuitesSequentially(TestNG.java:1224)
	at org.testng.TestNG.runSuitesLocally(TestNG.java:1149)
	at org.testng.TestNG.run(TestNG.java:1057)
	at org.apache.maven.surefire.testng.TestNGExecutor.run(TestNGExecutor.java:77)
	at org.apache.maven.surefire.testng.TestNGDirectoryTestSuite.executeMulti(TestNGDirectoryTestSuite.java:159)
	at org.apache.maven.surefire.testng.TestNGDirectoryTestSuite.execute(TestNGDirectoryTestSuite.java:99)
	at org.apache.maven.surefire.testng.TestNGProvider.invoke(TestNGProvider.java:106)
	at sun.reflect.NativeMethodAccessorImpl.invoke0(Native Method)
	at sun.reflect.NativeMethodAccessorImpl.invoke(NativeMethodAccessorImpl.java:62)
	at sun.reflect.DelegatingMethodAccessorImpl.invoke(DelegatingMethodAccessorImpl.java:43)
	at java.lang.reflect.Method.invoke(Method.java:483)
	at org.apache.maven.surefire.util.ReflectionUtils.invokeMethodWithArray(ReflectionUtils.java:189)
	at org.apache.maven.surefire.booter.ProviderFactory$ProviderProxy.invoke(ProviderFactory.java:165)
	at org.apache.maven.surefire.booter.ProviderFactory.invokeProvider(ProviderFactory.java:85)
	at org.apache.maven.surefire.booter.ForkedBooter.runSuitesInProcess(ForkedBooter.java:115)
	at org.apache.maven.surefire.booter.ForkedBooter.main(ForkedBooter.java:75)
</pre></div></td>
<td>0</td>
<td>storm.starter.bolt.IntermediateRankingsBoltTest@215be6bb</td></tr>
<tr>
<td title='storm.starter.bolt.IntermediateRankingsBoltTest.negativeOrZeroTopNShouldThrowIAE()'><b>negativeOrZeroTopNShouldThrowIAE</b><br>Test class: storm.starter.bolt.IntermediateRankingsBoltTest<br>Parameters: -2</td>
<td><div><pre>java.lang.IllegalArgumentException: topN must be &gt;= 1 (you requested -2)
	at storm.starter.bolt.AbstractRankerBolt.&lt;init&gt;(AbstractRankerBolt.java:44)
	at storm.starter.bolt.AbstractRankerBolt.&lt;init&gt;(AbstractRankerBolt.java:39)
	at storm.starter.bolt.IntermediateRankingsBolt.&lt;init&gt;(IntermediateRankingsBolt.java:24)
	at storm.starter.bolt.IntermediateRankingsBoltTest.negativeOrZeroTopNShouldThrowIAE(IntermediateRankingsBoltTest.java:41)
... Removed 34 stack frames</pre></div><a href='#' onClick='toggleBox("stack-trace134310351", this, "Click to show all stack frames", "Click to hide stack frames")'>Click to show all stack frames</a>
<div class='stack-trace' id='stack-trace134310351'><pre>java.lang.IllegalArgumentException: topN must be &gt;= 1 (you requested -2)
	at storm.starter.bolt.AbstractRankerBolt.&lt;init&gt;(AbstractRankerBolt.java:44)
	at storm.starter.bolt.AbstractRankerBolt.&lt;init&gt;(AbstractRankerBolt.java:39)
	at storm.starter.bolt.IntermediateRankingsBolt.&lt;init&gt;(IntermediateRankingsBolt.java:24)
	at storm.starter.bolt.IntermediateRankingsBoltTest.negativeOrZeroTopNShouldThrowIAE(IntermediateRankingsBoltTest.java:41)
	at sun.reflect.NativeMethodAccessorImpl.invoke0(Native Method)
	at sun.reflect.NativeMethodAccessorImpl.invoke(NativeMethodAccessorImpl.java:62)
	at sun.reflect.DelegatingMethodAccessorImpl.invoke(DelegatingMethodAccessorImpl.java:43)
	at java.lang.reflect.Method.invoke(Method.java:483)
	at org.testng.internal.MethodInvocationHelper.invokeMethod(MethodInvocationHelper.java:84)
	at org.testng.internal.Invoker.invokeMethod(Invoker.java:714)
	at org.testng.internal.Invoker.invokeTestMethod(Invoker.java:901)
	at org.testng.internal.Invoker.invokeTestMethods(Invoker.java:1231)
	at org.testng.internal.TestMethodWorker.invokeTestMethods(TestMethodWorker.java:127)
	at org.testng.internal.TestMethodWorker.run(TestMethodWorker.java:111)
	at org.testng.TestRunner.privateRun(TestRunner.java:767)
	at org.testng.TestRunner.run(TestRunner.java:617)
	at org.testng.SuiteRunner.runTest(SuiteRunner.java:334)
	at org.testng.SuiteRunner.runSequentially(SuiteRunner.java:329)
	at org.testng.SuiteRunner.privateRun(SuiteRunner.java:291)
	at org.testng.SuiteRunner.run(SuiteRunner.java:240)
	at org.testng.SuiteRunnerWorker.runSuite(SuiteRunnerWorker.java:52)
	at org.testng.SuiteRunnerWorker.run(SuiteRunnerWorker.java:86)
	at org.testng.TestNG.runSuitesSequentially(TestNG.java:1224)
	at org.testng.TestNG.runSuitesLocally(TestNG.java:1149)
	at org.testng.TestNG.run(TestNG.java:1057)
	at org.apache.maven.surefire.testng.TestNGExecutor.run(TestNGExecutor.java:77)
	at org.apache.maven.surefire.testng.TestNGDirectoryTestSuite.executeMulti(TestNGDirectoryTestSuite.java:159)
	at org.apache.maven.surefire.testng.TestNGDirectoryTestSuite.execute(TestNGDirectoryTestSuite.java:99)
	at org.apache.maven.surefire.testng.TestNGProvider.invoke(TestNGProvider.java:106)
	at sun.reflect.NativeMethodAccessorImpl.invoke0(Native Method)
	at sun.reflect.NativeMethodAccessorImpl.invoke(NativeMethodAccessorImpl.java:62)
	at sun.reflect.DelegatingMethodAccessorImpl.invoke(DelegatingMethodAccessorImpl.java:43)
	at java.lang.reflect.Method.invoke(Method.java:483)
	at org.apache.maven.surefire.util.ReflectionUtils.invokeMethodWithArray(ReflectionUtils.java:189)
	at org.apache.maven.surefire.booter.ProviderFactory$ProviderProxy.invoke(ProviderFactory.java:165)
	at org.apache.maven.surefire.booter.ProviderFactory.invokeProvider(ProviderFactory.java:85)
	at org.apache.maven.surefire.booter.ForkedBooter.runSuitesInProcess(ForkedBooter.java:115)
	at org.apache.maven.surefire.booter.ForkedBooter.main(ForkedBooter.java:75)
</pre></div></td>
<td>0</td>
<td>storm.starter.bolt.IntermediateRankingsBoltTest@215be6bb</td></tr>
<tr>
<td title='storm.starter.bolt.IntermediateRankingsBoltTest.negativeOrZeroTopNShouldThrowIAE()'><b>negativeOrZeroTopNShouldThrowIAE</b><br>Test class: storm.starter.bolt.IntermediateRankingsBoltTest<br>Parameters: -1</td>
<td><div><pre>java.lang.IllegalArgumentException: topN must be &gt;= 1 (you requested -1)
	at storm.starter.bolt.AbstractRankerBolt.&lt;init&gt;(AbstractRankerBolt.java:44)
	at storm.starter.bolt.AbstractRankerBolt.&lt;init&gt;(AbstractRankerBolt.java:39)
	at storm.starter.bolt.IntermediateRankingsBolt.&lt;init&gt;(IntermediateRankingsBolt.java:24)
	at storm.starter.bolt.IntermediateRankingsBoltTest.negativeOrZeroTopNShouldThrowIAE(IntermediateRankingsBoltTest.java:41)
... Removed 34 stack frames</pre></div><a href='#' onClick='toggleBox("stack-trace1411892748", this, "Click to show all stack frames", "Click to hide stack frames")'>Click to show all stack frames</a>
<div class='stack-trace' id='stack-trace1411892748'><pre>java.lang.IllegalArgumentException: topN must be &gt;= 1 (you requested -1)
	at storm.starter.bolt.AbstractRankerBolt.&lt;init&gt;(AbstractRankerBolt.java:44)
	at storm.starter.bolt.AbstractRankerBolt.&lt;init&gt;(AbstractRankerBolt.java:39)
	at storm.starter.bolt.IntermediateRankingsBolt.&lt;init&gt;(IntermediateRankingsBolt.java:24)
	at storm.starter.bolt.IntermediateRankingsBoltTest.negativeOrZeroTopNShouldThrowIAE(IntermediateRankingsBoltTest.java:41)
	at sun.reflect.NativeMethodAccessorImpl.invoke0(Native Method)
	at sun.reflect.NativeMethodAccessorImpl.invoke(NativeMethodAccessorImpl.java:62)
	at sun.reflect.DelegatingMethodAccessorImpl.invoke(DelegatingMethodAccessorImpl.java:43)
	at java.lang.reflect.Method.invoke(Method.java:483)
	at org.testng.internal.MethodInvocationHelper.invokeMethod(MethodInvocationHelper.java:84)
	at org.testng.internal.Invoker.invokeMethod(Invoker.java:714)
	at org.testng.internal.Invoker.invokeTestMethod(Invoker.java:901)
	at org.testng.internal.Invoker.invokeTestMethods(Invoker.java:1231)
	at org.testng.internal.TestMethodWorker.invokeTestMethods(TestMethodWorker.java:127)
	at org.testng.internal.TestMethodWorker.run(TestMethodWorker.java:111)
	at org.testng.TestRunner.privateRun(TestRunner.java:767)
	at org.testng.TestRunner.run(TestRunner.java:617)
	at org.testng.SuiteRunner.runTest(SuiteRunner.java:334)
	at org.testng.SuiteRunner.runSequentially(SuiteRunner.java:329)
	at org.testng.SuiteRunner.privateRun(SuiteRunner.java:291)
	at org.testng.SuiteRunner.run(SuiteRunner.java:240)
	at org.testng.SuiteRunnerWorker.runSuite(SuiteRunnerWorker.java:52)
	at org.testng.SuiteRunnerWorker.run(SuiteRunnerWorker.java:86)
	at org.testng.TestNG.runSuitesSequentially(TestNG.java:1224)
	at org.testng.TestNG.runSuitesLocally(TestNG.java:1149)
	at org.testng.TestNG.run(TestNG.java:1057)
	at org.apache.maven.surefire.testng.TestNGExecutor.run(TestNGExecutor.java:77)
	at org.apache.maven.surefire.testng.TestNGDirectoryTestSuite.executeMulti(TestNGDirectoryTestSuite.java:159)
	at org.apache.maven.surefire.testng.TestNGDirectoryTestSuite.execute(TestNGDirectoryTestSuite.java:99)
	at org.apache.maven.surefire.testng.TestNGProvider.invoke(TestNGProvider.java:106)
	at sun.reflect.NativeMethodAccessorImpl.invoke0(Native Method)
	at sun.reflect.NativeMethodAccessorImpl.invoke(NativeMethodAccessorImpl.java:62)
	at sun.reflect.DelegatingMethodAccessorImpl.invoke(DelegatingMethodAccessorImpl.java:43)
	at java.lang.reflect.Method.invoke(Method.java:483)
	at org.apache.maven.surefire.util.ReflectionUtils.invokeMethodWithArray(ReflectionUtils.java:189)
	at org.apache.maven.surefire.booter.ProviderFactory$ProviderProxy.invoke(ProviderFactory.java:165)
	at org.apache.maven.surefire.booter.ProviderFactory.invokeProvider(ProviderFactory.java:85)
	at org.apache.maven.surefire.booter.ForkedBooter.runSuitesInProcess(ForkedBooter.java:115)
	at org.apache.maven.surefire.booter.ForkedBooter.main(ForkedBooter.java:75)
</pre></div></td>
<td>0</td>
<td>storm.starter.bolt.IntermediateRankingsBoltTest@215be6bb</td></tr>
<tr>
<td title='storm.starter.bolt.IntermediateRankingsBoltTest.negativeOrZeroTopNShouldThrowIAE()'><b>negativeOrZeroTopNShouldThrowIAE</b><br>Test class: storm.starter.bolt.IntermediateRankingsBoltTest<br>Parameters: 0</td>
<td><div><pre>java.lang.IllegalArgumentException: topN must be &gt;= 1 (you requested 0)
	at storm.starter.bolt.AbstractRankerBolt.&lt;init&gt;(AbstractRankerBolt.java:44)
	at storm.starter.bolt.AbstractRankerBolt.&lt;init&gt;(AbstractRankerBolt.java:39)
	at storm.starter.bolt.IntermediateRankingsBolt.&lt;init&gt;(IntermediateRankingsBolt.java:24)
	at storm.starter.bolt.IntermediateRankingsBoltTest.negativeOrZeroTopNShouldThrowIAE(IntermediateRankingsBoltTest.java:41)
... Removed 34 stack frames</pre></div><a href='#' onClick='toggleBox("stack-trace22805895", this, "Click to show all stack frames", "Click to hide stack frames")'>Click to show all stack frames</a>
<div class='stack-trace' id='stack-trace22805895'><pre>java.lang.IllegalArgumentException: topN must be &gt;= 1 (you requested 0)
	at storm.starter.bolt.AbstractRankerBolt.&lt;init&gt;(AbstractRankerBolt.java:44)
	at storm.starter.bolt.AbstractRankerBolt.&lt;init&gt;(AbstractRankerBolt.java:39)
	at storm.starter.bolt.IntermediateRankingsBolt.&lt;init&gt;(IntermediateRankingsBolt.java:24)
	at storm.starter.bolt.IntermediateRankingsBoltTest.negativeOrZeroTopNShouldThrowIAE(IntermediateRankingsBoltTest.java:41)
	at sun.reflect.NativeMethodAccessorImpl.invoke0(Native Method)
	at sun.reflect.NativeMethodAccessorImpl.invoke(NativeMethodAccessorImpl.java:62)
	at sun.reflect.DelegatingMethodAccessorImpl.invoke(DelegatingMethodAccessorImpl.java:43)
	at java.lang.reflect.Method.invoke(Method.java:483)
	at org.testng.internal.MethodInvocationHelper.invokeMethod(MethodInvocationHelper.java:84)
	at org.testng.internal.Invoker.invokeMethod(Invoker.java:714)
	at org.testng.internal.Invoker.invokeTestMethod(Invoker.java:901)
	at org.testng.internal.Invoker.invokeTestMethods(Invoker.java:1231)
	at org.testng.internal.TestMethodWorker.invokeTestMethods(TestMethodWorker.java:127)
	at org.testng.internal.TestMethodWorker.run(TestMethodWorker.java:111)
	at org.testng.TestRunner.privateRun(TestRunner.java:767)
	at org.testng.TestRunner.run(TestRunner.java:617)
	at org.testng.SuiteRunner.runTest(SuiteRunner.java:334)
	at org.testng.SuiteRunner.runSequentially(SuiteRunner.java:329)
	at org.testng.SuiteRunner.privateRun(SuiteRunner.java:291)
	at org.testng.SuiteRunner.run(SuiteRunner.java:240)
	at org.testng.SuiteRunnerWorker.runSuite(SuiteRunnerWorker.java:52)
	at org.testng.SuiteRunnerWorker.run(SuiteRunnerWorker.java:86)
	at org.testng.TestNG.runSuitesSequentially(TestNG.java:1224)
	at org.testng.TestNG.runSuitesLocally(TestNG.java:1149)
	at org.testng.TestNG.run(TestNG.java:1057)
	at org.apache.maven.surefire.testng.TestNGExecutor.run(TestNGExecutor.java:77)
	at org.apache.maven.surefire.testng.TestNGDirectoryTestSuite.executeMulti(TestNGDirectoryTestSuite.java:159)
	at org.apache.maven.surefire.testng.TestNGDirectoryTestSuite.execute(TestNGDirectoryTestSuite.java:99)
	at org.apache.maven.surefire.testng.TestNGProvider.invoke(TestNGProvider.java:106)
	at sun.reflect.NativeMethodAccessorImpl.invoke0(Native Method)
	at sun.reflect.NativeMethodAccessorImpl.invoke(NativeMethodAccessorImpl.java:62)
	at sun.reflect.DelegatingMethodAccessorImpl.invoke(DelegatingMethodAccessorImpl.java:43)
	at java.lang.reflect.Method.invoke(Method.java:483)
	at org.apache.maven.surefire.util.ReflectionUtils.invokeMethodWithArray(ReflectionUtils.java:189)
	at org.apache.maven.surefire.booter.ProviderFactory$ProviderProxy.invoke(ProviderFactory.java:165)
	at org.apache.maven.surefire.booter.ProviderFactory.invokeProvider(ProviderFactory.java:85)
	at org.apache.maven.surefire.booter.ForkedBooter.runSuitesInProcess(ForkedBooter.java:115)
	at org.apache.maven.surefire.booter.ForkedBooter.main(ForkedBooter.java:75)
</pre></div></td>
<td>0</td>
<td>storm.starter.bolt.IntermediateRankingsBoltTest@215be6bb</td></tr>
<tr>
<td title='storm.starter.bolt.TotalRankingsBoltTest.negativeOrZeroTopNShouldThrowIAE()'><b>negativeOrZeroTopNShouldThrowIAE</b><br>Test class: storm.starter.bolt.TotalRankingsBoltTest<br>Parameters: -10</td>
<td><div><pre>java.lang.IllegalArgumentException: topN must be &gt;= 1 (you requested -10)
	at storm.starter.bolt.AbstractRankerBolt.&lt;init&gt;(AbstractRankerBolt.java:44)
	at storm.starter.bolt.AbstractRankerBolt.&lt;init&gt;(AbstractRankerBolt.java:39)
	at storm.starter.bolt.TotalRankingsBolt.&lt;init&gt;(TotalRankingsBolt.java:23)
	at storm.starter.bolt.TotalRankingsBoltTest.negativeOrZeroTopNShouldThrowIAE(TotalRankingsBoltTest.java:42)
... Removed 34 stack frames</pre></div><a href='#' onClick='toggleBox("stack-trace1792550665", this, "Click to show all stack frames", "Click to hide stack frames")'>Click to show all stack frames</a>
<div class='stack-trace' id='stack-trace1792550665'><pre>java.lang.IllegalArgumentException: topN must be &gt;= 1 (you requested -10)
	at storm.starter.bolt.AbstractRankerBolt.&lt;init&gt;(AbstractRankerBolt.java:44)
	at storm.starter.bolt.AbstractRankerBolt.&lt;init&gt;(AbstractRankerBolt.java:39)
	at storm.starter.bolt.TotalRankingsBolt.&lt;init&gt;(TotalRankingsBolt.java:23)
	at storm.starter.bolt.TotalRankingsBoltTest.negativeOrZeroTopNShouldThrowIAE(TotalRankingsBoltTest.java:42)
	at sun.reflect.NativeMethodAccessorImpl.invoke0(Native Method)
	at sun.reflect.NativeMethodAccessorImpl.invoke(NativeMethodAccessorImpl.java:62)
	at sun.reflect.DelegatingMethodAccessorImpl.invoke(DelegatingMethodAccessorImpl.java:43)
	at java.lang.reflect.Method.invoke(Method.java:483)
	at org.testng.internal.MethodInvocationHelper.invokeMethod(MethodInvocationHelper.java:84)
	at org.testng.internal.Invoker.invokeMethod(Invoker.java:714)
	at org.testng.internal.Invoker.invokeTestMethod(Invoker.java:901)
	at org.testng.internal.Invoker.invokeTestMethods(Invoker.java:1231)
	at org.testng.internal.TestMethodWorker.invokeTestMethods(TestMethodWorker.java:127)
	at org.testng.internal.TestMethodWorker.run(TestMethodWorker.java:111)
	at org.testng.TestRunner.privateRun(TestRunner.java:767)
	at org.testng.TestRunner.run(TestRunner.java:617)
	at org.testng.SuiteRunner.runTest(SuiteRunner.java:334)
	at org.testng.SuiteRunner.runSequentially(SuiteRunner.java:329)
	at org.testng.SuiteRunner.privateRun(SuiteRunner.java:291)
	at org.testng.SuiteRunner.run(SuiteRunner.java:240)
	at org.testng.SuiteRunnerWorker.runSuite(SuiteRunnerWorker.java:52)
	at org.testng.SuiteRunnerWorker.run(SuiteRunnerWorker.java:86)
	at org.testng.TestNG.runSuitesSequentially(TestNG.java:1224)
	at org.testng.TestNG.runSuitesLocally(TestNG.java:1149)
	at org.testng.TestNG.run(TestNG.java:1057)
	at org.apache.maven.surefire.testng.TestNGExecutor.run(TestNGExecutor.java:77)
	at org.apache.maven.surefire.testng.TestNGDirectoryTestSuite.executeMulti(TestNGDirectoryTestSuite.java:159)
	at org.apache.maven.surefire.testng.TestNGDirectoryTestSuite.execute(TestNGDirectoryTestSuite.java:99)
	at org.apache.maven.surefire.testng.TestNGProvider.invoke(TestNGProvider.java:106)
	at sun.reflect.NativeMethodAccessorImpl.invoke0(Native Method)
	at sun.reflect.NativeMethodAccessorImpl.invoke(NativeMethodAccessorImpl.java:62)
	at sun.reflect.DelegatingMethodAccessorImpl.invoke(DelegatingMethodAccessorImpl.java:43)
	at java.lang.reflect.Method.invoke(Method.java:483)
	at org.apache.maven.surefire.util.ReflectionUtils.invokeMethodWithArray(ReflectionUtils.java:189)
	at org.apache.maven.surefire.booter.ProviderFactory$ProviderProxy.invoke(ProviderFactory.java:165)
	at org.apache.maven.surefire.booter.ProviderFactory.invokeProvider(ProviderFactory.java:85)
	at org.apache.maven.surefire.booter.ForkedBooter.runSuitesInProcess(ForkedBooter.java:115)
	at org.apache.maven.surefire.booter.ForkedBooter.main(ForkedBooter.java:75)
</pre></div></td>
<td>0</td>
<td>storm.starter.bolt.TotalRankingsBoltTest@4439f31e</td></tr>
<tr>
<td title='storm.starter.bolt.TotalRankingsBoltTest.negativeOrZeroTopNShouldThrowIAE()'><b>negativeOrZeroTopNShouldThrowIAE</b><br>Test class: storm.starter.bolt.TotalRankingsBoltTest<br>Parameters: -3</td>
<td><div><pre>java.lang.IllegalArgumentException: topN must be &gt;= 1 (you requested -3)
	at storm.starter.bolt.AbstractRankerBolt.&lt;init&gt;(AbstractRankerBolt.java:44)
	at storm.starter.bolt.AbstractRankerBolt.&lt;init&gt;(AbstractRankerBolt.java:39)
	at storm.starter.bolt.TotalRankingsBolt.&lt;init&gt;(TotalRankingsBolt.java:23)
	at storm.starter.bolt.TotalRankingsBoltTest.negativeOrZeroTopNShouldThrowIAE(TotalRankingsBoltTest.java:42)
... Removed 34 stack frames</pre></div><a href='#' onClick='toggleBox("stack-trace1359953204", this, "Click to show all stack frames", "Click to hide stack frames")'>Click to show all stack frames</a>
<div class='stack-trace' id='stack-trace1359953204'><pre>java.lang.IllegalArgumentException: topN must be &gt;= 1 (you requested -3)
	at storm.starter.bolt.AbstractRankerBolt.&lt;init&gt;(AbstractRankerBolt.java:44)
	at storm.starter.bolt.AbstractRankerBolt.&lt;init&gt;(AbstractRankerBolt.java:39)
	at storm.starter.bolt.TotalRankingsBolt.&lt;init&gt;(TotalRankingsBolt.java:23)
	at storm.starter.bolt.TotalRankingsBoltTest.negativeOrZeroTopNShouldThrowIAE(TotalRankingsBoltTest.java:42)
	at sun.reflect.NativeMethodAccessorImpl.invoke0(Native Method)
	at sun.reflect.NativeMethodAccessorImpl.invoke(NativeMethodAccessorImpl.java:62)
	at sun.reflect.DelegatingMethodAccessorImpl.invoke(DelegatingMethodAccessorImpl.java:43)
	at java.lang.reflect.Method.invoke(Method.java:483)
	at org.testng.internal.MethodInvocationHelper.invokeMethod(MethodInvocationHelper.java:84)
	at org.testng.internal.Invoker.invokeMethod(Invoker.java:714)
	at org.testng.internal.Invoker.invokeTestMethod(Invoker.java:901)
	at org.testng.internal.Invoker.invokeTestMethods(Invoker.java:1231)
	at org.testng.internal.TestMethodWorker.invokeTestMethods(TestMethodWorker.java:127)
	at org.testng.internal.TestMethodWorker.run(TestMethodWorker.java:111)
	at org.testng.TestRunner.privateRun(TestRunner.java:767)
	at org.testng.TestRunner.run(TestRunner.java:617)
	at org.testng.SuiteRunner.runTest(SuiteRunner.java:334)
	at org.testng.SuiteRunner.runSequentially(SuiteRunner.java:329)
	at org.testng.SuiteRunner.privateRun(SuiteRunner.java:291)
	at org.testng.SuiteRunner.run(SuiteRunner.java:240)
	at org.testng.SuiteRunnerWorker.runSuite(SuiteRunnerWorker.java:52)
	at org.testng.SuiteRunnerWorker.run(SuiteRunnerWorker.java:86)
	at org.testng.TestNG.runSuitesSequentially(TestNG.java:1224)
	at org.testng.TestNG.runSuitesLocally(TestNG.java:1149)
	at org.testng.TestNG.run(TestNG.java:1057)
	at org.apache.maven.surefire.testng.TestNGExecutor.run(TestNGExecutor.java:77)
	at org.apache.maven.surefire.testng.TestNGDirectoryTestSuite.executeMulti(TestNGDirectoryTestSuite.java:159)
	at org.apache.maven.surefire.testng.TestNGDirectoryTestSuite.execute(TestNGDirectoryTestSuite.java:99)
	at org.apache.maven.surefire.testng.TestNGProvider.invoke(TestNGProvider.java:106)
	at sun.reflect.NativeMethodAccessorImpl.invoke0(Native Method)
	at sun.reflect.NativeMethodAccessorImpl.invoke(NativeMethodAccessorImpl.java:62)
	at sun.reflect.DelegatingMethodAccessorImpl.invoke(DelegatingMethodAccessorImpl.java:43)
	at java.lang.reflect.Method.invoke(Method.java:483)
	at org.apache.maven.surefire.util.ReflectionUtils.invokeMethodWithArray(ReflectionUtils.java:189)
	at org.apache.maven.surefire.booter.ProviderFactory$ProviderProxy.invoke(ProviderFactory.java:165)
	at org.apache.maven.surefire.booter.ProviderFactory.invokeProvider(ProviderFactory.java:85)
	at org.apache.maven.surefire.booter.ForkedBooter.runSuitesInProcess(ForkedBooter.java:115)
	at org.apache.maven.surefire.booter.ForkedBooter.main(ForkedBooter.java:75)
</pre></div></td>
<td>0</td>
<td>storm.starter.bolt.TotalRankingsBoltTest@4439f31e</td></tr>
<tr>
<td title='storm.starter.bolt.TotalRankingsBoltTest.negativeOrZeroTopNShouldThrowIAE()'><b>negativeOrZeroTopNShouldThrowIAE</b><br>Test class: storm.starter.bolt.TotalRankingsBoltTest<br>Parameters: -2</td>
<td><div><pre>java.lang.IllegalArgumentException: topN must be &gt;= 1 (you requested -2)
	at storm.starter.bolt.AbstractRankerBolt.&lt;init&gt;(AbstractRankerBolt.java:44)
	at storm.starter.bolt.AbstractRankerBolt.&lt;init&gt;(AbstractRankerBolt.java:39)
	at storm.starter.bolt.TotalRankingsBolt.&lt;init&gt;(TotalRankingsBolt.java:23)
	at storm.starter.bolt.TotalRankingsBoltTest.negativeOrZeroTopNShouldThrowIAE(TotalRankingsBoltTest.java:42)
... Removed 34 stack frames</pre></div><a href='#' onClick='toggleBox("stack-trace2014838114", this, "Click to show all stack frames", "Click to hide stack frames")'>Click to show all stack frames</a>
<div class='stack-trace' id='stack-trace2014838114'><pre>java.lang.IllegalArgumentException: topN must be &gt;= 1 (you requested -2)
	at storm.starter.bolt.AbstractRankerBolt.&lt;init&gt;(AbstractRankerBolt.java:44)
	at storm.starter.bolt.AbstractRankerBolt.&lt;init&gt;(AbstractRankerBolt.java:39)
	at storm.starter.bolt.TotalRankingsBolt.&lt;init&gt;(TotalRankingsBolt.java:23)
	at storm.starter.bolt.TotalRankingsBoltTest.negativeOrZeroTopNShouldThrowIAE(TotalRankingsBoltTest.java:42)
	at sun.reflect.NativeMethodAccessorImpl.invoke0(Native Method)
	at sun.reflect.NativeMethodAccessorImpl.invoke(NativeMethodAccessorImpl.java:62)
	at sun.reflect.DelegatingMethodAccessorImpl.invoke(DelegatingMethodAccessorImpl.java:43)
	at java.lang.reflect.Method.invoke(Method.java:483)
	at org.testng.internal.MethodInvocationHelper.invokeMethod(MethodInvocationHelper.java:84)
	at org.testng.internal.Invoker.invokeMethod(Invoker.java:714)
	at org.testng.internal.Invoker.invokeTestMethod(Invoker.java:901)
	at org.testng.internal.Invoker.invokeTestMethods(Invoker.java:1231)
	at org.testng.internal.TestMethodWorker.invokeTestMethods(TestMethodWorker.java:127)
	at org.testng.internal.TestMethodWorker.run(TestMethodWorker.java:111)
	at org.testng.TestRunner.privateRun(TestRunner.java:767)
	at org.testng.TestRunner.run(TestRunner.java:617)
	at org.testng.SuiteRunner.runTest(SuiteRunner.java:334)
	at org.testng.SuiteRunner.runSequentially(SuiteRunner.java:329)
	at org.testng.SuiteRunner.privateRun(SuiteRunner.java:291)
	at org.testng.SuiteRunner.run(SuiteRunner.java:240)
	at org.testng.SuiteRunnerWorker.runSuite(SuiteRunnerWorker.java:52)
	at org.testng.SuiteRunnerWorker.run(SuiteRunnerWorker.java:86)
	at org.testng.TestNG.runSuitesSequentially(TestNG.java:1224)
	at org.testng.TestNG.runSuitesLocally(TestNG.java:1149)
	at org.testng.TestNG.run(TestNG.java:1057)
	at org.apache.maven.surefire.testng.TestNGExecutor.run(TestNGExecutor.java:77)
	at org.apache.maven.surefire.testng.TestNGDirectoryTestSuite.executeMulti(TestNGDirectoryTestSuite.java:159)
	at org.apache.maven.surefire.testng.TestNGDirectoryTestSuite.execute(TestNGDirectoryTestSuite.java:99)
	at org.apache.maven.surefire.testng.TestNGProvider.invoke(TestNGProvider.java:106)
	at sun.reflect.NativeMethodAccessorImpl.invoke0(Native Method)
	at sun.reflect.NativeMethodAccessorImpl.invoke(NativeMethodAccessorImpl.java:62)
	at sun.reflect.DelegatingMethodAccessorImpl.invoke(DelegatingMethodAccessorImpl.java:43)
	at java.lang.reflect.Method.invoke(Method.java:483)
	at org.apache.maven.surefire.util.ReflectionUtils.invokeMethodWithArray(ReflectionUtils.java:189)
	at org.apache.maven.surefire.booter.ProviderFactory$ProviderProxy.invoke(ProviderFactory.java:165)
	at org.apache.maven.surefire.booter.ProviderFactory.invokeProvider(ProviderFactory.java:85)
	at org.apache.maven.surefire.booter.ForkedBooter.runSuitesInProcess(ForkedBooter.java:115)
	at org.apache.maven.surefire.booter.ForkedBooter.main(ForkedBooter.java:75)
</pre></div></td>
<td>0</td>
<td>storm.starter.bolt.TotalRankingsBoltTest@4439f31e</td></tr>
<tr>
<td title='storm.starter.bolt.TotalRankingsBoltTest.negativeOrZeroTopNShouldThrowIAE()'><b>negativeOrZeroTopNShouldThrowIAE</b><br>Test class: storm.starter.bolt.TotalRankingsBoltTest<br>Parameters: -1</td>
<td><div><pre>java.lang.IllegalArgumentException: topN must be &gt;= 1 (you requested -1)
	at storm.starter.bolt.AbstractRankerBolt.&lt;init&gt;(AbstractRankerBolt.java:44)
	at storm.starter.bolt.AbstractRankerBolt.&lt;init&gt;(AbstractRankerBolt.java:39)
	at storm.starter.bolt.TotalRankingsBolt.&lt;init&gt;(TotalRankingsBolt.java:23)
	at storm.starter.bolt.TotalRankingsBoltTest.negativeOrZeroTopNShouldThrowIAE(TotalRankingsBoltTest.java:42)
... Removed 34 stack frames</pre></div><a href='#' onClick='toggleBox("stack-trace136936250", this, "Click to show all stack frames", "Click to hide stack frames")'>Click to show all stack frames</a>
<div class='stack-trace' id='stack-trace136936250'><pre>java.lang.IllegalArgumentException: topN must be &gt;= 1 (you requested -1)
	at storm.starter.bolt.AbstractRankerBolt.&lt;init&gt;(AbstractRankerBolt.java:44)
	at storm.starter.bolt.AbstractRankerBolt.&lt;init&gt;(AbstractRankerBolt.java:39)
	at storm.starter.bolt.TotalRankingsBolt.&lt;init&gt;(TotalRankingsBolt.java:23)
	at storm.starter.bolt.TotalRankingsBoltTest.negativeOrZeroTopNShouldThrowIAE(TotalRankingsBoltTest.java:42)
	at sun.reflect.NativeMethodAccessorImpl.invoke0(Native Method)
	at sun.reflect.NativeMethodAccessorImpl.invoke(NativeMethodAccessorImpl.java:62)
	at sun.reflect.DelegatingMethodAccessorImpl.invoke(DelegatingMethodAccessorImpl.java:43)
	at java.lang.reflect.Method.invoke(Method.java:483)
	at org.testng.internal.MethodInvocationHelper.invokeMethod(MethodInvocationHelper.java:84)
	at org.testng.internal.Invoker.invokeMethod(Invoker.java:714)
	at org.testng.internal.Invoker.invokeTestMethod(Invoker.java:901)
	at org.testng.internal.Invoker.invokeTestMethods(Invoker.java:1231)
	at org.testng.internal.TestMethodWorker.invokeTestMethods(TestMethodWorker.java:127)
	at org.testng.internal.TestMethodWorker.run(TestMethodWorker.java:111)
	at org.testng.TestRunner.privateRun(TestRunner.java:767)
	at org.testng.TestRunner.run(TestRunner.java:617)
	at org.testng.SuiteRunner.runTest(SuiteRunner.java:334)
	at org.testng.SuiteRunner.runSequentially(SuiteRunner.java:329)
	at org.testng.SuiteRunner.privateRun(SuiteRunner.java:291)
	at org.testng.SuiteRunner.run(SuiteRunner.java:240)
	at org.testng.SuiteRunnerWorker.runSuite(SuiteRunnerWorker.java:52)
	at org.testng.SuiteRunnerWorker.run(SuiteRunnerWorker.java:86)
	at org.testng.TestNG.runSuitesSequentially(TestNG.java:1224)
	at org.testng.TestNG.runSuitesLocally(TestNG.java:1149)
	at org.testng.TestNG.run(TestNG.java:1057)
	at org.apache.maven.surefire.testng.TestNGExecutor.run(TestNGExecutor.java:77)
	at org.apache.maven.surefire.testng.TestNGDirectoryTestSuite.executeMulti(TestNGDirectoryTestSuite.java:159)
	at org.apache.maven.surefire.testng.TestNGDirectoryTestSuite.execute(TestNGDirectoryTestSuite.java:99)
	at org.apache.maven.surefire.testng.TestNGProvider.invoke(TestNGProvider.java:106)
	at sun.reflect.NativeMethodAccessorImpl.invoke0(Native Method)
	at sun.reflect.NativeMethodAccessorImpl.invoke(NativeMethodAccessorImpl.java:62)
	at sun.reflect.DelegatingMethodAccessorImpl.invoke(DelegatingMethodAccessorImpl.java:43)
	at java.lang.reflect.Method.invoke(Method.java:483)
	at org.apache.maven.surefire.util.ReflectionUtils.invokeMethodWithArray(ReflectionUtils.java:189)
	at org.apache.maven.surefire.booter.ProviderFactory$ProviderProxy.invoke(ProviderFactory.java:165)
	at org.apache.maven.surefire.booter.ProviderFactory.invokeProvider(ProviderFactory.java:85)
	at org.apache.maven.surefire.booter.ForkedBooter.runSuitesInProcess(ForkedBooter.java:115)
	at org.apache.maven.surefire.booter.ForkedBooter.main(ForkedBooter.java:75)
</pre></div></td>
<td>0</td>
<td>storm.starter.bolt.TotalRankingsBoltTest@4439f31e</td></tr>
<tr>
<td title='storm.starter.bolt.TotalRankingsBoltTest.negativeOrZeroTopNShouldThrowIAE()'><b>negativeOrZeroTopNShouldThrowIAE</b><br>Test class: storm.starter.bolt.TotalRankingsBoltTest<br>Parameters: 0</td>
<td><div><pre>java.lang.IllegalArgumentException: topN must be &gt;= 1 (you requested 0)
	at storm.starter.bolt.AbstractRankerBolt.&lt;init&gt;(AbstractRankerBolt.java:44)
	at storm.starter.bolt.AbstractRankerBolt.&lt;init&gt;(AbstractRankerBolt.java:39)
	at storm.starter.bolt.TotalRankingsBolt.&lt;init&gt;(TotalRankingsBolt.java:23)
	at storm.starter.bolt.TotalRankingsBoltTest.negativeOrZeroTopNShouldThrowIAE(TotalRankingsBoltTest.java:42)
... Removed 34 stack frames</pre></div><a href='#' onClick='toggleBox("stack-trace593687897", this, "Click to show all stack frames", "Click to hide stack frames")'>Click to show all stack frames</a>
<div class='stack-trace' id='stack-trace593687897'><pre>java.lang.IllegalArgumentException: topN must be &gt;= 1 (you requested 0)
	at storm.starter.bolt.AbstractRankerBolt.&lt;init&gt;(AbstractRankerBolt.java:44)
	at storm.starter.bolt.AbstractRankerBolt.&lt;init&gt;(AbstractRankerBolt.java:39)
	at storm.starter.bolt.TotalRankingsBolt.&lt;init&gt;(TotalRankingsBolt.java:23)
	at storm.starter.bolt.TotalRankingsBoltTest.negativeOrZeroTopNShouldThrowIAE(TotalRankingsBoltTest.java:42)
	at sun.reflect.NativeMethodAccessorImpl.invoke0(Native Method)
	at sun.reflect.NativeMethodAccessorImpl.invoke(NativeMethodAccessorImpl.java:62)
	at sun.reflect.DelegatingMethodAccessorImpl.invoke(DelegatingMethodAccessorImpl.java:43)
	at java.lang.reflect.Method.invoke(Method.java:483)
	at org.testng.internal.MethodInvocationHelper.invokeMethod(MethodInvocationHelper.java:84)
	at org.testng.internal.Invoker.invokeMethod(Invoker.java:714)
	at org.testng.internal.Invoker.invokeTestMethod(Invoker.java:901)
	at org.testng.internal.Invoker.invokeTestMethods(Invoker.java:1231)
	at org.testng.internal.TestMethodWorker.invokeTestMethods(TestMethodWorker.java:127)
	at org.testng.internal.TestMethodWorker.run(TestMethodWorker.java:111)
	at org.testng.TestRunner.privateRun(TestRunner.java:767)
	at org.testng.TestRunner.run(TestRunner.java:617)
	at org.testng.SuiteRunner.runTest(SuiteRunner.java:334)
	at org.testng.SuiteRunner.runSequentially(SuiteRunner.java:329)
	at org.testng.SuiteRunner.privateRun(SuiteRunner.java:291)
	at org.testng.SuiteRunner.run(SuiteRunner.java:240)
	at org.testng.SuiteRunnerWorker.runSuite(SuiteRunnerWorker.java:52)
	at org.testng.SuiteRunnerWorker.run(SuiteRunnerWorker.java:86)
	at org.testng.TestNG.runSuitesSequentially(TestNG.java:1224)
	at org.testng.TestNG.runSuitesLocally(TestNG.java:1149)
	at org.testng.TestNG.run(TestNG.java:1057)
	at org.apache.maven.surefire.testng.TestNGExecutor.run(TestNGExecutor.java:77)
	at org.apache.maven.surefire.testng.TestNGDirectoryTestSuite.executeMulti(TestNGDirectoryTestSuite.java:159)
	at org.apache.maven.surefire.testng.TestNGDirectoryTestSuite.execute(TestNGDirectoryTestSuite.java:99)
	at org.apache.maven.surefire.testng.TestNGProvider.invoke(TestNGProvider.java:106)
	at sun.reflect.NativeMethodAccessorImpl.invoke0(Native Method)
	at sun.reflect.NativeMethodAccessorImpl.invoke(NativeMethodAccessorImpl.java:62)
	at sun.reflect.DelegatingMethodAccessorImpl.invoke(DelegatingMethodAccessorImpl.java:43)
	at java.lang.reflect.Method.invoke(Method.java:483)
	at org.apache.maven.surefire.util.ReflectionUtils.invokeMethodWithArray(ReflectionUtils.java:189)
	at org.apache.maven.surefire.booter.ProviderFactory$ProviderProxy.invoke(ProviderFactory.java:165)
	at org.apache.maven.surefire.booter.ProviderFactory.invokeProvider(ProviderFactory.java:85)
	at org.apache.maven.surefire.booter.ForkedBooter.runSuitesInProcess(ForkedBooter.java:115)
	at org.apache.maven.surefire.booter.ForkedBooter.main(ForkedBooter.java:75)
</pre></div></td>
<td>0</td>
<td>storm.starter.bolt.TotalRankingsBoltTest@4439f31e</td></tr>
<tr>
<td title='storm.starter.tools.SlidingWindowCounterTest.newInstanceShouldHaveEmptyCounts()'><b>newInstanceShouldHaveEmptyCounts</b><br>Test class: storm.starter.tools.SlidingWindowCounterTest</td>
<td></td>
<td>0</td>
<td>storm.starter.tools.SlidingWindowCounterTest@174d20a</td></tr>
<tr>
<td title='storm.starter.tools.SlotBasedCounterTest.newInstanceShouldHaveEmptyCounts()'><b>newInstanceShouldHaveEmptyCounts</b><br>Test class: storm.starter.tools.SlotBasedCounterTest</td>
<td></td>
<td>0</td>
<td>storm.starter.tools.SlotBasedCounterTest@23ceabc1</td></tr>
<tr>
<td title='storm.starter.bolt.IntermediateRankingsBoltTest.positiveEmitFrequencyShouldBeOk()'><b>positiveEmitFrequencyShouldBeOk</b><br>Test class: storm.starter.bolt.IntermediateRankingsBoltTest<br>Parameters: 1</td>
<td></td>
<td>0</td>
<td>storm.starter.bolt.IntermediateRankingsBoltTest@215be6bb</td></tr>
<tr>
<td title='storm.starter.bolt.IntermediateRankingsBoltTest.positiveEmitFrequencyShouldBeOk()'><b>positiveEmitFrequencyShouldBeOk</b><br>Test class: storm.starter.bolt.IntermediateRankingsBoltTest<br>Parameters: 2</td>
<td></td>
<td>0</td>
<td>storm.starter.bolt.IntermediateRankingsBoltTest@215be6bb</td></tr>
<tr>
<td title='storm.starter.bolt.IntermediateRankingsBoltTest.positiveEmitFrequencyShouldBeOk()'><b>positiveEmitFrequencyShouldBeOk</b><br>Test class: storm.starter.bolt.IntermediateRankingsBoltTest<br>Parameters: 3</td>
<td></td>
<td>0</td>
<td>storm.starter.bolt.IntermediateRankingsBoltTest@215be6bb</td></tr>
<tr>
<td title='storm.starter.bolt.IntermediateRankingsBoltTest.positiveEmitFrequencyShouldBeOk()'><b>positiveEmitFrequencyShouldBeOk</b><br>Test class: storm.starter.bolt.IntermediateRankingsBoltTest<br>Parameters: 20</td>
<td></td>
<td>0</td>
<td>storm.starter.bolt.IntermediateRankingsBoltTest@215be6bb</td></tr>
<tr>
<td title='storm.starter.bolt.TotalRankingsBoltTest.positiveEmitFrequencyShouldBeOk()'><b>positiveEmitFrequencyShouldBeOk</b><br>Test class: storm.starter.bolt.TotalRankingsBoltTest<br>Parameters: 1</td>
<td></td>
<td>0</td>
<td>storm.starter.bolt.TotalRankingsBoltTest@4439f31e</td></tr>
<tr>
<td title='storm.starter.bolt.TotalRankingsBoltTest.positiveEmitFrequencyShouldBeOk()'><b>positiveEmitFrequencyShouldBeOk</b><br>Test class: storm.starter.bolt.TotalRankingsBoltTest<br>Parameters: 2</td>
<td></td>
<td>0</td>
<td>storm.starter.bolt.TotalRankingsBoltTest@4439f31e</td></tr>
<tr>
<td title='storm.starter.bolt.TotalRankingsBoltTest.positiveEmitFrequencyShouldBeOk()'><b>positiveEmitFrequencyShouldBeOk</b><br>Test class: storm.starter.bolt.TotalRankingsBoltTest<br>Parameters: 3</td>
<td></td>
<td>0</td>
<td>storm.starter.bolt.TotalRankingsBoltTest@4439f31e</td></tr>
<tr>
<td title='storm.starter.bolt.TotalRankingsBoltTest.positiveEmitFrequencyShouldBeOk()'><b>positiveEmitFrequencyShouldBeOk</b><br>Test class: storm.starter.bolt.TotalRankingsBoltTest<br>Parameters: 20</td>
<td></td>
<td>0</td>
<td>storm.starter.bolt.TotalRankingsBoltTest@4439f31e</td></tr>
<tr>
<td title='storm.starter.tools.SlotBasedCounterTest.positiveNumSlotsShouldBeOk()'><b>positiveNumSlotsShouldBeOk</b><br>Test class: storm.starter.tools.SlotBasedCounterTest<br>Parameters: 1</td>
<td></td>
<td>0</td>
<td>storm.starter.tools.SlotBasedCounterTest@23ceabc1</td></tr>
<tr>
<td title='storm.starter.tools.SlotBasedCounterTest.positiveNumSlotsShouldBeOk()'><b>positiveNumSlotsShouldBeOk</b><br>Test class: storm.starter.tools.SlotBasedCounterTest<br>Parameters: 2</td>
<td></td>
<td>0</td>
<td>storm.starter.tools.SlotBasedCounterTest@23ceabc1</td></tr>
<tr>
<td title='storm.starter.tools.SlotBasedCounterTest.positiveNumSlotsShouldBeOk()'><b>positiveNumSlotsShouldBeOk</b><br>Test class: storm.starter.tools.SlotBasedCounterTest<br>Parameters: 3</td>
<td></td>
<td>0</td>
<td>storm.starter.tools.SlotBasedCounterTest@23ceabc1</td></tr>
<tr>
<td title='storm.starter.tools.SlotBasedCounterTest.positiveNumSlotsShouldBeOk()'><b>positiveNumSlotsShouldBeOk</b><br>Test class: storm.starter.tools.SlotBasedCounterTest<br>Parameters: 20</td>
<td></td>
<td>0</td>
<td>storm.starter.tools.SlotBasedCounterTest@23ceabc1</td></tr>
<tr>
<td title='storm.starter.tools.NthLastModifiedTimeTrackerTest.positiveNumTimesToTrackShouldBeOk()'><b>positiveNumTimesToTrackShouldBeOk</b><br>Test class: storm.starter.tools.NthLastModifiedTimeTrackerTest<br>Parameters: 1</td>
<td></td>
<td>0</td>
<td>storm.starter.tools.NthLastModifiedTimeTrackerTest@5dfcfece</td></tr>
<tr>
<td title='storm.starter.tools.NthLastModifiedTimeTrackerTest.positiveNumTimesToTrackShouldBeOk()'><b>positiveNumTimesToTrackShouldBeOk</b><br>Test class: storm.starter.tools.NthLastModifiedTimeTrackerTest<br>Parameters: 2</td>
<td></td>
<td>0</td>
<td>storm.starter.tools.NthLastModifiedTimeTrackerTest@5dfcfece</td></tr>
<tr>
<td title='storm.starter.tools.NthLastModifiedTimeTrackerTest.positiveNumTimesToTrackShouldBeOk()'><b>positiveNumTimesToTrackShouldBeOk</b><br>Test class: storm.starter.tools.NthLastModifiedTimeTrackerTest<br>Parameters: 3</td>
<td></td>
<td>0</td>
<td>storm.starter.tools.NthLastModifiedTimeTrackerTest@5dfcfece</td></tr>
<tr>
<td title='storm.starter.tools.NthLastModifiedTimeTrackerTest.positiveNumTimesToTrackShouldBeOk()'><b>positiveNumTimesToTrackShouldBeOk</b><br>Test class: storm.starter.tools.NthLastModifiedTimeTrackerTest<br>Parameters: 20</td>
<td></td>
<td>0</td>
<td>storm.starter.tools.NthLastModifiedTimeTrackerTest@5dfcfece</td></tr>
<tr>
<td title='storm.starter.bolt.IntermediateRankingsBoltTest.positiveTopNShouldBeOk()'><b>positiveTopNShouldBeOk</b><br>Test class: storm.starter.bolt.IntermediateRankingsBoltTest<br>Parameters: 1</td>
<td></td>
<td>0</td>
<td>storm.starter.bolt.IntermediateRankingsBoltTest@215be6bb</td></tr>
<tr>
<td title='storm.starter.bolt.IntermediateRankingsBoltTest.positiveTopNShouldBeOk()'><b>positiveTopNShouldBeOk</b><br>Test class: storm.starter.bolt.IntermediateRankingsBoltTest<br>Parameters: 2</td>
<td></td>
<td>0</td>
<td>storm.starter.bolt.IntermediateRankingsBoltTest@215be6bb</td></tr>
<tr>
<td title='storm.starter.bolt.IntermediateRankingsBoltTest.positiveTopNShouldBeOk()'><b>positiveTopNShouldBeOk</b><br>Test class: storm.starter.bolt.IntermediateRankingsBoltTest<br>Parameters: 3</td>
<td></td>
<td>0</td>
<td>storm.starter.bolt.IntermediateRankingsBoltTest@215be6bb</td></tr>
<tr>
<td title='storm.starter.bolt.IntermediateRankingsBoltTest.positiveTopNShouldBeOk()'><b>positiveTopNShouldBeOk</b><br>Test class: storm.starter.bolt.IntermediateRankingsBoltTest<br>Parameters: 20</td>
<td></td>
<td>0</td>
<td>storm.starter.bolt.IntermediateRankingsBoltTest@215be6bb</td></tr>
<tr>
<td title='storm.starter.bolt.TotalRankingsBoltTest.positiveTopNShouldBeOk()'><b>positiveTopNShouldBeOk</b><br>Test class: storm.starter.bolt.TotalRankingsBoltTest<br>Parameters: 1</td>
<td></td>
<td>0</td>
<td>storm.starter.bolt.TotalRankingsBoltTest@4439f31e</td></tr>
<tr>
<td title='storm.starter.bolt.TotalRankingsBoltTest.positiveTopNShouldBeOk()'><b>positiveTopNShouldBeOk</b><br>Test class: storm.starter.bolt.TotalRankingsBoltTest<br>Parameters: 2</td>
<td></td>
<td>0</td>
<td>storm.starter.bolt.TotalRankingsBoltTest@4439f31e</td></tr>
<tr>
<td title='storm.starter.bolt.TotalRankingsBoltTest.positiveTopNShouldBeOk()'><b>positiveTopNShouldBeOk</b><br>Test class: storm.starter.bolt.TotalRankingsBoltTest<br>Parameters: 3</td>
<td></td>
<td>0</td>
<td>storm.starter.bolt.TotalRankingsBoltTest@4439f31e</td></tr>
<tr>
<td title='storm.starter.bolt.TotalRankingsBoltTest.positiveTopNShouldBeOk()'><b>positiveTopNShouldBeOk</b><br>Test class: storm.starter.bolt.TotalRankingsBoltTest<br>Parameters: 20</td>
<td></td>
<td>0</td>
<td>storm.starter.bolt.TotalRankingsBoltTest@4439f31e</td></tr>
<tr>
<td title='storm.starter.tools.RankableObjectWithFieldsTest.shouldBeEqualToItself()'><b>shouldBeEqualToItself</b><br>Test class: storm.starter.tools.RankableObjectWithFieldsTest</td>
<td></td>
<td>0</td>
<td>storm.starter.tools.RankableObjectWithFieldsTest@32d992b2</td></tr>
<tr>
<td title='storm.starter.tools.RankableObjectWithFieldsTest.shouldBeEqualToTrueDuplicates()'><b>shouldBeEqualToTrueDuplicates</b><br>Test class: storm.starter.tools.RankableObjectWithFieldsTest<br>Parameters: [foo|0], [foo|0]</td>
<td></td>
<td>0</td>
<td>storm.starter.tools.RankableObjectWithFieldsTest@32d992b2</td></tr>
<tr>
<td title='storm.starter.tools.RankableObjectWithFieldsTest.shouldBeEqualToTrueDuplicates()'><b>shouldBeEqualToTrueDuplicates</b><br>Test class: storm.starter.tools.RankableObjectWithFieldsTest<br>Parameters: [foo|0], [foo|0|someOtherField]</td>
<td></td>
<td>0</td>
<td>storm.starter.tools.RankableObjectWithFieldsTest@32d992b2</td></tr>
<tr>
<td title='storm.starter.tools.RankableObjectWithFieldsTest.shouldBeEqualToTrueDuplicates()'><b>shouldBeEqualToTrueDuplicates</b><br>Test class: storm.starter.tools.RankableObjectWithFieldsTest<br>Parameters: [foo|0|someField], [foo|0|someOtherField]</td>
<td></td>
<td>0</td>
<td>storm.starter.tools.RankableObjectWithFieldsTest@32d992b2</td></tr>
<tr>
<td title='storm.starter.tools.RankingsTest.shouldCorrectlyRankWhenEmptyAndUpdatedWithOtherRankings()'><b>shouldCorrectlyRankWhenEmptyAndUpdatedWithOtherRankings</b><br>Test class: storm.starter.tools.RankingsTest<br>Parameters: [[A|1]], [[A|1]]</td>
<td></td>
<td>0</td>
<td>storm.starter.tools.RankingsTest@5d5eef3d</td></tr>
<tr>
<td title='storm.starter.tools.RankingsTest.shouldCorrectlyRankWhenEmptyAndUpdatedWithOtherRankings()'><b>shouldCorrectlyRankWhenEmptyAndUpdatedWithOtherRankings</b><br>Test class: storm.starter.tools.RankingsTest<br>Parameters: [[B|2], [D|4], [A|1], [C|3]], [[D|4], [C|3], [B|2], [A|1]]</td>
<td></td>
<td>0</td>
<td>storm.starter.tools.RankingsTest@5d5eef3d</td></tr>
<tr>
<td title='storm.starter.tools.RankingsTest.shouldCorrectlyRankWhenEmptyAndUpdatedWithOtherRankings()'><b>shouldCorrectlyRankWhenEmptyAndUpdatedWithOtherRankings</b><br>Test class: storm.starter.tools.RankingsTest<br>Parameters: [[B|2], [F|6], [A|1], [C|3], [D|4], [E|5]], [[F|6], [E|5], [D|4], [C|3], [B|2], [A|1]]</td>
<td></td>
<td>0</td>
<td>storm.starter.tools.RankingsTest@5d5eef3d</td></tr>
<tr>
<td title='storm.starter.tools.RankingsTest.shouldCorrectlyRankWhenEmptyAndUpdatedWithOtherRankings()'><b>shouldCorrectlyRankWhenEmptyAndUpdatedWithOtherRankings</b><br>Test class: storm.starter.tools.RankingsTest<br>Parameters: [[G|7], [B|2], [F|6], [A|1], [C|3], [D|4], [E|5], [H|8]], [[H|8], [G|7], [F|6], [E|5], [D|4], [C|3], [B|2], [A|1]]</td>
<td></td>
<td>0</td>
<td>storm.starter.tools.RankingsTest@5d5eef3d</td></tr>
<tr>
<td title='storm.starter.tools.RankingsTest.shouldCorrectlyRankWhenNotEmptyAndUpdatedWithOtherRankings()'><b>shouldCorrectlyRankWhenNotEmptyAndUpdatedWithOtherRankings</b><br>Test class: storm.starter.tools.RankingsTest<br>Parameters: [[A|1]], [[A|1]], [[A|1]]</td>
<td></td>
<td>0</td>
<td>storm.starter.tools.RankingsTest@5d5eef3d</td></tr>
<tr>
<td title='storm.starter.tools.RankingsTest.shouldCorrectlyRankWhenNotEmptyAndUpdatedWithOtherRankings()'><b>shouldCorrectlyRankWhenNotEmptyAndUpdatedWithOtherRankings</b><br>Test class: storm.starter.tools.RankingsTest<br>Parameters: [[A|1], [C|3]], [[B|2], [D|4]], [[D|4], [C|3], [B|2], [A|1]]</td>
<td></td>
<td>0</td>
<td>storm.starter.tools.RankingsTest@5d5eef3d</td></tr>
<tr>
<td title='storm.starter.tools.RankingsTest.shouldCorrectlyRankWhenNotEmptyAndUpdatedWithOtherRankings()'><b>shouldCorrectlyRankWhenNotEmptyAndUpdatedWithOtherRankings</b><br>Test class: storm.starter.tools.RankingsTest<br>Parameters: [[B|2], [F|6], [A|1]], [[C|3], [D|4], [E|5]], [[F|6], [E|5], [D|4], [C|3], [B|2], [A|1]]</td>
<td></td>
<td>0</td>
<td>storm.starter.tools.RankingsTest@5d5eef3d</td></tr>
<tr>
<td title='storm.starter.tools.RankingsTest.shouldCorrectlyRankWhenNotEmptyAndUpdatedWithOtherRankings()'><b>shouldCorrectlyRankWhenNotEmptyAndUpdatedWithOtherRankings</b><br>Test class: storm.starter.tools.RankingsTest<br>Parameters: [[G|7], [B|2], [F|6], [A|1], [C|3]], [[D|4], [E|5], [H|8]], [[H|8], [G|7], [F|6], [E|5], [D|4], [C|3], [B|2], [A|1]]</td>
<td></td>
<td>0</td>
<td>storm.starter.tools.RankingsTest@5d5eef3d</td></tr>
<tr>
<td title='storm.starter.tools.RankingsTest.shouldCorrectlyRankWhenUpdatedWithEmptyOtherRankings()'><b>shouldCorrectlyRankWhenUpdatedWithEmptyOtherRankings</b><br>Test class: storm.starter.tools.RankingsTest<br>Parameters: [[A|1]], [[A|1]]</td>
<td></td>
<td>0</td>
<td>storm.starter.tools.RankingsTest@5d5eef3d</td></tr>
<tr>
<td title='storm.starter.tools.RankingsTest.shouldCorrectlyRankWhenUpdatedWithEmptyOtherRankings()'><b>shouldCorrectlyRankWhenUpdatedWithEmptyOtherRankings</b><br>Test class: storm.starter.tools.RankingsTest<br>Parameters: [[B|2], [D|4], [A|1], [C|3]], [[D|4], [C|3], [B|2], [A|1]]</td>
<td></td>
<td>0</td>
<td>storm.starter.tools.RankingsTest@5d5eef3d</td></tr>
<tr>
<td title='storm.starter.tools.RankingsTest.shouldCorrectlyRankWhenUpdatedWithEmptyOtherRankings()'><b>shouldCorrectlyRankWhenUpdatedWithEmptyOtherRankings</b><br>Test class: storm.starter.tools.RankingsTest<br>Parameters: [[B|2], [F|6], [A|1], [C|3], [D|4], [E|5]], [[F|6], [E|5], [D|4], [C|3], [B|2], [A|1]]</td>
<td></td>
<td>0</td>
<td>storm.starter.tools.RankingsTest@5d5eef3d</td></tr>
<tr>
<td title='storm.starter.tools.RankingsTest.shouldCorrectlyRankWhenUpdatedWithEmptyOtherRankings()'><b>shouldCorrectlyRankWhenUpdatedWithEmptyOtherRankings</b><br>Test class: storm.starter.tools.RankingsTest<br>Parameters: [[G|7], [B|2], [F|6], [A|1], [C|3], [D|4], [E|5], [H|8]], [[H|8], [G|7], [F|6], [E|5], [D|4], [C|3], [B|2], [A|1]]</td>
<td></td>
<td>0</td>
<td>storm.starter.tools.RankingsTest@5d5eef3d</td></tr>
<tr>
<td title='storm.starter.tools.RankingsTest.shouldCorrectlyRankWhenUpdatedWithRankables()'><b>shouldCorrectlyRankWhenUpdatedWithRankables</b><br>Test class: storm.starter.tools.RankingsTest<br>Parameters: [[A|1]], [[A|1]]</td>
<td></td>
<td>0</td>
<td>storm.starter.tools.RankingsTest@5d5eef3d</td></tr>
<tr>
<td title='storm.starter.tools.RankingsTest.shouldCorrectlyRankWhenUpdatedWithRankables()'><b>shouldCorrectlyRankWhenUpdatedWithRankables</b><br>Test class: storm.starter.tools.RankingsTest<br>Parameters: [[B|2], [D|4], [A|1], [C|3]], [[D|4], [C|3], [B|2], [A|1]]</td>
<td></td>
<td>0</td>
<td>storm.starter.tools.RankingsTest@5d5eef3d</td></tr>
<tr>
<td title='storm.starter.tools.RankingsTest.shouldCorrectlyRankWhenUpdatedWithRankables()'><b>shouldCorrectlyRankWhenUpdatedWithRankables</b><br>Test class: storm.starter.tools.RankingsTest<br>Parameters: [[B|2], [F|6], [A|1], [C|3], [D|4], [E|5]], [[F|6], [E|5], [D|4], [C|3], [B|2], [A|1]]</td>
<td></td>
<td>0</td>
<td>storm.starter.tools.RankingsTest@5d5eef3d</td></tr>
<tr>
<td title='storm.starter.tools.RankingsTest.shouldCorrectlyRankWhenUpdatedWithRankables()'><b>shouldCorrectlyRankWhenUpdatedWithRankables</b><br>Test class: storm.starter.tools.RankingsTest<br>Parameters: [[G|7], [B|2], [F|6], [A|1], [C|3], [D|4], [E|5], [H|8]], [[H|8], [G|7], [F|6], [E|5], [D|4], [C|3], [B|2], [A|1]]</td>
<td></td>
<td>0</td>
<td>storm.starter.tools.RankingsTest@5d5eef3d</td></tr>
<tr>
<td title='storm.starter.tools.RankableObjectWithFieldsTest.shouldCreateRankableObjectFromTuple()'><b>shouldCreateRankableObjectFromTuple</b><br>Test class: storm.starter.tools.RankableObjectWithFieldsTest</td>
<td></td>
<td>0</td>
<td>storm.starter.tools.RankableObjectWithFieldsTest@32d992b2</td></tr>
<tr>
<td title='storm.starter.bolt.IntermediateRankingsBoltTest.shouldDeclareOutputFields()'><b>shouldDeclareOutputFields</b><br>Test class: storm.starter.bolt.IntermediateRankingsBoltTest</td>
<td></td>
<td>0</td>
<td>storm.starter.bolt.IntermediateRankingsBoltTest@215be6bb</td></tr>
<tr>
<td title='storm.starter.bolt.RollingCountBoltTest.shouldDeclareOutputFields()'><b>shouldDeclareOutputFields</b><br>Test class: storm.starter.bolt.RollingCountBoltTest</td>
<td></td>
<td>0</td>
<td>storm.starter.bolt.RollingCountBoltTest@5f375618</td></tr>
<tr>
<td title='storm.starter.bolt.TotalRankingsBoltTest.shouldDeclareOutputFields()'><b>shouldDeclareOutputFields</b><br>Test class: storm.starter.bolt.TotalRankingsBoltTest</td>
<td></td>
<td>0</td>
<td>storm.starter.bolt.TotalRankingsBoltTest@4439f31e</td></tr>
<tr>
<td title='storm.starter.bolt.RollingCountBoltTest.shouldEmitNothingIfNoObjectHasBeenCountedYetAndTickTupleIsReceived()'><b>shouldEmitNothingIfNoObjectHasBeenCountedYetAndTickTupleIsReceived</b><br>Test class: storm.starter.bolt.RollingCountBoltTest</td>
<td></td>
<td>0</td>
<td>storm.starter.bolt.RollingCountBoltTest@5f375618</td></tr>
<tr>
<td title='storm.starter.bolt.IntermediateRankingsBoltTest.shouldEmitNothingIfNormalTupleIsReceived()'><b>shouldEmitNothingIfNormalTupleIsReceived</b><br>Test class: storm.starter.bolt.IntermediateRankingsBoltTest</td>
<td></td>
<td>0</td>
<td>storm.starter.bolt.IntermediateRankingsBoltTest@215be6bb</td></tr>
<tr>
<td title='storm.starter.bolt.TotalRankingsBoltTest.shouldEmitNothingIfNormalTupleIsReceived()'><b>shouldEmitNothingIfNormalTupleIsReceived</b><br>Test class: storm.starter.bolt.TotalRankingsBoltTest</td>
<td></td>
<td>0</td>
<td>storm.starter.bolt.TotalRankingsBoltTest@4439f31e</td></tr>
<tr>
<td title='storm.starter.bolt.RollingCountBoltTest.shouldEmitSomethingIfAtLeastOneObjectWasCountedAndTickTupleIsReceived()'><b>shouldEmitSomethingIfAtLeastOneObjectWasCountedAndTickTupleIsReceived</b><br>Test class: storm.starter.bolt.RollingCountBoltTest</td>
<td></td>
<td>0</td>
<td>storm.starter.bolt.RollingCountBoltTest@5f375618</td></tr>
<tr>
<td title='storm.starter.bolt.IntermediateRankingsBoltTest.shouldEmitSomethingIfTickTupleIsReceived()'><b>shouldEmitSomethingIfTickTupleIsReceived</b><br>Test class: storm.starter.bolt.IntermediateRankingsBoltTest</td>
<td></td>
<td>0</td>
<td>storm.starter.bolt.IntermediateRankingsBoltTest@215be6bb</td></tr>
<tr>
<td title='storm.starter.bolt.TotalRankingsBoltTest.shouldEmitSomethingIfTickTupleIsReceived()'><b>shouldEmitSomethingIfTickTupleIsReceived</b><br>Test class: storm.starter.bolt.TotalRankingsBoltTest</td>
<td></td>
<td>0</td>
<td>storm.starter.bolt.TotalRankingsBoltTest@4439f31e</td></tr>
<tr>
<td title='storm.starter.tools.RankingsTest.shouldHaveDefaultConstructor()'><b>shouldHaveDefaultConstructor</b><br>Test class: storm.starter.tools.RankingsTest</td>
<td></td>
<td>0</td>
<td>storm.starter.tools.RankingsTest@5d5eef3d</td></tr>
<tr>
<td title='storm.starter.tools.RankableObjectWithFieldsTest.shouldHaveDifferentHashCodeThanFalseDuplicates()'><b>shouldHaveDifferentHashCodeThanFalseDuplicates</b><br>Test class: storm.starter.tools.RankableObjectWithFieldsTest<br>Parameters: [foo|0], [foo|1]</td>
<td></td>
<td>0</td>
<td>storm.starter.tools.RankableObjectWithFieldsTest@32d992b2</td></tr>
<tr>
<td title='storm.starter.tools.RankableObjectWithFieldsTest.shouldHaveDifferentHashCodeThanFalseDuplicates()'><b>shouldHaveDifferentHashCodeThanFalseDuplicates</b><br>Test class: storm.starter.tools.RankableObjectWithFieldsTest<br>Parameters: [foo|1], [Foo|1]</td>
<td></td>
<td>0</td>
<td>storm.starter.tools.RankableObjectWithFieldsTest@32d992b2</td></tr>
<tr>
<td title='storm.starter.tools.RankableObjectWithFieldsTest.shouldHaveDifferentHashCodeThanFalseDuplicates()'><b>shouldHaveDifferentHashCodeThanFalseDuplicates</b><br>Test class: storm.starter.tools.RankableObjectWithFieldsTest<br>Parameters: [foo|1], [FOO|1]</td>
<td></td>
<td>0</td>
<td>storm.starter.tools.RankableObjectWithFieldsTest@32d992b2</td></tr>
<tr>
<td title='storm.starter.tools.RankableObjectWithFieldsTest.shouldHaveDifferentHashCodeThanFalseDuplicates()'><b>shouldHaveDifferentHashCodeThanFalseDuplicates</b><br>Test class: storm.starter.tools.RankableObjectWithFieldsTest<br>Parameters: [foo|1], [bar|1]</td>
<td></td>
<td>0</td>
<td>storm.starter.tools.RankableObjectWithFieldsTest@32d992b2</td></tr>
<tr>
<td title='storm.starter.tools.RankableObjectWithFieldsTest.shouldHaveDifferentHashCodeThanFalseDuplicates()'><b>shouldHaveDifferentHashCodeThanFalseDuplicates</b><br>Test class: storm.starter.tools.RankableObjectWithFieldsTest<br>Parameters: [|0], [|1]</td>
<td></td>
<td>0</td>
<td>storm.starter.tools.RankableObjectWithFieldsTest@32d992b2</td></tr>
<tr>
<td title='storm.starter.tools.RankableObjectWithFieldsTest.shouldHaveDifferentHashCodeThanFalseDuplicates()'><b>shouldHaveDifferentHashCodeThanFalseDuplicates</b><br>Test class: storm.starter.tools.RankableObjectWithFieldsTest<br>Parameters: [|1], [bar|1]</td>
<td></td>
<td>0</td>
<td>storm.starter.tools.RankableObjectWithFieldsTest@32d992b2</td></tr>
<tr>
<td title='storm.starter.tools.RankableObjectWithFieldsTest.shouldHaveSameHashCodeAsTrueDuplicates()'><b>shouldHaveSameHashCodeAsTrueDuplicates</b><br>Test class: storm.starter.tools.RankableObjectWithFieldsTest<br>Parameters: [foo|0], [foo|0]</td>
<td></td>
<td>0</td>
<td>storm.starter.tools.RankableObjectWithFieldsTest@32d992b2</td></tr>
<tr>
<td title='storm.starter.tools.RankableObjectWithFieldsTest.shouldHaveSameHashCodeAsTrueDuplicates()'><b>shouldHaveSameHashCodeAsTrueDuplicates</b><br>Test class: storm.starter.tools.RankableObjectWithFieldsTest<br>Parameters: [foo|0], [foo|0|someOtherField]</td>
<td></td>
<td>0</td>
<td>storm.starter.tools.RankableObjectWithFieldsTest@32d992b2</td></tr>
<tr>
<td title='storm.starter.tools.RankableObjectWithFieldsTest.shouldHaveSameHashCodeAsTrueDuplicates()'><b>shouldHaveSameHashCodeAsTrueDuplicates</b><br>Test class: storm.starter.tools.RankableObjectWithFieldsTest<br>Parameters: [foo|0|someField], [foo|0|someOtherField]</td>
<td></td>
<td>0</td>
<td>storm.starter.tools.RankableObjectWithFieldsTest@32d992b2</td></tr>
<tr>
<td title='storm.starter.tools.SlotBasedCounterTest.shouldIncrementCount()'><b>shouldIncrementCount</b><br>Test class: storm.starter.tools.SlotBasedCounterTest<br>Parameters: [Ljava.lang.String;@4c39bec8, [I@f79e</td>
<td></td>
<td>0</td>
<td>storm.starter.tools.SlotBasedCounterTest@23ceabc1</td></tr>
<tr>
<td title='storm.starter.tools.SlotBasedCounterTest.shouldIncrementCountOnlyOneSlotAtATime()'><b>shouldIncrementCountOnlyOneSlotAtATime</b><br>Test class: storm.starter.tools.SlotBasedCounterTest</td>
<td></td>
<td>0</td>
<td>storm.starter.tools.SlotBasedCounterTest@23ceabc1</td></tr>
<tr>
<td title='storm.starter.tools.RankableObjectWithFieldsTest.shouldNotBeEqualToFalseDuplicates()'><b>shouldNotBeEqualToFalseDuplicates</b><br>Test class: storm.starter.tools.RankableObjectWithFieldsTest<br>Parameters: [foo|0], [foo|1]</td>
<td></td>
<td>0</td>
<td>storm.starter.tools.RankableObjectWithFieldsTest@32d992b2</td></tr>
<tr>
<td title='storm.starter.tools.RankableObjectWithFieldsTest.shouldNotBeEqualToFalseDuplicates()'><b>shouldNotBeEqualToFalseDuplicates</b><br>Test class: storm.starter.tools.RankableObjectWithFieldsTest<br>Parameters: [foo|1], [Foo|1]</td>
<td></td>
<td>0</td>
<td>storm.starter.tools.RankableObjectWithFieldsTest@32d992b2</td></tr>
<tr>
<td title='storm.starter.tools.RankableObjectWithFieldsTest.shouldNotBeEqualToFalseDuplicates()'><b>shouldNotBeEqualToFalseDuplicates</b><br>Test class: storm.starter.tools.RankableObjectWithFieldsTest<br>Parameters: [foo|1], [FOO|1]</td>
<td></td>
<td>0</td>
<td>storm.starter.tools.RankableObjectWithFieldsTest@32d992b2</td></tr>
<tr>
<td title='storm.starter.tools.RankableObjectWithFieldsTest.shouldNotBeEqualToFalseDuplicates()'><b>shouldNotBeEqualToFalseDuplicates</b><br>Test class: storm.starter.tools.RankableObjectWithFieldsTest<br>Parameters: [foo|1], [bar|1]</td>
<td></td>
<td>0</td>
<td>storm.starter.tools.RankableObjectWithFieldsTest@32d992b2</td></tr>
<tr>
<td title='storm.starter.tools.RankableObjectWithFieldsTest.shouldNotBeEqualToFalseDuplicates()'><b>shouldNotBeEqualToFalseDuplicates</b><br>Test class: storm.starter.tools.RankableObjectWithFieldsTest<br>Parameters: [|0], [|1]</td>
<td></td>
<td>0</td>
<td>storm.starter.tools.RankableObjectWithFieldsTest@32d992b2</td></tr>
<tr>
<td title='storm.starter.tools.RankableObjectWithFieldsTest.shouldNotBeEqualToFalseDuplicates()'><b>shouldNotBeEqualToFalseDuplicates</b><br>Test class: storm.starter.tools.RankableObjectWithFieldsTest<br>Parameters: [|1], [bar|1]</td>
<td></td>
<td>0</td>
<td>storm.starter.tools.RankableObjectWithFieldsTest@32d992b2</td></tr>
<tr>
<td title='storm.starter.tools.RankableObjectWithFieldsTest.shouldNotBeEqualToInstancesOfOtherClasses()'><b>shouldNotBeEqualToInstancesOfOtherClasses</b><br>Test class: storm.starter.tools.RankableObjectWithFieldsTest<br>Parameters: foo</td>
<td></td>
<td>0</td>
<td>storm.starter.tools.RankableObjectWithFieldsTest@32d992b2</td></tr>
<tr>
<td title='storm.starter.tools.RankableObjectWithFieldsTest.shouldNotBeEqualToInstancesOfOtherClasses()'><b>shouldNotBeEqualToInstancesOfOtherClasses</b><br>Test class: storm.starter.tools.RankableObjectWithFieldsTest<br>Parameters: java.lang.Object@7f0eb4b4</td>
<td></td>
<td>0</td>
<td>storm.starter.tools.RankableObjectWithFieldsTest@32d992b2</td></tr>
<tr>
<td title='storm.starter.tools.RankableObjectWithFieldsTest.shouldNotBeEqualToInstancesOfOtherClasses()'><b>shouldNotBeEqualToInstancesOfOtherClasses</b><br>Test class: storm.starter.tools.RankableObjectWithFieldsTest<br>Parameters: 4</td>
<td></td>
<td>0</td>
<td>storm.starter.tools.RankableObjectWithFieldsTest@32d992b2</td></tr>
<tr>
<td title='storm.starter.tools.RankableObjectWithFieldsTest.shouldNotBeEqualToInstancesOfOtherClasses()'><b>shouldNotBeEqualToInstancesOfOtherClasses</b><br>Test class: storm.starter.tools.RankableObjectWithFieldsTest<br>Parameters: [7, 8, 9]</td>
<td></td>
<td>0</td>
<td>storm.starter.tools.RankableObjectWithFieldsTest@32d992b2</td></tr>
<tr>
<td title='storm.starter.tools.RankingsTest.shouldNotRankDuplicateObjectsMoreThanOnce()'><b>shouldNotRankDuplicateObjectsMoreThanOnce</b><br>Test class: storm.starter.tools.RankingsTest<br>Parameters: [[someObject|42], [someObject|42], [someObject|42]]</td>
<td></td>
<td>0</td>
<td>storm.starter.tools.RankingsTest@5d5eef3d</td></tr>
<tr>
<td title='storm.starter.tools.RankingsTest.shouldNotRankDuplicateObjectsMoreThanOnce()'><b>shouldNotRankDuplicateObjectsMoreThanOnce</b><br>Test class: storm.starter.tools.RankingsTest<br>Parameters: [[A|1], [A|2], [A|3]]</td>
<td></td>
<td>0</td>
<td>storm.starter.tools.RankingsTest@5d5eef3d</td></tr>
<tr>
<td title='storm.starter.tools.RankingsTest.shouldRemoveZeroCounts()'><b>shouldRemoveZeroCounts</b><br>Test class: storm.starter.tools.RankingsTest<br>Parameters: [[A|1], [ZERO_COUNT|0]], [[A|1]]</td>
<td></td>
<td>0</td>
<td>storm.starter.tools.RankingsTest@5d5eef3d</td></tr>
<tr>
<td title='storm.starter.tools.RankingsTest.shouldRemoveZeroCounts()'><b>shouldRemoveZeroCounts</b><br>Test class: storm.starter.tools.RankingsTest<br>Parameters: [[A|1]], [[A|1]]</td>
<td></td>
<td>0</td>
<td>storm.starter.tools.RankingsTest@5d5eef3d</td></tr>
<tr>
<td title='storm.starter.tools.RankingsTest.shouldRemoveZeroCounts()'><b>shouldRemoveZeroCounts</b><br>Test class: storm.starter.tools.RankingsTest<br>Parameters: [[ZERO_COUNT|0], [A|1]], [[A|1]]</td>
<td></td>
<td>0</td>
<td>storm.starter.tools.RankingsTest@5d5eef3d</td></tr>
<tr>
<td title='storm.starter.tools.RankingsTest.shouldRemoveZeroCounts()'><b>shouldRemoveZeroCounts</b><br>Test class: storm.starter.tools.RankingsTest<br>Parameters: [[ZERO_COUNT|0]], []</td>
<td></td>
<td>0</td>
<td>storm.starter.tools.RankingsTest@5d5eef3d</td></tr>
<tr>
<td title='storm.starter.tools.RankingsTest.shouldRemoveZeroCounts()'><b>shouldRemoveZeroCounts</b><br>Test class: storm.starter.tools.RankingsTest<br>Parameters: [[ZERO_COUNT|0], [ZERO2|0]], []</td>
<td></td>
<td>0</td>
<td>storm.starter.tools.RankingsTest@5d5eef3d</td></tr>
<tr>
<td title='storm.starter.tools.RankingsTest.shouldRemoveZeroCounts()'><b>shouldRemoveZeroCounts</b><br>Test class: storm.starter.tools.RankingsTest<br>Parameters: [[B|2], [ZERO_COUNT|0], [ZERO2|0], [D|4], [ZERO3|0], [ZERO4|0], [C|3]], [[D|4], [C|3], [B|2]]</td>
<td></td>
<td>0</td>
<td>storm.starter.tools.RankingsTest@5d5eef3d</td></tr>
<tr>
<td title='storm.starter.tools.RankingsTest.shouldRemoveZeroCounts()'><b>shouldRemoveZeroCounts</b><br>Test class: storm.starter.tools.RankingsTest<br>Parameters: [[A|1], [ZERO_COUNT|0], [B|2]], [[B|2], [A|1]]</td>
<td></td>
<td>0</td>
<td>storm.starter.tools.RankingsTest@5d5eef3d</td></tr>
<tr>
<td title='storm.starter.tools.NthLastModifiedTimeTrackerTest.shouldReturnCorrectModifiedTimeEvenWhenNotYetMarkedAsModified()'><b>shouldReturnCorrectModifiedTimeEvenWhenNotYetMarkedAsModified</b><br>Test class: storm.starter.tools.NthLastModifiedTimeTrackerTest<br>Parameters: 0</td>
<td></td>
<td>0</td>
<td>storm.starter.tools.NthLastModifiedTimeTrackerTest@5dfcfece</td></tr>
<tr>
<td title='storm.starter.tools.NthLastModifiedTimeTrackerTest.shouldReturnCorrectModifiedTimeEvenWhenNotYetMarkedAsModified()'><b>shouldReturnCorrectModifiedTimeEvenWhenNotYetMarkedAsModified</b><br>Test class: storm.starter.tools.NthLastModifiedTimeTrackerTest<br>Parameters: 1</td>
<td></td>
<td>0</td>
<td>storm.starter.tools.NthLastModifiedTimeTrackerTest@5dfcfece</td></tr>
<tr>
<td title='storm.starter.tools.NthLastModifiedTimeTrackerTest.shouldReturnCorrectModifiedTimeEvenWhenNotYetMarkedAsModified()'><b>shouldReturnCorrectModifiedTimeEvenWhenNotYetMarkedAsModified</b><br>Test class: storm.starter.tools.NthLastModifiedTimeTrackerTest<br>Parameters: 2</td>
<td></td>
<td>0</td>
<td>storm.starter.tools.NthLastModifiedTimeTrackerTest@5dfcfece</td></tr>
<tr>
<td title='storm.starter.tools.NthLastModifiedTimeTrackerTest.shouldReturnCorrectModifiedTimeEvenWhenNotYetMarkedAsModified()'><b>shouldReturnCorrectModifiedTimeEvenWhenNotYetMarkedAsModified</b><br>Test class: storm.starter.tools.NthLastModifiedTimeTrackerTest<br>Parameters: 3</td>
<td></td>
<td>0</td>
<td>storm.starter.tools.NthLastModifiedTimeTrackerTest@5dfcfece</td></tr>
<tr>
<td title='storm.starter.tools.NthLastModifiedTimeTrackerTest.shouldReturnCorrectModifiedTimeEvenWhenNotYetMarkedAsModified()'><b>shouldReturnCorrectModifiedTimeEvenWhenNotYetMarkedAsModified</b><br>Test class: storm.starter.tools.NthLastModifiedTimeTrackerTest<br>Parameters: 4</td>
<td></td>
<td>0</td>
<td>storm.starter.tools.NthLastModifiedTimeTrackerTest@5dfcfece</td></tr>
<tr>
<td title='storm.starter.tools.NthLastModifiedTimeTrackerTest.shouldReturnCorrectModifiedTimeEvenWhenNotYetMarkedAsModified()'><b>shouldReturnCorrectModifiedTimeEvenWhenNotYetMarkedAsModified</b><br>Test class: storm.starter.tools.NthLastModifiedTimeTrackerTest<br>Parameters: 5</td>
<td></td>
<td>0</td>
<td>storm.starter.tools.NthLastModifiedTimeTrackerTest@5dfcfece</td></tr>
<tr>
<td title='storm.starter.tools.NthLastModifiedTimeTrackerTest.shouldReturnCorrectModifiedTimeEvenWhenNotYetMarkedAsModified()'><b>shouldReturnCorrectModifiedTimeEvenWhenNotYetMarkedAsModified</b><br>Test class: storm.starter.tools.NthLastModifiedTimeTrackerTest<br>Parameters: 8</td>
<td></td>
<td>0</td>
<td>storm.starter.tools.NthLastModifiedTimeTrackerTest@5dfcfece</td></tr>
<tr>
<td title='storm.starter.tools.NthLastModifiedTimeTrackerTest.shouldReturnCorrectModifiedTimeEvenWhenNotYetMarkedAsModified()'><b>shouldReturnCorrectModifiedTimeEvenWhenNotYetMarkedAsModified</b><br>Test class: storm.starter.tools.NthLastModifiedTimeTrackerTest<br>Parameters: 10</td>
<td></td>
<td>0</td>
<td>storm.starter.tools.NthLastModifiedTimeTrackerTest@5dfcfece</td></tr>
<tr>
<td title='storm.starter.tools.NthLastModifiedTimeTrackerTest.shouldReturnCorrectModifiedTimeWhenMarkedAsModified()'><b>shouldReturnCorrectModifiedTimeWhenMarkedAsModified</b><br>Test class: storm.starter.tools.NthLastModifiedTimeTrackerTest<br>Parameters: 1, [I@7ee8290b, [I@1f59a598</td>
<td></td>
<td>0</td>
<td>storm.starter.tools.NthLastModifiedTimeTrackerTest@5dfcfece</td></tr>
<tr>
<td title='storm.starter.tools.NthLastModifiedTimeTrackerTest.shouldReturnCorrectModifiedTimeWhenMarkedAsModified()'><b>shouldReturnCorrectModifiedTimeWhenMarkedAsModified</b><br>Test class: storm.starter.tools.NthLastModifiedTimeTrackerTest<br>Parameters: 1, [I@1e178745, [I@192c3f1e</td>
<td></td>
<td>0</td>
<td>storm.starter.tools.NthLastModifiedTimeTrackerTest@5dfcfece</td></tr>
<tr>
<td title='storm.starter.tools.NthLastModifiedTimeTrackerTest.shouldReturnCorrectModifiedTimeWhenMarkedAsModified()'><b>shouldReturnCorrectModifiedTimeWhenMarkedAsModified</b><br>Test class: storm.starter.tools.NthLastModifiedTimeTrackerTest<br>Parameters: 2, [I@26b3fd41, [I@7494f96a</td>
<td></td>
<td>0</td>
<td>storm.starter.tools.NthLastModifiedTimeTrackerTest@5dfcfece</td></tr>
<tr>
<td title='storm.starter.tools.NthLastModifiedTimeTrackerTest.shouldReturnCorrectModifiedTimeWhenMarkedAsModified()'><b>shouldReturnCorrectModifiedTimeWhenMarkedAsModified</b><br>Test class: storm.starter.tools.NthLastModifiedTimeTrackerTest<br>Parameters: 2, [I@561b6512, [I@2e377400</td>
<td></td>
<td>0</td>
<td>storm.starter.tools.NthLastModifiedTimeTrackerTest@5dfcfece</td></tr>
<tr>
<td title='storm.starter.tools.NthLastModifiedTimeTrackerTest.shouldReturnCorrectModifiedTimeWhenMarkedAsModified()'><b>shouldReturnCorrectModifiedTimeWhenMarkedAsModified</b><br>Test class: storm.starter.tools.NthLastModifiedTimeTrackerTest<br>Parameters: 1, [I@1757cd72, [I@445b295b</td>
<td></td>
<td>0</td>
<td>storm.starter.tools.NthLastModifiedTimeTrackerTest@5dfcfece</td></tr>
<tr>
<td title='storm.starter.tools.NthLastModifiedTimeTrackerTest.shouldReturnCorrectModifiedTimeWhenMarkedAsModified()'><b>shouldReturnCorrectModifiedTimeWhenMarkedAsModified</b><br>Test class: storm.starter.tools.NthLastModifiedTimeTrackerTest<br>Parameters: 1, [I@49e5f737, [I@5c671d7f</td>
<td></td>
<td>0</td>
<td>storm.starter.tools.NthLastModifiedTimeTrackerTest@5dfcfece</td></tr>
<tr>
<td title='storm.starter.tools.NthLastModifiedTimeTrackerTest.shouldReturnCorrectModifiedTimeWhenMarkedAsModified()'><b>shouldReturnCorrectModifiedTimeWhenMarkedAsModified</b><br>Test class: storm.starter.tools.NthLastModifiedTimeTrackerTest<br>Parameters: 2, [I@757277dc, [I@687e99d8</td>
<td></td>
<td>0</td>
<td>storm.starter.tools.NthLastModifiedTimeTrackerTest@5dfcfece</td></tr>
<tr>
<td title='storm.starter.tools.NthLastModifiedTimeTrackerTest.shouldReturnCorrectModifiedTimeWhenMarkedAsModified()'><b>shouldReturnCorrectModifiedTimeWhenMarkedAsModified</b><br>Test class: storm.starter.tools.NthLastModifiedTimeTrackerTest<br>Parameters: 2, [I@e4487af, [I@6aaceffd</td>
<td></td>
<td>0</td>
<td>storm.starter.tools.NthLastModifiedTimeTrackerTest@5dfcfece</td></tr>
<tr>
<td title='storm.starter.tools.NthLastModifiedTimeTrackerTest.shouldReturnCorrectModifiedTimeWhenMarkedAsModified()'><b>shouldReturnCorrectModifiedTimeWhenMarkedAsModified</b><br>Test class: storm.starter.tools.NthLastModifiedTimeTrackerTest<br>Parameters: 2, [I@c86b9e3, [I@10aa41f2</td>
<td></td>
<td>0</td>
<td>storm.starter.tools.NthLastModifiedTimeTrackerTest@5dfcfece</td></tr>
<tr>
<td title='storm.starter.tools.NthLastModifiedTimeTrackerTest.shouldReturnCorrectModifiedTimeWhenMarkedAsModified()'><b>shouldReturnCorrectModifiedTimeWhenMarkedAsModified</b><br>Test class: storm.starter.tools.NthLastModifiedTimeTrackerTest<br>Parameters: 3, [I@3af9c5b7, [I@37271612</td>
<td></td>
<td>0</td>
<td>storm.starter.tools.NthLastModifiedTimeTrackerTest@5dfcfece</td></tr>
<tr>
<td title='storm.starter.tools.NthLastModifiedTimeTrackerTest.shouldReturnCorrectModifiedTimeWhenMarkedAsModified()'><b>shouldReturnCorrectModifiedTimeWhenMarkedAsModified</b><br>Test class: storm.starter.tools.NthLastModifiedTimeTrackerTest<br>Parameters: 3, [I@ed7f8b4, [I@4c309d4d</td>
<td></td>
<td>0</td>
<td>storm.starter.tools.NthLastModifiedTimeTrackerTest@5dfcfece</td></tr>
<tr>
<td title='storm.starter.tools.NthLastModifiedTimeTrackerTest.shouldReturnCorrectModifiedTimeWhenMarkedAsModified()'><b>shouldReturnCorrectModifiedTimeWhenMarkedAsModified</b><br>Test class: storm.starter.tools.NthLastModifiedTimeTrackerTest<br>Parameters: 3, [I@38102d01, [I@37883b97</td>
<td></td>
<td>0</td>
<td>storm.starter.tools.NthLastModifiedTimeTrackerTest@5dfcfece</td></tr>
<tr>
<td title='storm.starter.tools.NthLastModifiedTimeTrackerTest.shouldReturnCorrectModifiedTimeWhenMarkedAsModified()'><b>shouldReturnCorrectModifiedTimeWhenMarkedAsModified</b><br>Test class: storm.starter.tools.NthLastModifiedTimeTrackerTest<br>Parameters: 4, [I@6ab778a, [I@4e3958e7</td>
<td></td>
<td>0</td>
<td>storm.starter.tools.NthLastModifiedTimeTrackerTest@5dfcfece</td></tr>
<tr>
<td title='storm.starter.tools.NthLastModifiedTimeTrackerTest.shouldReturnCorrectModifiedTimeWhenMarkedAsModified()'><b>shouldReturnCorrectModifiedTimeWhenMarkedAsModified</b><br>Test class: storm.starter.tools.NthLastModifiedTimeTrackerTest<br>Parameters: 4, [I@77f80c04, [I@1dac5ef</td>
<td></td>
<td>0</td>
<td>storm.starter.tools.NthLastModifiedTimeTrackerTest@5dfcfece</td></tr>
<tr>
<td title='storm.starter.tools.NthLastModifiedTimeTrackerTest.shouldReturnCorrectModifiedTimeWhenMarkedAsModified()'><b>shouldReturnCorrectModifiedTimeWhenMarkedAsModified</b><br>Test class: storm.starter.tools.NthLastModifiedTimeTrackerTest<br>Parameters: 4, [I@5c90e579, [I@58ea606c</td>
<td></td>
<td>0</td>
<td>storm.starter.tools.NthLastModifiedTimeTrackerTest@5dfcfece</td></tr>
<tr>
<td title='storm.starter.tools.NthLastModifiedTimeTrackerTest.shouldReturnCorrectModifiedTimeWhenMarkedAsModified()'><b>shouldReturnCorrectModifiedTimeWhenMarkedAsModified</b><br>Test class: storm.starter.tools.NthLastModifiedTimeTrackerTest<br>Parameters: 5, [I@6f45df59, [I@38e79ae3</td>
<td></td>
<td>0</td>
<td>storm.starter.tools.NthLastModifiedTimeTrackerTest@5dfcfece</td></tr>
<tr>
<td title='storm.starter.tools.NthLastModifiedTimeTrackerTest.shouldReturnCorrectModifiedTimeWhenMarkedAsModified()'><b>shouldReturnCorrectModifiedTimeWhenMarkedAsModified</b><br>Test class: storm.starter.tools.NthLastModifiedTimeTrackerTest<br>Parameters: 5, [I@63070bab, [I@68e5eea7</td>
<td></td>
<td>0</td>
<td>storm.starter.tools.NthLastModifiedTimeTrackerTest@5dfcfece</td></tr>
<tr>
<td title='storm.starter.tools.NthLastModifiedTimeTrackerTest.shouldReturnCorrectModifiedTimeWhenMarkedAsModified()'><b>shouldReturnCorrectModifiedTimeWhenMarkedAsModified</b><br>Test class: storm.starter.tools.NthLastModifiedTimeTrackerTest<br>Parameters: 5, [I@291b4bf5, [I@2d2ffcb7</td>
<td></td>
<td>0</td>
<td>storm.starter.tools.NthLastModifiedTimeTrackerTest@5dfcfece</td></tr>
<tr>
<td title='storm.starter.tools.NthLastModifiedTimeTrackerTest.shouldReturnCorrectModifiedTimeWhenMarkedAsModified()'><b>shouldReturnCorrectModifiedTimeWhenMarkedAsModified</b><br>Test class: storm.starter.tools.NthLastModifiedTimeTrackerTest<br>Parameters: 6, [I@762ef0ea, [I@31f9b85e</td>
<td></td>
<td>0</td>
<td>storm.starter.tools.NthLastModifiedTimeTrackerTest@5dfcfece</td></tr>
<tr>
<td title='storm.starter.tools.NthLastModifiedTimeTrackerTest.shouldReturnCorrectModifiedTimeWhenMarkedAsModified()'><b>shouldReturnCorrectModifiedTimeWhenMarkedAsModified</b><br>Test class: storm.starter.tools.NthLastModifiedTimeTrackerTest<br>Parameters: 6, [I@424e1977, [I@10d68fcd</td>
<td></td>
<td>0</td>
<td>storm.starter.tools.NthLastModifiedTimeTrackerTest@5dfcfece</td></tr>
<tr>
<td title='storm.starter.tools.NthLastModifiedTimeTrackerTest.shouldReturnCorrectModifiedTimeWhenMarkedAsModified()'><b>shouldReturnCorrectModifiedTimeWhenMarkedAsModified</b><br>Test class: storm.starter.tools.NthLastModifiedTimeTrackerTest<br>Parameters: 6, [I@117e949d, [I@6db9f5a4</td>
<td></td>
<td>0</td>
<td>storm.starter.tools.NthLastModifiedTimeTrackerTest@5dfcfece</td></tr>
<tr>
<td title='storm.starter.tools.NthLastModifiedTimeTrackerTest.shouldReturnCorrectModifiedTimeWhenMarkedAsModified()'><b>shouldReturnCorrectModifiedTimeWhenMarkedAsModified</b><br>Test class: storm.starter.tools.NthLastModifiedTimeTrackerTest<br>Parameters: 3, [I@5f8edcc5, [I@7b02881e</td>
<td></td>
<td>0</td>
<td>storm.starter.tools.NthLastModifiedTimeTrackerTest@5dfcfece</td></tr>
<tr>
<td title='storm.starter.tools.SlotBasedCounterTest.shouldReturnNonEmptyCountsWhenAtLeastOneObjectWasCounted()'><b>shouldReturnNonEmptyCountsWhenAtLeastOneObjectWasCounted</b><br>Test class: storm.starter.tools.SlotBasedCounterTest</td>
<td></td>
<td>0</td>
<td>storm.starter.tools.SlotBasedCounterTest@23ceabc1</td></tr>
<tr>
<td title='storm.starter.tools.RankableObjectWithFieldsTest.shouldReturnTheCount()'><b>shouldReturnTheCount</b><br>Test class: storm.starter.tools.RankableObjectWithFieldsTest</td>
<td></td>
<td>0</td>
<td>storm.starter.tools.RankableObjectWithFieldsTest@32d992b2</td></tr>
<tr>
<td title='storm.starter.tools.RankableObjectWithFieldsTest.shouldReturnTheFields()'><b>shouldReturnTheFields</b><br>Test class: storm.starter.tools.RankableObjectWithFieldsTest<br>Parameters: java.lang.Object@57a3af25, 271, [Ljava.lang.Object;@1ebd319f</td>
<td></td>
<td>0</td>
<td>storm.starter.tools.RankableObjectWithFieldsTest@32d992b2</td></tr>
<tr>
<td title='storm.starter.tools.RankableObjectWithFieldsTest.shouldReturnTheFields()'><b>shouldReturnTheFields</b><br>Test class: storm.starter.tools.RankableObjectWithFieldsTest<br>Parameters: quux, 42, [Ljava.lang.Object;@3c0be339</td>
<td></td>
<td>0</td>
<td>storm.starter.tools.RankableObjectWithFieldsTest@32d992b2</td></tr>
<tr>
<td title='storm.starter.tools.RankableObjectWithFieldsTest.shouldReturnTheObject()'><b>shouldReturnTheObject</b><br>Test class: storm.starter.tools.RankableObjectWithFieldsTest</td>
<td></td>
<td>0</td>
<td>storm.starter.tools.RankableObjectWithFieldsTest@32d992b2</td></tr>
<tr>
<td title='storm.starter.tools.SlotBasedCounterTest.shouldReturnZeroForNonexistentObject()'><b>shouldReturnZeroForNonexistentObject</b><br>Test class: storm.starter.tools.SlotBasedCounterTest</td>
<td></td>
<td>0</td>
<td>storm.starter.tools.SlotBasedCounterTest@23ceabc1</td></tr>
<tr>
<td title='storm.starter.bolt.IntermediateRankingsBoltTest.shouldSetTickTupleFrequencyInComponentConfigurationToNonZeroValue()'><b>shouldSetTickTupleFrequencyInComponentConfigurationToNonZeroValue</b><br>Test class: storm.starter.bolt.IntermediateRankingsBoltTest</td>
<td></td>
<td>0</td>
<td>storm.starter.bolt.IntermediateRankingsBoltTest@215be6bb</td></tr>
<tr>
<td title='storm.starter.bolt.RollingCountBoltTest.shouldSetTickTupleFrequencyInComponentConfigurationToNonZeroValue()'><b>shouldSetTickTupleFrequencyInComponentConfigurationToNonZeroValue</b><br>Test class: storm.starter.bolt.RollingCountBoltTest</td>
<td></td>
<td>0</td>
<td>storm.starter.bolt.RollingCountBoltTest@5f375618</td></tr>
<tr>
<td title='storm.starter.bolt.TotalRankingsBoltTest.shouldSetTickTupleFrequencyInComponentConfigurationToNonZeroValue()'><b>shouldSetTickTupleFrequencyInComponentConfigurationToNonZeroValue</b><br>Test class: storm.starter.bolt.TotalRankingsBoltTest</td>
<td></td>
<td>0</td>
<td>storm.starter.bolt.TotalRankingsBoltTest@4439f31e</td></tr>
<tr>
<td title='storm.starter.tools.RankingsTest.sizeOfRankingsShouldNotGrowBeyondTopN()'><b>sizeOfRankingsShouldNotGrowBeyondTopN</b><br>Test class: storm.starter.tools.RankingsTest<br>Parameters: 2, [[A|1], [B|2], [C|3]]</td>
<td></td>
<td>0</td>
<td>storm.starter.tools.RankingsTest@5d5eef3d</td></tr>
<tr>
<td title='storm.starter.tools.RankingsTest.sizeOfRankingsShouldNotGrowBeyondTopN()'><b>sizeOfRankingsShouldNotGrowBeyondTopN</b><br>Test class: storm.starter.tools.RankingsTest<br>Parameters: 2, [[A|1], [B|2], [C|3], [D|4]]</td>
<td></td>
<td>0</td>
<td>storm.starter.tools.RankingsTest@5d5eef3d</td></tr>
<tr>
<td title='storm.starter.tools.SlidingWindowCounterTest.testCounterWithSimulatedRuns()'><b>testCounterWithSimulatedRuns</b><br>Test class: storm.starter.tools.SlidingWindowCounterTest<br>Parameters: 2, [I@15ca7889, [J@7a675056</td>
<td></td>
<td>0</td>
<td>storm.starter.tools.SlidingWindowCounterTest@174d20a</td></tr>
<tr>
<td title='storm.starter.tools.SlidingWindowCounterTest.testCounterWithSimulatedRuns()'><b>testCounterWithSimulatedRuns</b><br>Test class: storm.starter.tools.SlidingWindowCounterTest<br>Parameters: 3, [I@d21a74c, [J@6e509ffa</td>
<td></td>
<td>0</td>
<td>storm.starter.tools.SlidingWindowCounterTest@174d20a</td></tr>
<tr>
<td title='storm.starter.tools.SlidingWindowCounterTest.testCounterWithSimulatedRuns()'><b>testCounterWithSimulatedRuns</b><br>Test class: storm.starter.tools.SlidingWindowCounterTest<br>Parameters: 4, [I@2898ac89, [J@683dbc2c</td>
<td></td>
<td>0</td>
<td>storm.starter.tools.SlidingWindowCounterTest@174d20a</td></tr>
<tr>
<td title='storm.starter.tools.SlidingWindowCounterTest.testCounterWithSimulatedRuns()'><b>testCounterWithSimulatedRuns</b><br>Test class: storm.starter.tools.SlidingWindowCounterTest<br>Parameters: 5, [I@68267da0, [J@2638011</td>
<td></td>
<td>0</td>
<td>storm.starter.tools.SlidingWindowCounterTest@174d20a</td></tr>
<tr>
<td title='storm.starter.tools.SlidingWindowCounterTest.testCounterWithSimulatedRuns()'><b>testCounterWithSimulatedRuns</b><br>Test class: storm.starter.tools.SlidingWindowCounterTest<br>Parameters: 5, [I@6ff29830, [J@6a2b953e</td>
<td></td>
<td>0</td>
<td>storm.starter.tools.SlidingWindowCounterTest@174d20a</td></tr>
<tr>
<td title='storm.starter.tools.RankableObjectWithFieldsTest.toStringShouldContainStringRepresentationsOfObjectAndCount()'><b>toStringShouldContainStringRepresentationsOfObjectAndCount</b><br>Test class: storm.starter.tools.RankableObjectWithFieldsTest<br>Parameters: foo, 0</td>
<td></td>
<td>0</td>
<td>storm.starter.tools.RankableObjectWithFieldsTest@32d992b2</td></tr>
<tr>
<td title='storm.starter.tools.RankableObjectWithFieldsTest.toStringShouldContainStringRepresentationsOfObjectAndCount()'><b>toStringShouldContainStringRepresentationsOfObjectAndCount</b><br>Test class: storm.starter.tools.RankableObjectWithFieldsTest<br>Parameters: BAR, 8</td>
<td></td>
<td>0</td>
<td>storm.starter.tools.RankableObjectWithFieldsTest@32d992b2</td></tr>
<tr>
<td title='storm.starter.tools.SlidingWindowCounterTest.twoOrMoreSlotsShouldBeValid()'><b>twoOrMoreSlotsShouldBeValid</b><br>Test class: storm.starter.tools.SlidingWindowCounterTest<br>Parameters: 2</td>
<td></td>
<td>0</td>
<td>storm.starter.tools.SlidingWindowCounterTest@174d20a</td></tr>
<tr>
<td title='storm.starter.tools.SlidingWindowCounterTest.twoOrMoreSlotsShouldBeValid()'><b>twoOrMoreSlotsShouldBeValid</b><br>Test class: storm.starter.tools.SlidingWindowCounterTest<br>Parameters: 3</td>
<td></td>
<td>0</td>
<td>storm.starter.tools.SlidingWindowCounterTest@174d20a</td></tr>
<tr>
<td title='storm.starter.tools.SlidingWindowCounterTest.twoOrMoreSlotsShouldBeValid()'><b>twoOrMoreSlotsShouldBeValid</b><br>Test class: storm.starter.tools.SlidingWindowCounterTest<br>Parameters: 20</td>
<td></td>
<td>0</td>
<td>storm.starter.tools.SlidingWindowCounterTest@174d20a</td></tr>
<tr>
<td title='storm.starter.tools.RankingsTest.updatingWithNewRankablesShouldBeThreadSafe()'><b>updatingWithNewRankablesShouldBeThreadSafe</b><br>Test class: storm.starter.tools.RankingsTest</td>
<td></td>
<td>0</td>
<td>storm.starter.tools.RankingsTest@5d5eef3d</td></tr>
<tr>
<td title='storm.starter.tools.RankableObjectWithFieldsTest.verifyCompareTo()'><b>verifyCompareTo</b><br>Test class: storm.starter.tools.RankableObjectWithFieldsTest<br>Parameters: [foo|1000], [foo|0], 1</td>
<td></td>
<td>0</td>
<td>storm.starter.tools.RankableObjectWithFieldsTest@32d992b2</td></tr>
<tr>
<td title='storm.starter.tools.RankableObjectWithFieldsTest.verifyCompareTo()'><b>verifyCompareTo</b><br>Test class: storm.starter.tools.RankableObjectWithFieldsTest<br>Parameters: [foo|1], [foo|0], 1</td>
<td></td>
<td>0</td>
<td>storm.starter.tools.RankableObjectWithFieldsTest@32d992b2</td></tr>
<tr>
<td title='storm.starter.tools.RankableObjectWithFieldsTest.verifyCompareTo()'><b>verifyCompareTo</b><br>Test class: storm.starter.tools.RankableObjectWithFieldsTest<br>Parameters: [foo|1000], [bar|0], 1</td>
<td></td>
<td>0</td>
<td>storm.starter.tools.RankableObjectWithFieldsTest@32d992b2</td></tr>
<tr>
<td title='storm.starter.tools.RankableObjectWithFieldsTest.verifyCompareTo()'><b>verifyCompareTo</b><br>Test class: storm.starter.tools.RankableObjectWithFieldsTest<br>Parameters: [foo|1], [bar|0], 1</td>
<td></td>
<td>0</td>
<td>storm.starter.tools.RankableObjectWithFieldsTest@32d992b2</td></tr>
<tr>
<td title='storm.starter.tools.RankableObjectWithFieldsTest.verifyCompareTo()'><b>verifyCompareTo</b><br>Test class: storm.starter.tools.RankableObjectWithFieldsTest<br>Parameters: [foo|0], [foo|0], 0</td>
<td></td>
<td>0</td>
<td>storm.starter.tools.RankableObjectWithFieldsTest@32d992b2</td></tr>
<tr>
<td title='storm.starter.tools.RankableObjectWithFieldsTest.verifyCompareTo()'><b>verifyCompareTo</b><br>Test class: storm.starter.tools.RankableObjectWithFieldsTest<br>Parameters: [foo|0], [bar|0], 0</td>
<td></td>
<td>0</td>
<td>storm.starter.tools.RankableObjectWithFieldsTest@32d992b2</td></tr>
<tr>
<td title='storm.starter.tools.RankableObjectWithFieldsTest.verifyCompareTo()'><b>verifyCompareTo</b><br>Test class: storm.starter.tools.RankableObjectWithFieldsTest<br>Parameters: [foo|0], [foo|1000], -1</td>
<td></td>
<td>0</td>
<td>storm.starter.tools.RankableObjectWithFieldsTest@32d992b2</td></tr>
<tr>
<td title='storm.starter.tools.RankableObjectWithFieldsTest.verifyCompareTo()'><b>verifyCompareTo</b><br>Test class: storm.starter.tools.RankableObjectWithFieldsTest<br>Parameters: [foo|0], [foo|1], -1</td>
<td></td>
<td>0</td>
<td>storm.starter.tools.RankableObjectWithFieldsTest@32d992b2</td></tr>
<tr>
<td title='storm.starter.tools.RankableObjectWithFieldsTest.verifyCompareTo()'><b>verifyCompareTo</b><br>Test class: storm.starter.tools.RankableObjectWithFieldsTest<br>Parameters: [foo|0], [bar|1], -1</td>
<td></td>
<td>0</td>
<td>storm.starter.tools.RankableObjectWithFieldsTest@32d992b2</td></tr>
<tr>
<td title='storm.starter.tools.RankableObjectWithFieldsTest.verifyCompareTo()'><b>verifyCompareTo</b><br>Test class: storm.starter.tools.RankableObjectWithFieldsTest<br>Parameters: [foo|0], [bar|1000], -1</td>
<td></td>
<td>0</td>
<td>storm.starter.tools.RankableObjectWithFieldsTest@32d992b2</td></tr>
<tr>
<td title='storm.starter.tools.SlotBasedCounterTest.wipeSlotShouldSetAllCountsInSlotToZero()'><b>wipeSlotShouldSetAllCountsInSlotToZero</b><br>Test class: storm.starter.tools.SlotBasedCounterTest</td>
<td></td>
<td>0</td>
<td>storm.starter.tools.SlotBasedCounterTest@23ceabc1</td></tr>
<tr>
<td title='storm.starter.tools.SlotBasedCounterTest.wipeZerosShouldRemoveAnyObjectsWithZeroTotalCount()'><b>wipeZerosShouldRemoveAnyObjectsWithZeroTotalCount</b><br>Test class: storm.starter.tools.SlotBasedCounterTest</td>
<td></td>
<td>0</td>
<td>storm.starter.tools.SlotBasedCounterTest@23ceabc1</td></tr>
</table><p>
</body>
</html>